0.680000066757	27.2	1545.932	1546.093	
1.67600011826	26.9	1545.938	1546.098	
2.68300008774	26.6	1545.938	1546.093	
3.67900013924	26.3	1545.938	1546.093	
4.67499995232	26.1	1545.938	1546.098	
5.68300008774	25.8	1545.938	1546.099	
6.67900013924	25.7	1545.938	1546.099	
7.67600011826	25.5	1545.938	1546.099	
8.68400001526	25.4	1545.938	1546.093	
9.68000006676	25.2	1545.938	1546.098	
10.6649999619	25.1	1545.933	1546.093	
11.6830000877	25.0	1545.932	1546.098	
12.6790001392	24.8	1545.933	1546.093	
13.6760001183	24.7	1545.933	1546.098	
14.6830000877	24.6	1545.938	1546.093	
15.6749999523	24.4	1545.933	1546.093	
16.6760001183	24.3	1545.933	1546.099	
17.6830000877	24.2	1545.944	1546.098	
18.6790001392	24.1	1545.932	1546.098	
19.6749999523	24.0	1545.933	1546.093	
20.6830000877	24.0	1545.938	1546.093	
21.6809999943	23.9	1545.938	1546.099	
22.6760001183	23.8	1545.933	1546.087	
23.6820001602	23.7	1545.938	1546.103	
24.6820001602	23.7	1545.944	1546.098	
25.6749999523	23.5	1545.939	1546.097	
26.6840000153	23.5	1545.938	1546.092	
27.6779999733	23.4	1545.933	1546.097	
28.6760001183	23.4	1545.938	1546.091	
29.6830000877	23.3	1545.944	1546.092	
30.6790001392	23.3	1545.944	1546.097	
31.6770000458	23.2	1545.944	1546.091	
32.6820001602	23.2	1545.944	1546.091	
33.6779999733	23.2	1545.939	1546.097	
34.6749999523	23.2	1545.938	1546.092	
35.6840000153	23.2	1545.938	1546.102	
36.6760001183	23.2	1545.938	1546.097	
37.6760001183	23.2	1545.944	1546.091	
38.6830000877	23.1	1545.939	1546.097	
39.6790001392	23.1	1545.944	1546.092	
40.6760001183	23.1	1545.938	1546.092	
41.6679999828	23.1	1545.938	1546.092	
42.6800000668	23.1	1545.939	1546.092	
43.6640000343	23.1	1545.944	1546.092	
44.6640000343	23.0	1545.938	1546.098	
45.6790001392	23.1	1545.938	1546.097	
46.6860001087	23.1	1545.944	1546.097	
47.6820001602	23.1	1545.938	1546.098	
48.6800000668	23.1	1545.938	1546.098	
49.6770000458	23.1	1545.944	1546.098	
50.6830000877	23.1	1545.927	1546.098	
51.6790001392	23.1	1545.938	1546.104	
52.6749999523	23.1	1545.938	1546.098	
53.6820001602	23.0	1545.938	1546.092	
54.6800000668	23.0	1545.944	1546.092	
55.6740000248	23.0	1545.933	1546.098	
56.6820001602	23.0	1545.938	1546.097	
57.6790001392	23.0	1545.938	1546.098	
58.6760001183	23.0	1545.938	1546.098	
59.6820001602	23.0	1545.938	1546.098	
60.6820001602	23.0	1545.933	1546.098	
61.6760001183	23.0	1545.938	1546.098	
62.6730000973	23.0	1545.944	1546.098	
63.6790001392	23.0	1545.938	1546.103	
64.6770000458	22.9	1545.938	1546.097	
65.6830000877	22.9	1545.944	1546.098	
66.6790001392	22.9	1545.938	1546.092	
67.6670000553	22.8	1545.938	1546.098	
68.6820001602	22.8	1545.943	1546.098	
69.6790001392	22.8	1545.944	1546.093	
70.6749999523	22.8	1545.944	1546.092	
71.6840000153	22.8	1545.938	1546.093	
72.6800000668	22.8	1545.944	1546.103	
73.6740000248	22.8	1545.938	1546.098	
74.6830000877	22.8	1545.938	1546.098	
75.6790001392	22.8	1545.938	1546.093	
76.6740000248	22.8	1545.933	1546.092	
77.6840000153	22.8	1545.944	1546.093	
78.6779999733	22.8	1545.938	1546.098	
79.6760001183	22.8	1545.944	1546.087	
80.6830000877	22.8	1545.932	1546.104	
81.6779999733	22.8	1545.938	1546.098	
82.6760001183	22.8	1545.932	1546.093	
83.6840000153	22.8	1545.932	1546.098	
84.6820001602	22.8	1545.938	1546.092	
85.6760001183	22.8	1545.939	1546.093	
86.6820001602	22.8	1545.932	1546.092	
87.6800000668	22.8	1545.938	1546.099	
88.6749999523	22.8	1545.938	1546.093	
89.6830000877	22.8	1545.938	1546.093	
90.6790001392	22.8	1545.938	1546.086	
91.6770000458	22.8	1545.938	1546.098	
92.6830000877	22.8	1545.944	1546.093	
93.6670000553	22.7	1545.938	1546.092	
94.6740000248	22.7	1545.938	1546.092	
95.6830000877	22.7	1545.932	1546.103	
96.6790001392	22.7	1545.944	1546.099	
97.6749999523	22.7	1545.938	1546.098	
98.6830000877	22.7	1545.938	1546.088	
99.6790001392	22.7	1545.933	1546.098	
100.676000118	22.7	1545.939	1546.093	
101.683000088	22.7	1545.938	1546.098	
102.679000139	22.7	1545.944	1546.098	
103.676000118	22.7	1545.944	1546.092	
104.673000097	22.7	1545.938	1546.098	
105.680000067	22.7	1545.933	1546.099	
106.676000118	22.7	1545.933	1546.098	
107.683000088	22.7	1545.938	1546.093	
108.679000139	22.7	1545.944	1546.092	
109.676000118	22.7	1545.938	1546.093	
110.68200016	22.7	1545.938	1546.093	
111.680000067	22.7	1545.944	1546.098	
112.677000046	22.7	1545.933	1546.087	
113.684999943	22.7	1545.932	1546.093	
114.683000088	22.7	1545.938	1546.098	
115.676000118	22.7	1545.938	1546.092	
116.68200016	22.8	1545.938	1546.098	
117.679000139	22.8	1545.944	1546.093	
118.676000118	22.8	1545.933	1546.093	
119.666000128	22.7	1545.933	1546.092	
120.679000139	22.7	1545.944	1546.099	
121.674999952	22.7	1545.932	1546.093	
122.683000088	22.7	1545.938	1546.099	
123.679000139	22.7	1545.938	1546.092	
124.674999952	22.7	1545.932	1546.098	
125.683000088	22.7	1545.938	1546.098	
126.679000139	22.7	1545.933	1546.093	
127.676000118	22.7	1545.938	1546.092	
128.68200016	22.7	1545.938	1546.092	
129.679000139	22.7	1545.938	1546.092	
130.674999952	22.7	1545.932	1546.103	
131.683000088	22.7	1545.938	1546.093	
132.679000139	22.8	1545.938	1546.093	
133.677000046	22.8	1545.938	1546.099	
134.68200016	22.8	1545.938	1546.093	
135.679000139	22.8	1545.938	1546.093	
136.674999952	22.8	1545.927	1546.093	
137.68200016	22.8	1545.944	1546.104	
138.680999994	22.8	1545.944	1546.093	
139.674000025	22.8	1545.938	1546.092	
140.683000088	22.8	1545.944	1546.099	
141.679000139	22.8	1545.939	1546.093	
142.674999952	22.8	1545.932	1546.098	
143.683000088	22.8	1545.938	1546.098	
144.680999994	22.8	1545.938	1546.092	
145.666000128	22.8	1545.932	1546.098	
146.683000088	22.8	1545.938	1546.098	
147.683000088	22.8	1545.938	1546.098	
148.674999952	22.8	1545.944	1546.099	
149.68200016	22.8	1545.944	1546.093	
150.677999973	22.8	1545.938	1546.093	
151.676000118	22.8	1545.932	1546.098	
152.683000088	22.8	1545.938	1546.098	
153.679000139	22.7	1545.944	1546.092	
154.674000025	22.7	1545.932	1546.092	
155.683000088	22.8	1545.938	1546.093	
156.679000139	22.8	1545.938	1546.093	
157.674999952	22.7	1545.944	1546.098	
158.68200016	22.7	1545.944	1546.093	
159.679000139	22.7	1545.938	1546.098	
160.674000025	22.7	1545.932	1546.093	
161.684000015	22.7	1545.933	1546.098	
162.677999973	22.7	1545.938	1546.098	
163.674999952	22.7	1545.938	1546.098	
164.68200016	22.7	1545.938	1546.093	
165.679000139	22.7	1545.938	1546.099	
166.674999952	22.7	1545.950	1546.092	
167.684000015	22.7	1545.944	1546.098	
168.680000067	22.7	1545.938	1546.092	
169.676000118	22.7	1545.938	1546.087	
170.68200016	22.7	1545.944	1546.093	
171.664000034	22.7	1545.938	1546.093	
172.676000118	22.7	1545.938	1546.093	
173.68200016	22.8	1545.944	1546.092	
174.680999994	22.8	1545.933	1546.093	
175.676000118	22.8	1545.938	1546.098	
176.67200017	22.8	1545.933	1546.098	
177.68200016	22.8	1545.944	1546.098	
178.676000118	22.8	1545.933	1546.099	
179.684000015	22.8	1545.944	1546.092	
180.679000139	22.8	1545.944	1546.093	
181.674999952	22.8	1545.938	1546.098	
182.683000088	22.7	1545.944	1546.087	
183.680000067	22.8	1545.938	1546.092	
184.674000025	22.8	1545.933	1546.093	
185.684000015	22.8	1545.949	1546.092	
186.679000139	22.8	1545.944	1546.093	
187.674999952	22.7	1545.939	1546.093	
188.683000088	22.7	1545.938	1546.087	
189.679000139	22.7	1545.938	1546.098	
190.676000118	22.7	1545.944	1546.099	
191.683000088	22.7	1545.938	1546.093	
192.679000139	22.7	1545.933	1546.104	
193.674999952	22.7	1545.938	1546.093	
194.680999994	22.6	1545.938	1546.093	
195.679000139	22.6	1545.938	1546.093	
196.676000118	22.6	1545.933	1546.093	
197.68200016	22.6	1545.944	1546.093	
198.680000067	22.6	1545.932	1546.093	
199.674999952	22.6	1545.944	1546.098	
200.680999994	22.7	1545.933	1546.098	
201.677999973	22.7	1545.938	1546.093	
202.666000128	22.7	1545.932	1546.093	
203.684000015	22.7	1545.938	1546.099	
204.68200016	22.6	1545.949	1546.098	
205.674000025	22.6	1545.938	1546.093	
206.680999994	22.7	1545.933	1546.098	
207.677999973	22.7	1545.933	1546.098	
208.673000097	22.7	1545.944	1546.104	
209.68200016	22.7	1545.938	1546.098	
210.679000139	22.7	1545.938	1546.098	
211.674999952	22.6	1545.932	1546.098	
212.684000015	22.6	1545.938	1546.098	
213.677999973	22.7	1545.938	1546.093	
214.674999952	22.6	1545.944	1546.093	
215.68200016	22.6	1545.938	1546.098	
216.677999973	22.7	1545.938	1546.086	
217.674000025	22.7	1545.944	1546.093	
218.680999994	22.7	1545.938	1546.093	
219.677999973	22.7	1545.933	1546.087	
220.674999952	22.7	1545.938	1546.098	
221.680000067	22.7	1545.932	1546.093	
222.677999973	22.7	1545.938	1546.099	
223.674000025	22.7	1545.938	1546.093	
224.68200016	22.7	1545.944	1546.093	
225.677999973	22.7	1545.944	1546.093	
226.674000025	22.7	1545.938	1546.098	
227.680000067	22.7	1545.933	1546.093	
228.664999962	22.7	1545.938	1546.093	
229.673000097	22.7	1545.932	1546.098	
230.684000015	22.7	1545.938	1546.093	
231.677999973	22.7	1545.938	1546.098	
232.674999952	22.7	1545.938	1546.093	
233.680000067	22.7	1545.938	1546.093	
234.680999994	22.7	1545.933	1546.093	
235.674000025	22.7	1545.944	1546.098	
236.680999994	22.7	1545.933	1546.093	
237.677999973	22.7	1545.932	1546.093	
238.674000025	22.7	1545.938	1546.093	
239.68200016	22.7	1545.944	1546.098	
240.677999973	22.7	1545.927	1546.098	
241.67200017	22.7	1545.938	1546.093	
242.68200016	22.7	1545.944	1546.098	
243.669000149	22.7	1545.938	1546.093	
244.664999962	22.7	1545.938	1546.093	
245.664999962	22.6	1545.938	1546.098	
246.664999962	22.7	1545.932	1546.087	
247.674000025	22.7	1545.938	1546.093	
248.680999994	22.7	1545.950	1546.099	
249.677000046	22.7	1545.938	1546.093	
250.674000025	22.7	1545.932	1546.093	
251.674999952	22.7	1545.938	1546.093	
252.663000107	22.7	1545.949	1546.093	
253.674000025	22.7	1545.938	1546.093	
254.674999952	22.7	1545.938	1546.093	
255.667000055	22.7	1545.938	1546.092	
256.663000107	22.7	1545.938	1546.098	
257.666000128	22.7	1545.938	1546.093	
258.671000004	22.7	1545.938	1546.093	
259.677000046	22.7	1545.932	1546.093	
260.670000076	22.7	1545.938	1546.092	
261.670000076	22.7	1545.944	1546.092	
262.664999962	22.7	1545.938	1546.087	
263.663000107	22.7	1545.938	1546.092	
264.667999983	22.6	1545.938	1546.093	
265.674000025	22.6	1545.938	1546.093	
266.663000107	22.6	1545.932	1546.098	
267.664999962	22.6	1545.938	1546.093	
268.663000107	22.6	1545.938	1546.098	
269.671000004	22.6	1545.944	1546.093	
270.67200017	22.6	1545.944	1546.098	
271.67200017	22.6	1545.932	1546.093	
272.67200017	22.6	1545.938	1546.093	
273.667999983	22.6	1545.932	1546.098	
274.663000107	22.6	1545.938	1546.093	
275.677000046	22.6	1545.938	1546.093	
276.671000004	22.6	1545.938	1546.098	
277.667000055	22.6	1545.944	1546.098	
278.664000034	22.6	1545.938	1546.092	
279.667999983	22.6	1545.932	1546.093	
280.669000149	22.6	1545.944	1546.098	
281.666000128	22.6	1545.938	1546.093	
282.680000067	22.6	1545.944	1546.093	
283.674999952	22.6	1545.932	1546.093	
284.68200016	22.6	1545.938	1546.093	
285.677999973	22.6	1545.938	1546.098	
286.663000107	22.6	1545.938	1546.098	
287.666000128	22.6	1545.944	1546.092	
288.679000139	22.6	1545.938	1546.092	
289.669000149	22.6	1545.939	1546.093	
290.686000109	22.6	1545.932	1546.098	
291.68200016	22.6	1545.938	1546.093	
292.674999952	22.6	1545.944	1546.092	
293.68200016	22.6	1545.938	1546.092	
294.67200017	22.6	1545.932	1546.098	
295.676000118	22.6	1545.938	1546.098	
296.667999983	22.6	1545.950	1546.092	
297.679000139	22.6	1545.938	1546.098	
298.67200017	22.6	1545.938	1546.099	
299.67200017	22.6	1545.950	1546.093	
300.664000034	22.6	1545.938	1546.088	
301.663000107	22.6	1545.938	1546.093	
302.669000149	22.6	1545.944	1546.098	
303.664999962	22.6	1545.944	1546.092	
304.666000128	22.6	1545.938	1546.092	
305.664000034	22.6	1545.938	1546.098	
306.664999962	22.6	1545.938	1546.098	
307.674000025	22.6	1545.938	1546.093	
308.687000036	22.6	1545.938	1546.093	
309.679000139	22.6	1545.933	1546.099	
310.666000128	22.6	1545.938	1546.093	
311.667000055	22.6	1545.938	1546.092	
312.664999962	22.6	1545.938	1546.098	
313.674999952	22.6	1545.944	1546.098	
314.687000036	22.6	1545.938	1546.092	
315.663000107	22.6	1545.938	1546.092	
316.667999983	22.6	1545.938	1546.098	
317.663000107	22.6	1545.938	1546.093	
318.667000055	22.6	1545.944	1546.098	
319.673000097	22.5	1545.938	1546.098	
320.67200017	22.6	1545.938	1546.093	
321.663000107	22.6	1545.933	1546.093	
322.671000004	22.6	1545.932	1546.099	
323.664000034	22.6	1545.932	1546.093	
324.673000097	22.6	1545.938	1546.093	
325.666000128	22.5	1545.938	1546.098	
326.667000055	22.6	1545.938	1546.093	
327.663000107	22.6	1545.938	1546.093	
328.67200017	22.6	1545.932	1546.092	
329.674000025	22.6	1545.944	1546.093	
330.680999994	22.6	1545.932	1546.093	
331.664000034	22.5	1545.938	1546.092	
332.683000088	22.5	1545.944	1546.093	
333.68200016	22.5	1545.938	1546.098	
334.677000046	22.5	1545.938	1546.098	
335.683000088	22.5	1545.932	1546.098	
336.679000139	22.6	1545.932	1546.092	
337.667999983	22.6	1545.944	1546.093	
338.673000097	22.6	1545.938	1546.087	
339.677999973	22.5	1545.933	1546.093	
340.663000107	22.6	1545.938	1546.093	
341.663000107	22.6	1545.944	1546.098	
342.663000107	22.6	1545.944	1546.097	
343.674999952	22.6	1545.944	1546.098	
344.664000034	22.6	1545.938	1546.092	
345.666000128	22.6	1545.944	1546.098	
346.663000107	22.6	1545.938	1546.104	
347.666000128	22.5	1545.933	1546.098	
348.679000139	22.5	1545.944	1546.099	
349.667999983	22.6	1545.932	1546.098	
350.669000149	22.6	1545.944	1546.093	
351.664000034	22.6	1545.939	1546.098	
352.674999952	22.6	1545.938	1546.104	
353.663000107	22.6	1545.938	1546.092	
354.680000067	22.6	1545.944	1546.093	
355.674999952	22.6	1545.950	1546.092	
356.690000057	22.6	1545.938	1546.098	
357.679000139	22.6	1545.933	1546.093	
358.670000076	22.6	1545.932	1546.092	
359.667000055	22.6	1545.933	1546.098	
360.679000139	22.6	1545.938	1546.093	
361.679000139	22.6	1545.939	1546.099	
362.663000107	22.6	1545.938	1546.098	
363.673000097	22.6	1545.938	1546.093	
364.674000025	22.6	1545.938	1546.098	
365.664999962	22.6	1545.938	1546.098	
366.664000034	22.6	1545.938	1546.093	
367.670000076	22.6	1545.944	1546.093	
368.664999962	22.6	1545.944	1546.092	
369.669000149	22.6	1545.938	1546.092	
370.666000128	22.6	1545.933	1546.098	
371.666000128	22.6	1545.938	1546.093	
372.679000139	22.6	1545.944	1546.092	
373.667000055	22.6	1545.944	1546.098	
374.669000149	22.6	1545.938	1546.092	
375.679000139	22.6	1545.932	1546.093	
376.674000025	22.6	1545.933	1546.098	
377.690000057	22.6	1545.938	1546.098	
378.667999983	22.6	1545.938	1546.093	
379.674999952	22.6	1545.938	1546.093	
380.684000015	22.6	1545.932	1546.093	
381.680000067	22.6	1545.938	1546.098	
382.669000149	22.6	1545.933	1546.093	
383.666000128	22.6	1545.944	1546.098	
384.680000067	22.6	1545.933	1546.093	
385.676000118	22.7	1545.938	1546.092	
386.666000128	22.7	1545.938	1546.093	
387.671000004	22.7	1545.938	1546.098	
388.664999962	22.7	1545.932	1546.092	
389.663000107	22.7	1545.938	1546.093	
390.677999973	22.7	1545.950	1546.098	
391.674999952	22.7	1545.933	1546.092	
392.664000034	22.7	1545.938	1546.098	
393.679000139	22.7	1545.944	1546.098	
394.664999962	22.7	1545.933	1546.098	
395.684000015	22.7	1545.938	1546.098	
396.680000067	22.7	1545.944	1546.093	
397.667000055	22.7	1545.938	1546.092	
398.684000015	22.7	1545.933	1546.098	
399.68200016	22.7	1545.944	1546.092	
400.68200016	22.7	1545.938	1546.093	
401.669000149	22.7	1545.950	1546.099	
402.679000139	22.7	1545.938	1546.093	
403.666000128	22.6	1545.932	1546.094	
404.683000088	22.6	1545.944	1546.092	
405.679000139	22.6	1545.938	1546.093	
406.667999983	22.6	1545.938	1546.093	
407.684999943	22.6	1545.932	1546.098	
408.679000139	22.6	1545.932	1546.093	
409.676000118	22.6	1545.938	1546.092	
410.684000015	22.6	1545.932	1546.099	
411.680999994	22.7	1545.938	1546.104	
412.677000046	22.7	1545.938	1546.092	
413.670000076	22.7	1545.944	1546.098	
414.68200016	22.7	1545.933	1546.098	
415.674999952	22.7	1545.932	1546.098	
416.664000034	22.7	1545.938	1546.093	
417.666000128	22.7	1545.944	1546.098	
418.676000118	22.7	1545.933	1546.099	
419.670000076	22.7	1545.950	1546.087	
420.670000076	22.7	1545.938	1546.098	
421.674999952	22.7	1545.938	1546.103	
422.68900013	22.7	1545.932	1546.092	
423.679000139	22.7	1545.938	1546.098	
424.676000118	22.7	1545.944	1546.093	
425.684999943	22.7	1545.932	1546.098	
426.673000097	22.6	1545.938	1546.098	
427.684000015	22.7	1545.938	1546.109	
428.686000109	22.6	1545.932	1546.098	
429.679000139	22.6	1545.938	1546.092	
430.677000046	22.6	1545.938	1546.092	
431.666000128	22.6	1545.938	1546.092	
432.680000067	22.6	1545.932	1546.093	
433.669000149	22.6	1545.933	1546.098	
434.680000067	22.6	1545.944	1546.098	
435.680000067	22.6	1545.944	1546.093	
436.676000118	22.7	1545.932	1546.099	
437.683000088	22.6	1545.938	1546.093	
438.667999983	22.7	1545.938	1546.099	
439.674999952	22.7	1545.944	1546.098	
440.684000015	22.7	1545.938	1546.098	
441.680999994	22.7	1545.938	1546.093	
442.679000139	22.7	1545.938	1546.098	
443.687999964	22.7	1545.932	1546.099	
444.686000109	22.7	1545.939	1546.092	
445.677000046	22.7	1545.932	1546.093	
446.666000128	22.7	1545.932	1546.093	
447.680000067	22.7	1545.933	1546.098	
448.679000139	22.7	1545.938	1546.098	
449.687000036	22.7	1545.938	1546.087	
450.68200016	22.7	1545.938	1546.092	
451.674999952	22.7	1545.938	1546.098	
452.690000057	22.7	1545.938	1546.093	
453.667000055	22.7	1545.932	1546.098	
454.664000034	22.7	1545.938	1546.093	
455.664999962	22.7	1545.933	1546.098	
456.664999962	22.7	1545.939	1546.098	
457.664000034	22.7	1545.932	1546.093	
458.677000046	22.7	1545.938	1546.098	
459.684000015	22.7	1545.933	1546.098	
460.679000139	22.7	1545.938	1546.098	
461.669000149	22.7	1545.944	1546.099	
462.684000015	22.7	1545.933	1546.098	
463.680000067	22.7	1545.938	1546.093	
464.676000118	22.7	1545.939	1546.098	
465.684000015	22.7	1545.932	1546.099	
466.67200017	22.7	1545.932	1546.093	
467.676000118	22.7	1545.933	1546.098	
468.684000015	22.7	1545.938	1546.098	
469.684999943	22.7	1545.933	1546.098	
470.676000118	22.7	1545.933	1546.093	
471.68200016	22.7	1545.938	1546.092	
472.680000067	22.7	1545.944	1546.093	
473.677000046	22.7	1545.938	1546.098	
474.68900013	22.7	1545.938	1546.098	
475.680999994	22.7	1545.938	1546.093	
476.674999952	22.7	1545.933	1546.093	
477.687999964	22.7	1545.944	1546.098	
478.680000067	22.7	1545.938	1546.098	
479.676000118	22.7	1545.938	1546.087	
480.68200016	22.7	1545.944	1546.092	
481.68200016	22.7	1545.938	1546.098	
482.674999952	22.7	1545.938	1546.093	
483.684000015	22.7	1545.933	1546.099	
484.680999994	22.7	1545.938	1546.098	
485.674999952	22.7	1545.933	1546.093	
486.670000076	22.7	1545.938	1546.098	
487.680999994	22.7	1545.938	1546.092	
488.677000046	22.7	1545.933	1546.098	
489.68900013	22.7	1545.944	1546.099	
490.680999994	22.7	1545.938	1546.093	
491.677000046	22.7	1545.938	1546.098	
492.667000055	22.7	1545.939	1546.098	
493.680999994	22.7	1545.938	1546.092	
494.676000118	22.7	1545.933	1546.098	
495.684000015	22.7	1545.938	1546.092	
496.680000067	22.7	1545.933	1546.092	
497.677999973	22.7	1545.938	1546.092	
498.684000015	22.7	1545.938	1546.093	
499.680000067	22.7	1545.932	1546.098	
500.677000046	22.7	1545.938	1546.093	
501.683000088	22.7	1545.932	1546.092	
502.680999994	22.7	1545.939	1546.093	
503.68200016	22.7	1545.932	1546.098	
504.690000057	22.7	1545.938	1546.087	
505.680000067	22.7	1545.938	1546.092	
506.677000046	22.7	1545.933	1546.098	
507.686000109	22.7	1545.938	1546.093	
508.680000067	22.7	1545.932	1546.098	
509.674999952	22.7	1545.938	1546.098	
510.683000088	22.7	1545.938	1546.093	
511.680999994	22.7	1545.938	1546.092	
512.677000046	22.7	1545.938	1546.087	
513.687000036	22.7	1545.938	1546.098	
514.680000067	22.7	1545.944	1546.099	
515.664000034	22.7	1545.938	1546.098	
516.666000128	22.7	1545.944	1546.092	
517.680000067	22.7	1545.932	1546.093	
518.667000055	22.7	1545.932	1546.093	
519.683000088	22.7	1545.949	1546.098	
520.679000139	22.7	1545.938	1546.098	
521.674999952	22.7	1545.932	1546.092	
522.683000088	22.7	1545.938	1546.098	
523.680000067	22.7	1545.938	1546.093	
524.676000118	22.7	1545.938	1546.093	
525.684000015	22.7	1545.933	1546.092	
526.680000067	22.7	1545.938	1546.093	
527.676000118	22.7	1545.938	1546.092	
528.687999964	22.7	1545.932	1546.099	
529.680000067	22.7	1545.938	1546.098	
530.676000118	22.7	1545.927	1546.093	
531.684000015	22.7	1545.944	1546.092	
532.680000067	22.7	1545.944	1546.093	
533.676000118	22.7	1545.944	1546.098	
534.686000109	22.7	1545.938	1546.092	
535.680000067	22.6	1545.932	1546.099	
536.674999952	22.6	1545.933	1546.093	
537.683000088	22.6	1545.932	1546.098	
538.679000139	22.7	1545.938	1546.098	
539.677000046	22.6	1545.938	1546.092	
540.684000015	22.6	1545.932	1546.098	
541.680000067	22.6	1545.938	1546.092	
542.677000046	22.6	1545.944	1546.098	
543.68200016	22.6	1545.944	1546.098	
544.667000055	22.6	1545.932	1546.092	
545.676000118	22.6	1545.938	1546.099	
546.683000088	22.6	1545.938	1546.098	
547.680999994	22.6	1545.944	1546.098	
548.676000118	22.6	1545.944	1546.098	
549.684000015	22.6	1545.938	1546.099	
550.680000067	22.6	1545.938	1546.098	
551.676000118	22.6	1545.932	1546.093	
552.683000088	22.6	1545.933	1546.093	
553.680000067	22.6	1545.933	1546.093	
554.680000067	22.6	1545.933	1546.092	
555.684999943	22.6	1545.933	1546.098	
556.680000067	22.6	1545.950	1546.099	
557.674999952	22.6	1545.938	1546.099	
558.687000036	22.6	1545.944	1546.099	
559.680999994	22.6	1545.939	1546.093	
560.677000046	22.6	1545.938	1546.099	
561.68200016	22.6	1545.938	1546.098	
562.679000139	22.6	1545.939	1546.098	
563.676000118	22.6	1545.938	1546.098	
564.690999985	22.6	1545.944	1546.098	
565.663000107	22.6	1545.932	1546.099	
566.676000118	22.6	1545.938	1546.099	
567.686000109	22.6	1545.944	1546.098	
568.680000067	22.6	1545.938	1546.098	
569.676000118	22.6	1545.944	1546.099	
570.68900013	22.6	1545.939	1546.093	
571.680000067	22.6	1545.938	1546.098	
572.674999952	22.6	1545.938	1546.098	
573.683000088	22.6	1545.933	1546.093	
574.680000067	22.6	1545.944	1546.093	
575.676000118	22.6	1545.944	1546.098	
576.684000015	22.6	1545.933	1546.098	
577.679000139	22.6	1545.938	1546.098	
578.674000025	22.6	1545.938	1546.092	
579.68200016	22.6	1545.932	1546.098	
580.680000067	22.6	1545.938	1546.098	
581.677999973	22.6	1545.932	1546.092	
582.68200016	22.6	1545.932	1546.093	
583.679000139	22.6	1545.944	1546.098	
584.677999973	22.6	1545.933	1546.093	
585.684000015	22.6	1545.932	1546.098	
586.680000067	22.6	1545.933	1546.093	
587.663000107	22.7	1545.944	1546.093	
588.683000088	22.6	1545.939	1546.093	
589.680000067	22.7	1545.933	1546.099	
590.676000118	22.6	1545.938	1546.093	
591.666000128	22.6	1545.938	1546.098	
592.680999994	22.6	1545.933	1546.093	
593.677000046	22.6	1545.938	1546.098	
594.690000057	22.6	1545.938	1546.087	
595.680000067	22.6	1545.938	1546.098	
596.676000118	22.6	1545.932	1546.104	
597.680999994	22.6	1545.933	1546.093	
598.679000139	22.6	1545.938	1546.098	
599.676000118	22.6	1545.944	1546.093	
600.684000015	22.6	1545.944	1546.092	
601.680000067	22.6	1545.938	1546.092	
602.676000118	22.6	1545.938	1546.099	
603.68200016	22.6	1545.939	1546.098	
604.679000139	22.6	1545.944	1546.098	
605.674999952	22.6	1545.932	1546.093	
606.673000097	22.6	1545.944	1546.093	
607.680999994	22.6	1545.932	1546.092	
608.676000118	22.6	1545.933	1546.098	
609.684000015	22.6	1545.938	1546.092	
610.680000067	22.6	1545.938	1546.099	
611.674999952	22.6	1545.944	1546.093	
612.664000034	22.6	1545.944	1546.092	
613.679000139	22.6	1545.938	1546.098	
614.674999952	22.6	1545.938	1546.093	
615.684999943	22.6	1545.938	1546.092	
616.680000067	22.6	1545.938	1546.098	
617.667999983	22.6	1545.938	1546.098	
618.683000088	22.6	1545.944	1546.092	
619.680999994	22.6	1545.933	1546.098	
620.677000046	22.6	1545.938	1546.093	
621.683000088	22.6	1545.938	1546.098	
622.680000067	22.6	1545.932	1546.093	
623.674999952	22.6	1545.932	1546.092	
624.690000057	22.6	1545.938	1546.093	
625.680999994	22.6	1545.938	1546.098	
626.676000118	22.6	1545.932	1546.093	
627.683000088	22.6	1545.938	1546.098	
628.679000139	22.6	1545.938	1546.098	
629.676000118	22.6	1545.938	1546.093	
630.683000088	22.6	1545.938	1546.099	
631.680999994	22.6	1545.938	1546.092	
632.674999952	22.6	1545.938	1546.093	
633.683000088	22.6	1545.944	1546.098	
634.679000139	22.6	1545.932	1546.093	
635.676000118	22.6	1545.944	1546.098	
636.68200016	22.7	1545.938	1546.098	
637.680999994	25.2	1545.938	1546.092	
638.669000149	25.8	1545.938	1546.093	
639.683000088	26.2	1545.938	1546.098	
640.664000034	26.4	1545.933	1546.098	
641.667999983	26.5	1545.932	1546.098	
642.663000107	26.6	1545.933	1546.093	
643.680000067	25.8	1545.932	1546.098	
644.676000118	25.4	1545.932	1546.098	
645.664000034	25.2	1545.932	1546.092	
646.68200016	24.9	1545.939	1546.093	
647.674000025	24.6	1545.938	1546.092	
648.671000004	24.4	1545.943	1546.098	
649.683000088	24.3	1545.938	1546.092	
650.664000034	24.2	1545.939	1546.098	
651.683000088	24.2	1545.938	1546.092	
652.679000139	24.1	1545.939	1546.092	
653.674999952	24.0	1545.933	1546.098	
654.677999973	23.8	1545.944	1546.098	
655.680000067	23.7	1545.938	1546.102	
656.674000025	23.7	1545.944	1546.098	
657.684000015	23.7	1545.939	1546.093	
658.680000067	23.6	1545.944	1546.099	
659.676000118	23.5	1545.939	1546.093	
660.68200016	23.5	1545.938	1546.093	
661.680000067	23.4	1545.939	1546.099	
662.674999952	23.4	1545.944	1546.098	
663.667000055	23.4	1545.944	1546.097	
664.674000025	23.4	1545.933	1546.092	
665.667999983	23.4	1545.933	1546.097	
666.666000128	23.3	1545.933	1546.097	
667.674000025	23.3	1545.938	1546.097	
668.666000128	23.3	1545.938	1546.097	
669.669000149	23.2	1545.939	1546.097	
670.674000025	23.2	1545.939	1546.097	
671.667000055	23.1	1545.939	1546.097	
672.671000004	23.1	1545.938	1546.096	
673.680000067	23.1	1545.933	1546.091	
674.674999952	23.1	1545.938	1546.091	
675.68200016	23.0	1545.938	1546.085	
676.680999994	23.0	1545.944	1546.091	
677.676000118	23.0	1545.944	1546.097	
678.684999943	23.0	1545.944	1546.096	
679.680999994	23.0	1545.938	1546.096	
680.674999952	22.9	1545.944	1546.096	
681.68200016	22.9	1545.944	1546.091	
682.680000067	22.9	1545.938	1546.096	
683.669000149	22.9	1545.938	1546.097	
684.687000036	22.9	1545.938	1546.090	
685.667000055	22.9	1545.938	1546.096	
686.667999983	22.9	1545.938	1546.097	
687.684000015	22.9	1545.933	1546.097	
688.679000139	22.9	1545.933	1546.096	
689.676000118	22.9	1545.933	1546.096	
690.683000088	22.9	1545.938	1546.096	
691.680999994	22.9	1545.939	1546.090	
692.674999952	22.9	1545.939	1546.091	
693.671000004	22.8	1545.938	1546.096	
694.680000067	22.8	1545.938	1546.090	
695.676000118	22.8	1545.933	1546.096	
696.68200016	22.8	1545.938	1546.090	
697.680000067	22.8	1545.938	1546.096	
698.676000118	22.8	1545.938	1546.096	
699.687999964	22.8	1545.944	1546.096	
700.680000067	22.8	1545.944	1546.097	
701.676000118	22.8	1545.939	1546.090	
702.684999943	22.8	1545.938	1546.095	
703.680000067	22.8	1545.938	1546.096	
704.676000118	22.8	1545.938	1546.096	
705.683000088	22.8	1545.938	1546.091	
706.680000067	22.8	1545.944	1546.096	
707.677000046	22.8	1545.938	1546.096	
708.683000088	22.7	1545.944	1546.096	
709.680000067	22.7	1545.938	1546.097	
710.676000118	22.7	1545.932	1546.102	
711.667999983	22.7	1545.932	1546.096	
712.680000067	22.7	1545.938	1546.096	
713.677000046	22.7	1545.938	1546.090	
714.674999952	22.7	1545.939	1546.096	
715.680999994	22.8	1545.938	1546.096	
716.676000118	22.7	1545.944	1546.091	
717.684999943	22.7	1545.939	1546.096	
718.680000067	22.7	1545.938	1546.091	
719.677000046	22.7	1545.933	1546.091	
720.683000088	22.7	1545.933	1546.091	
721.680999994	22.7	1545.933	1546.090	
722.674999952	22.7	1545.944	1546.090	
723.687999964	22.7	1545.938	1546.096	
724.680000067	22.7	1545.938	1546.097	
725.677000046	22.7	1545.932	1546.091	
726.68200016	22.7	1545.939	1546.096	
727.680000067	22.7	1545.938	1546.096	
728.676000118	22.7	1545.939	1546.091	
729.684000015	22.7	1545.933	1546.091	
730.679000139	22.7	1545.938	1546.096	
731.674000025	22.7	1545.944	1546.096	
732.684000015	22.7	1545.933	1546.091	
733.680999994	22.7	1545.933	1546.097	
734.677999973	22.7	1545.938	1546.091	
735.684999943	22.7	1545.933	1546.091	
736.680000067	22.7	1545.933	1546.091	
737.667000055	22.7	1545.932	1546.091	
738.684999943	22.7	1545.939	1546.096	
739.680999994	22.7	1545.944	1546.091	
740.676000118	22.7	1545.943	1546.096	
741.683000088	22.8	1545.939	1546.096	
742.680000067	22.8	1545.932	1546.091	
743.677000046	22.8	1545.938	1546.097	
744.68900013	22.8	1545.944	1546.096	
745.677000046	22.8	1545.944	1546.091	
746.676000118	22.8	1545.944	1546.096	
747.664000034	22.8	1545.944	1546.096	
748.670000076	22.8	1545.939	1546.097	
749.674000025	22.8	1545.944	1546.096	
750.664999962	22.8	1545.938	1546.096	
751.677999973	22.9	1545.938	1546.090	
752.674999952	22.8	1545.938	1546.096	
753.669000149	22.8	1545.938	1546.091	
754.664000034	22.9	1545.944	1546.095	
755.664000034	22.9	1545.933	1546.096	
756.68200016	22.9	1545.938	1546.091	
757.680000067	22.9	1545.938	1546.091	
758.670000076	22.9	1545.932	1546.095	
759.68200016	22.8	1545.939	1546.090	
760.680000067	22.8	1545.938	1546.096	
761.677000046	22.9	1545.932	1546.096	
762.664000034	22.9	1545.938	1546.096	
763.666000128	22.9	1545.933	1546.096	
764.676000118	22.8	1545.938	1546.090	
765.683000088	22.8	1545.933	1546.096	
766.680000067	22.8	1545.932	1546.096	
767.676000118	22.8	1545.933	1546.096	
768.684000015	22.8	1545.938	1546.091	
769.680000067	22.8	1545.938	1546.090	
770.676000118	22.8	1545.938	1546.091	
771.683000088	22.8	1545.933	1546.090	
772.680000067	22.8	1545.938	1546.096	
773.676000118	22.8	1545.938	1546.085	
774.674999952	22.8	1545.933	1546.096	
775.679000139	22.8	1545.927	1546.091	
776.674999952	22.8	1545.938	1546.090	
777.684000015	22.8	1545.938	1546.096	
778.679000139	22.8	1545.932	1546.096	
779.677000046	22.8	1545.932	1546.091	
780.68200016	22.8	1545.938	1546.096	
781.680000067	22.7	1545.938	1546.091	
782.670000076	22.8	1545.938	1546.091	
783.674000025	22.7	1545.938	1546.096	
784.680000067	22.7	1545.933	1546.091	
785.677999973	22.7	1545.938	1546.097	
786.674000025	22.7	1545.932	1546.091	
787.664000034	22.7	1545.938	1546.096	
788.676000118	22.7	1545.938	1546.091	
789.664000034	22.7	1545.944	1546.091	
790.671000004	22.7	1545.938	1546.090	
791.676000118	22.7	1545.944	1546.090	
792.664000034	22.7	1545.938	1546.091	
793.667999983	22.7	1545.938	1546.091	
794.677000046	22.7	1545.933	1546.096	
795.684000015	22.7	1545.938	1546.085	
796.679000139	22.7	1545.944	1546.102	
797.676000118	22.8	1545.938	1546.091	
798.683000088	22.8	1545.938	1546.096	
799.684000015	22.8	1545.927	1546.096	
800.677000046	22.8	1545.938	1546.091	
801.677999973	22.8	1545.933	1546.085	
802.679000139	22.7	1545.938	1546.096	
803.669000149	22.7	1545.938	1546.085	
804.663000107	22.7	1545.938	1546.090	
805.669000149	22.7	1545.938	1546.097	
806.677000046	22.7	1545.944	1546.091	
807.684999943	22.7	1545.944	1546.097	
808.673000097	22.7	1545.938	1546.092	
809.677000046	22.7	1545.932	1546.091	
810.684000015	22.7	1545.932	1546.090	
811.680999994	22.7	1545.932	1546.096	
812.664999962	22.7	1545.944	1546.096	
813.674000025	22.7	1545.932	1546.085	
814.680000067	22.7	1545.938	1546.091	
815.680000067	22.7	1545.938	1546.097	
816.687999964	22.7	1545.932	1546.097	
817.680999994	22.7	1545.938	1546.096	
818.677000046	22.7	1545.933	1546.091	
819.684000015	22.7	1545.944	1546.091	
820.683000088	22.7	1545.938	1546.097	
821.674000025	22.7	1545.938	1546.096	
822.686000109	22.7	1545.938	1546.090	
823.667999983	22.7	1545.938	1546.096	
824.677000046	22.7	1545.938	1546.091	
825.684000015	22.7	1545.944	1546.090	
826.680999994	22.7	1545.938	1546.097	
827.679000139	22.7	1545.938	1546.091	
828.687999964	22.7	1545.943	1546.097	
829.671000004	22.7	1545.932	1546.102	
830.670000076	22.7	1545.938	1546.091	
831.684999943	22.7	1545.938	1546.091	
832.680000067	22.7	1545.938	1546.091	
833.664999962	22.7	1545.938	1546.096	
834.687999964	22.7	1545.938	1546.091	
835.683000088	22.7	1545.932	1546.096	
836.676000118	22.7	1545.932	1546.091	
837.684000015	22.7	1545.932	1546.091	
838.680000067	22.7	1545.938	1546.097	
839.676000118	22.7	1545.938	1546.092	
840.67200017	22.7	1545.933	1546.097	
841.680000067	22.7	1545.944	1546.091	
842.677000046	22.7	1545.938	1546.096	
843.686000109	22.7	1545.933	1546.097	
844.680000067	22.7	1545.932	1546.097	
845.677000046	22.7	1545.938	1546.091	
846.674000025	22.7	1545.944	1546.092	
847.680000067	22.7	1545.938	1546.091	
848.676000118	22.7	1545.944	1546.097	
849.687999964	22.6	1545.944	1546.096	
850.680000067	22.7	1545.938	1546.097	
851.676000118	22.7	1545.932	1546.097	
852.686000109	22.7	1545.932	1546.091	
853.680999994	22.7	1545.938	1546.096	
854.677999973	22.7	1545.932	1546.091	
855.68200016	22.7	1545.938	1546.085	
856.664999962	22.7	1545.932	1546.097	
857.677000046	22.7	1545.932	1546.091	
858.684999943	22.7	1545.938	1546.097	
859.680999994	22.6	1545.938	1546.097	
860.677000046	22.6	1545.938	1546.091	
861.693000078	22.6	1545.932	1546.096	
862.680000067	22.6	1545.944	1546.091	
863.677000046	22.6	1545.938	1546.091	
864.692000151	22.6	1545.938	1546.091	
865.68200016	22.6	1545.932	1546.091	
866.674999952	22.6	1545.938	1546.091	
867.684999943	22.6	1545.932	1546.092	
868.680999994	22.6	1545.938	1546.096	
869.677999973	22.6	1545.944	1546.091	
870.68200016	22.6	1545.944	1546.091	
871.680000067	22.6	1545.938	1546.097	
872.674999952	22.6	1545.938	1546.097	
873.683000088	22.6	1545.932	1546.091	
874.680000067	22.6	1545.932	1546.091	
875.677999973	22.6	1545.938	1546.091	
876.684000015	22.6	1545.932	1546.096	
877.680999994	22.6	1545.932	1546.091	
878.676000118	22.6	1545.938	1546.096	
879.674000025	22.6	1545.938	1546.091	
880.680000067	22.6	1545.938	1546.097	
881.677000046	22.6	1545.938	1546.091	
882.667999983	22.6	1545.932	1546.091	
883.680000067	22.6	1545.938	1546.091	
884.677999973	22.6	1545.938	1546.091	
885.683000088	22.6	1545.933	1546.092	
886.680999994	22.6	1545.938	1546.092	
887.680000067	22.6	1545.938	1546.091	
888.683000088	22.6	1545.938	1546.091	
889.680999994	22.6	1545.938	1546.097	
890.677000046	22.6	1545.932	1546.097	
891.684999943	22.6	1545.938	1546.091	
892.680999994	22.6	1545.932	1546.092	
893.677000046	22.6	1545.938	1546.091	
894.687999964	22.6	1545.938	1546.086	
895.68200016	22.6	1545.932	1546.097	
896.677000046	22.6	1545.944	1546.092	
897.684999943	22.6	1545.938	1546.091	
898.680999994	22.6	1545.932	1546.097	
899.677000046	22.6	1545.938	1546.091	
900.68200016	22.6	1545.938	1546.091	
901.680000067	22.6	1545.938	1546.091	
902.664999962	22.6	1545.932	1546.091	
903.664999962	22.6	1545.938	1546.091	
904.680999994	22.6	1545.933	1546.091	
905.679000139	22.6	1545.938	1546.091	
906.664000034	22.6	1545.932	1546.092	
907.680999994	22.6	1545.938	1546.097	
908.676000118	22.6	1545.938	1546.091	
909.673000097	22.6	1545.938	1546.097	
910.680999994	22.6	1545.938	1546.092	
911.684999943	22.6	1545.943	1546.097	
912.669000149	22.6	1545.932	1546.097	
913.670000076	22.6	1545.932	1546.086	
914.674999952	22.6	1545.938	1546.091	
915.664000034	22.6	1545.938	1546.091	
916.666000128	22.6	1545.938	1546.091	
917.679000139	22.6	1545.944	1546.091	
918.684000015	22.6	1545.938	1546.097	
919.680000067	22.6	1545.944	1546.091	
920.670000076	22.6	1545.938	1546.085	
921.690000057	22.6	1545.938	1546.091	
922.664999962	22.6	1545.944	1546.091	
923.674999952	22.6	1545.932	1546.097	
924.687000036	22.6	1545.932	1546.097	
925.680999994	22.6	1545.938	1546.097	
926.664999962	22.6	1545.932	1546.097	
927.664999962	22.6	1545.938	1546.092	
928.683000088	22.6	1545.932	1546.092	
929.679000139	22.6	1545.932	1546.097	
930.667000055	22.6	1545.944	1546.086	
931.683000088	22.6	1545.938	1546.097	
932.667000055	22.6	1545.938	1546.086	
933.687999964	22.6	1545.938	1546.092	
934.680999994	22.6	1545.932	1546.091	
935.664000034	22.6	1545.938	1546.091	
936.684999943	22.6	1545.932	1546.086	
937.664000034	22.6	1545.938	1546.097	
938.68200016	22.6	1545.938	1546.098	
939.680999994	22.6	1545.938	1546.097	
940.680000067	22.6	1545.938	1546.092	
941.677000046	22.6	1545.938	1546.097	
942.673000097	22.6	1545.938	1546.097	
943.680999994	22.6	1545.938	1546.096	
944.677999973	22.6	1545.932	1546.092	
945.684999943	22.6	1545.938	1546.097	
946.674000025	22.6	1545.938	1546.086	
947.677000046	22.6	1545.938	1546.091	
948.664000034	22.6	1545.938	1546.097	
949.680999994	22.6	1545.932	1546.092	
950.677000046	22.6	1545.932	1546.091	
951.684999943	22.6	1545.932	1546.097	
952.680999994	22.6	1545.943	1546.092	
953.677999973	22.6	1545.944	1546.097	
954.686000109	22.5	1545.932	1546.097	
955.680999994	22.5	1545.932	1546.103	
956.677999973	22.5	1545.944	1546.092	
957.666000128	22.6	1545.938	1546.097	
958.680999994	22.5	1545.932	1546.097	
959.679000139	22.5	1545.938	1546.097	
960.684999943	22.5	1545.932	1546.092	
961.680999994	22.5	1545.938	1546.097	
962.677999973	22.5	1545.944	1546.097	
963.670000076	22.5	1545.938	1546.097	
964.680999994	22.5	1545.927	1546.092	
965.669000149	22.5	1545.938	1546.092	
966.666000128	22.6	1545.938	1546.097	
967.680999994	22.6	1545.938	1546.091	
968.664999962	22.6	1545.938	1546.098	
969.677999973	22.6	1545.938	1546.092	
970.680000067	22.6	1545.932	1546.097	
971.687999964	22.6	1545.944	1546.091	
972.673000097	22.5	1545.938	1546.097	
973.683000088	22.6	1545.932	1546.091	
974.677999973	22.5	1545.932	1546.092	
975.67200017	22.5	1545.932	1546.091	
976.666000128	22.5	1545.938	1546.097	
977.669000149	22.5	1545.938	1546.091	
978.664999962	22.5	1545.949	1546.092	
979.680999994	22.6	1545.943	1546.092	
980.679000139	22.6	1545.932	1546.097	
981.667000055	22.6	1545.932	1546.091	
982.664999962	22.6	1545.938	1546.092	
983.679000139	22.6	1545.938	1546.092	
984.687999964	22.6	1545.944	1546.097	
985.68200016	22.6	1545.932	1546.097	
986.674999952	22.6	1545.927	1546.098	
987.677000046	22.6	1545.938	1546.092	
988.68200016	22.6	1545.944	1546.097	
989.677000046	22.6	1545.932	1546.092	
990.686000109	22.5	1545.938	1546.096	
991.68200016	22.6	1545.938	1546.103	
992.667000055	22.5	1545.932	1546.092	
993.68900013	22.5	1545.932	1546.091	
994.669000149	22.5	1545.938	1546.097	
995.684000015	22.5	1545.926	1546.097	
996.667999983	22.5	1545.938	1546.086	
997.684000015	22.5	1545.938	1546.092	
998.664999962	22.5	1545.944	1546.086	
999.68900013	22.5	1545.938	1546.086	
1000.68000007	22.5	1545.938	1546.092	
1001.67700005	22.5	1545.932	1546.093	
1002.69000006	22.5	1545.938	1546.092	
1003.66499996	22.5	1545.932	1546.097	
1004.66900015	22.5	1545.938	1546.098	
1005.66799998	22.5	1545.938	1546.097	
1006.68200016	22.5	1545.944	1546.092	
1007.66900015	22.5	1545.944	1546.098	
1008.67400002	22.5	1545.932	1546.092	
1009.68200016	22.5	1545.938	1546.097	
1010.67700005	22.5	1545.938	1546.098	
1011.68900013	22.5	1545.938	1546.092	
1012.67200017	22.5	1545.932	1546.103	
1013.67799997	22.5	1545.932	1546.098	
1014.67600012	22.5	1545.932	1546.092	
1015.66600013	22.5	1545.938	1546.097	
1016.66700006	22.5	1545.938	1546.092	
1017.68000007	22.5	1545.938	1546.097	
1018.671	22.5	1545.932	1546.098	
1019.67799997	22.5	1545.932	1546.092	
1020.68700004	22.5	1545.938	1546.098	
1021.68300009	22.5	1545.932	1546.092	
1022.67799997	22.5	1545.938	1546.092	
1023.671	22.5	1545.938	1546.102	
1024.68099999	22.5	1545.938	1546.091	
1025.67700005	22.5	1545.944	1546.092	
1026.671	22.5	1545.938	1546.092	
1027.68099999	22.5	1545.932	1546.092	
1028.67000008	22.5	1545.944	1546.092	
1029.68099999	22.6	1545.938	1546.097	
1030.68200016	22.5	1545.932	1546.097	
1031.66600013	22.5	1545.938	1546.098	
1032.68499994	22.6	1545.943	1546.092	
1033.68000007	22.6	1545.932	1546.091	
1034.67799997	22.5	1545.932	1546.097	
1035.68799996	22.5	1545.932	1546.097	
1036.68099999	22.5	1545.938	1546.092	
1037.66700006	22.5	1545.938	1546.098	
1038.68400002	22.5	1545.944	1546.097	
1039.68099999	22.5	1545.932	1546.097	
1040.66799998	22.5	1545.932	1546.092	
1041.66700006	22.5	1545.938	1546.098	
1042.68099999	22.5	1545.932	1546.098	
1043.66600013	22.5	1545.932	1546.098	
1044.68099999	22.5	1545.938	1546.098	
1045.68700004	22.5	1545.932	1546.097	
1046.671	22.5	1545.932	1546.098	
1047.66499996	22.5	1545.938	1546.086	
1048.68099999	22.5	1545.938	1546.098	
1049.66900015	22.5	1545.932	1546.092	
1050.68499994	22.5	1545.938	1546.098	
1051.68099999	22.5	1545.938	1546.098	
1052.66499996	22.5	1545.932	1546.086	
1053.68700004	22.5	1545.938	1546.098	
1054.67000008	22.5	1545.938	1546.092	
1055.67000008	22.5	1545.932	1546.098	
1056.68600011	22.5	1545.933	1546.097	
1057.68099999	22.5	1545.938	1546.097	
1058.67000008	22.5	1545.932	1546.092	
1059.68700004	22.5	1545.932	1546.097	
1060.68300009	22.5	1545.938	1546.091	
1061.68200016	22.5	1545.938	1546.092	
1062.66600013	22.6	1545.932	1546.091	
1063.66600013	22.6	1545.938	1546.092	
1064.66600013	22.6	1545.932	1546.092	
1065.68900013	22.6	1545.932	1546.092	
1066.66499996	22.6	1545.943	1546.097	
1067.67900014	22.6	1545.932	1546.092	
1068.68700004	22.6	1545.932	1546.092	
1069.67000008	22.6	1545.938	1546.092	
1070.67799997	22.6	1545.938	1546.097	
1071.66900015	22.6	1545.938	1546.087	
1072.68099999	22.6	1545.932	1546.092	
1073.66600013	22.6	1545.938	1546.097	
1074.69000006	22.5	1545.937	1546.092	
1075.68099999	22.6	1545.932	1546.092	
1076.67799997	22.5	1545.938	1546.092	
1077.66499996	22.5	1545.938	1546.092	
1078.68200016	22.5	1545.938	1546.086	
1079.67700005	22.6	1545.932	1546.097	
1080.68400002	22.5	1545.932	1546.081	
1081.68000007	22.5	1545.932	1546.086	
1082.67700005	22.5	1545.938	1546.092	
1083.68700004	22.5	1545.932	1546.092	
1084.68000007	22.6	1545.938	1546.097	
1085.67700005	22.5	1545.943	1546.098	
1086.68400002	22.6	1545.932	1546.097	
1087.68000007	22.5	1545.932	1546.097	
1088.66499996	22.5	1545.944	1546.092	
1089.68400002	22.6	1545.932	1546.097	
1090.68099999	22.6	1545.932	1546.103	
1091.67600012	22.5	1545.938	1546.097	
1092.68499994	22.5	1545.938	1546.092	
1093.68799996	22.5	1545.932	1546.092	
1094.67700005	22.5	1545.932	1546.098	
1095.68300009	22.6	1545.938	1546.097	
1096.68000007	22.6	1545.938	1546.098	
1097.67700005	22.6	1545.944	1546.097	
1098.68400002	22.6	1545.938	1546.091	
1099.68099999	22.6	1545.938	1546.097	
1100.67600012	22.6	1545.938	1546.092	
1101.68400002	22.6	1545.938	1546.098	
1102.68000007	22.6	1545.943	1546.092	
1103.67600012	22.6	1545.938	1546.097	
1104.68600011	22.6	1545.938	1546.097	
1105.68099999	22.6	1545.937	1546.092	
1106.67700005	22.6	1545.938	1546.092	
1107.68400002	22.6	1545.932	1546.092	
1108.68000007	22.6	1545.938	1546.092	
1109.67600012	22.6	1545.938	1546.092	
1110.68400002	22.6	1545.938	1546.092	
1111.68000007	22.6	1545.932	1546.097	
1112.67499995	22.6	1545.932	1546.097	
1113.68700004	22.6	1545.938	1546.093	
1114.66499996	22.6	1545.938	1546.097	
1115.67700005	22.6	1545.944	1546.087	
1116.66600013	22.6	1545.932	1546.086	
1117.66600013	22.6	1545.932	1546.098	
1118.67700005	22.6	1545.938	1546.097	
1119.68200016	22.6	1545.938	1546.092	
1120.68000007	22.6	1545.938	1546.092	
1121.67799997	22.7	1545.932	1546.092	
1122.68400002	22.6	1545.938	1546.098	
1123.68000007	22.7	1545.932	1546.091	
1124.67600012	22.7	1545.938	1546.097	
1125.68300009	22.6	1545.938	1546.091	
1126.68000007	22.6	1545.938	1546.097	
1127.68000007	22.6	1545.932	1546.092	
1128.68400002	22.6	1545.938	1546.098	
1129.68000007	22.7	1545.932	1546.097	
1130.67700005	22.7	1545.932	1546.097	
1131.68400002	22.6	1545.938	1546.098	
1132.68000007	22.6	1545.932	1546.098	
1133.67499995	22.6	1545.932	1546.097	
1134.68799996	22.6	1545.932	1546.098	
1135.68099999	22.6	1545.938	1546.092	
1136.67499995	22.6	1545.944	1546.097	
1137.68300009	22.6	1545.932	1546.092	
1138.68000007	22.6	1545.938	1546.087	
1139.67700005	22.6	1545.932	1546.098	
1140.66499996	22.6	1545.938	1546.092	
1141.68099999	22.6	1545.938	1546.097	
1142.67700005	22.6	1545.932	1546.098	
1143.66700006	22.6	1545.938	1546.092	
1144.66900015	22.6	1545.938	1546.098	
1145.66900015	22.6	1545.932	1546.092	
1146.66799998	22.6	1545.938	1546.092	
1147.68000007	22.6	1545.938	1546.092	
1148.67799997	22.6	1545.938	1546.097	
1149.68400002	22.6	1545.938	1546.098	
1150.68000007	22.6	1545.937	1546.092	
1151.67700005	22.6	1545.938	1546.098	
1152.66900015	22.6	1545.938	1546.092	
1153.68000007	22.6	1545.938	1546.098	
1154.67700005	22.6	1545.938	1546.097	
1155.68400002	22.6	1545.938	1546.091	
1156.68000007	22.6	1545.944	1546.092	
1157.67600012	22.6	1545.932	1546.092	
1158.68300009	22.6	1545.938	1546.092	
1159.68000007	22.6	1545.932	1546.092	
1160.67700005	22.6	1545.932	1546.098	
1161.68400002	22.6	1545.932	1546.097	
1162.68000007	22.6	1545.944	1546.103	
1163.67700005	22.6	1545.932	1546.098	
1164.68600011	22.6	1545.932	1546.092	
1165.68000007	22.5	1545.938	1546.097	
1166.66499996	22.5	1545.932	1546.097	
1167.68400002	22.5	1545.932	1546.097	
1168.68000007	22.5	1545.926	1546.091	
1169.67799997	22.5	1545.932	1546.098	
1170.68400002	22.5	1545.938	1546.092	
1171.68300009	22.5	1545.932	1546.092	
1172.67700005	22.5	1545.938	1546.093	
1173.68400002	22.5	1545.938	1546.092	
1174.68000007	22.5	1545.938	1546.097	
1175.67600012	22.5	1545.938	1546.092	
1176.68400002	22.5	1545.938	1546.097	
1177.68000007	22.5	1545.932	1546.098	
1178.67799997	22.6	1545.932	1546.097	
1179.68799996	22.6	1545.932	1546.098	
1180.68000007	22.6	1545.938	1546.092	
1181.67600012	22.6	1545.938	1546.092	
1182.68300009	22.6	1545.938	1546.093	
1183.68099999	22.6	1545.938	1546.097	
1184.68400002	22.6	1545.932	1546.098	
1185.68400002	22.6	1545.938	1546.092	
1186.68000007	22.6	1545.938	1546.098	
1187.67900014	22.6	1545.938	1546.092	
1188.68499994	22.6	1545.932	1546.092	
1189.67000008	22.6	1545.932	1546.097	
1190.67799997	22.6	1545.938	1546.092	
1191.67499995	22.6	1545.938	1546.098	
1192.66499996	22.6	1545.932	1546.092	
1193.66499996	22.6	1545.938	1546.097	
1194.67000008	22.6	1545.932	1546.092	
1195.66499996	22.6	1545.932	1546.092	
1196.66600013	22.6	1545.938	1546.098	
1197.68499994	22.6	1545.932	1546.098	
1198.66499996	22.6	1545.932	1546.092	
1199.66499996	22.6	1545.938	1546.092	
1200.68499994	22.6	1545.938	1546.098	
1201.66799998	22.6	1545.932	1546.092	
1202.66700006	22.6	1545.932	1546.092	
1203.68499994	22.6	1545.938	1546.092	
1204.68000007	22.6	1545.932	1546.097	
1205.66900015	22.6	1545.938	1546.087	
1206.66499996	22.6	1545.932	1546.092	
1207.66600013	22.7	1545.938	1546.097	
1208.66499996	22.7	1545.938	1546.092	
1209.66499996	22.7	1545.932	1546.092	
1210.66499996	22.7	1545.949	1546.097	
1211.68400002	22.7	1545.938	1546.097	
1212.67000008	22.7	1545.932	1546.092	
1213.66600013	22.7	1545.932	1546.098	
1214.66499996	22.7	1545.938	1546.098	
1215.66600013	22.7	1545.932	1546.091	
1216.671	22.7	1545.932	1546.087	
1217.67200017	22.7	1545.932	1546.097	
1218.67900014	22.7	1545.944	1546.097	
1219.67700005	22.6	1545.932	1546.098	
1220.66799998	22.6	1545.937	1546.097	
1221.67000008	22.6	1545.938	1546.097	
1222.66499996	22.7	1545.926	1546.092	
1223.66600013	22.7	1545.932	1546.098	
1224.67000008	22.7	1545.944	1546.091	
1225.66600013	22.7	1545.926	1546.098	
1226.66499996	22.6	1545.932	1546.097	
1227.66600013	22.6	1545.932	1546.092	
1228.66600013	22.6	1545.938	1546.092	
1229.66499996	22.6	1545.938	1546.098	
1230.66700006	22.6	1545.938	1546.098	
1231.66499996	22.6	1545.932	1546.081	
1232.67900014	22.6	1545.932	1546.098	
1233.68400002	22.6	1545.932	1546.092	
1234.68200016	22.6	1545.943	1546.092	
1235.67700005	22.6	1545.932	1546.092	
1236.68400002	22.6	1545.944	1546.098	
1237.68200016	22.6	1545.938	1546.092	
1238.67700005	22.6	1545.932	1546.092	
1239.68499994	22.6	1545.944	1546.098	
1240.68200016	22.6	1545.944	1546.092	
1241.67700005	22.6	1545.943	1546.087	
1242.68400002	22.6	1545.937	1546.097	
1243.68200016	22.6	1545.932	1546.098	
1244.66900015	22.6	1545.932	1546.098	
1245.68400002	22.6	1545.938	1546.092	
1246.68200016	22.6	1545.937	1546.097	
1247.67700005	22.6	1545.938	1546.091	
1248.68300009	22.6	1545.938	1546.092	
1249.68200016	22.6	1545.932	1546.097	
1250.67700005	22.6	1545.932	1546.092	
1251.68400002	22.6	1545.932	1546.098	
1252.68200016	22.6	1545.938	1546.092	
1253.67799997	22.6	1545.932	1546.098	
1254.68900013	22.6	1545.932	1546.098	
1255.68200016	22.6	1545.943	1546.092	
1256.67799997	22.6	1545.943	1546.098	
1257.68400002	22.6	1545.938	1546.092	
1258.68200016	22.5	1545.944	1546.092	
1259.67600012	22.6	1545.938	1546.097	
1260.68400002	22.5	1545.938	1546.097	
1261.68300009	22.5	1545.932	1546.092	
1262.67700005	22.5	1545.938	1546.097	
1263.68400002	22.5	1545.938	1546.098	
1264.68200016	22.5	1545.932	1546.098	
1265.67799997	22.5	1545.932	1546.097	
1266.68200016	22.5	1545.932	1546.098	
1267.68200016	22.5	1545.938	1546.086	
1268.67799997	22.5	1545.938	1546.086	
1269.68600011	22.5	1545.938	1546.097	
1270.66700006	22.5	1545.938	1546.097	
1271.67700005	22.5	1545.937	1546.098	
1272.68300009	22.5	1545.938	1546.092	
1273.68200016	22.5	1545.938	1546.097	
1274.67700005	22.5	1545.938	1546.092	
1275.68300009	22.5	1545.938	1546.097	
1276.68200016	22.5	1545.938	1546.092	
1277.67799997	22.6	1545.938	1546.092	
1278.68300009	22.6	1545.938	1546.092	
1279.68200016	22.6	1545.932	1546.086	
1280.67700005	22.6	1545.932	1546.092	
1281.68400002	22.6	1545.944	1546.097	
1282.68000007	22.5	1545.938	1546.098	
1283.67799997	22.5	1545.938	1546.098	
1284.69099998	22.5	1545.938	1546.092	
1285.68200016	22.5	1545.949	1546.098	
1286.67600012	22.5	1545.937	1546.092	
1287.68499994	22.5	1545.938	1546.086	
1288.68200016	22.5	1545.932	1546.092	
1289.67799997	22.5	1545.938	1546.098	
1290.68400002	22.5	1545.932	1546.097	
1291.68099999	22.5	1545.932	1546.092	
1292.67600012	22.5	1545.937	1546.092	
1293.68400002	22.5	1545.938	1546.103	
1294.68099999	22.5	1545.932	1546.092	
1295.67799997	22.5	1545.932	1546.086	
1296.66700006	22.5	1545.943	1546.092	
1297.68200016	22.5	1545.938	1546.098	
1298.67600012	22.5	1545.938	1546.098	
1299.68300009	22.5	1545.932	1546.092	
1300.68099999	22.5	1545.932	1546.092	
1301.67700005	22.6	1545.938	1546.092	
1302.68400002	22.5	1545.938	1546.098	
1303.68200016	22.5	1545.932	1546.092	
1304.67700005	22.5	1545.932	1546.087	
1305.68300009	22.5	1545.938	1546.097	
1306.68200016	22.5	1545.938	1546.087	
1307.67700005	22.5	1545.944	1546.086	
1308.68700004	22.5	1545.932	1546.097	
1309.68300009	22.5	1545.932	1546.092	
1310.67700005	22.5	1545.938	1546.092	
1311.68300009	22.5	1545.938	1546.098	
1312.68099999	22.5	1545.932	1546.086	
1313.67700005	22.5	1545.938	1546.092	
1314.68900013	22.5	1545.938	1546.092	
1315.68300009	22.5	1545.932	1546.091	
1316.67799997	22.5	1545.938	1546.092	
1317.67400002	22.5	1545.938	1546.081	
1318.68099999	22.5	1545.938	1546.092	
1319.67700005	22.5	1545.932	1546.097	
1320.68300009	22.5	1545.932	1546.092	
1321.68200016	22.5	1545.932	1546.103	
1322.66400003	22.5	1545.932	1546.092	
1323.68600011	22.5	1545.938	1546.093	
1324.68200016	22.5	1545.938	1546.092	
1325.67700005	22.5	1545.944	1546.092	
1326.68200016	22.6	1545.932	1546.098	
1327.68400002	22.5	1545.944	1546.097	
1328.67600012	22.5	1545.938	1546.098	
1329.68499994	22.5	1545.932	1546.087	
1330.68099999	22.5	1545.944	1546.092	
1331.67700005	22.5	1545.938	1546.086	
1332.68300009	22.5	1545.932	1546.097	
1333.68200016	22.6	1545.938	1546.098	
1334.67700005	22.6	1545.938	1546.098	
1335.68499994	22.6	1545.938	1546.092	
1336.68200016	22.6	1545.938	1546.103	
1337.67700005	22.6	1545.932	1546.098	
1338.68499994	22.6	1545.932	1546.092	
1339.68200016	22.6	1545.938	1546.092	
1340.67700005	22.6	1545.932	1546.098	
1341.68300009	22.6	1545.932	1546.092	
1342.68200016	22.6	1545.938	1546.098	
1343.67700005	22.6	1545.937	1546.092	
1344.68600011	22.6	1545.938	1546.098	
1345.68099999	22.6	1545.938	1546.098	
1346.67799997	22.6	1545.932	1546.097	
1347.68499994	22.6	1545.938	1546.092	
1348.66499996	22.6	1545.931	1546.097	
1349.67799997	22.6	1545.938	1546.092	
1350.68400002	22.6	1545.938	1546.097	
1351.68200016	22.6	1545.938	1546.092	
1352.67700005	22.6	1545.938	1546.086	
1353.69000006	22.6	1545.932	1546.097	
1354.68200016	22.6	1545.938	1546.098	
1355.67700005	22.6	1545.938	1546.097	
1356.68200016	22.6	1545.932	1546.097	
1357.68099999	22.6	1545.932	1546.098	
1358.67700005	22.6	1545.926	1546.092	
1359.68400002	22.6	1545.943	1546.097	
1360.68099999	22.5	1545.938	1546.098	
1361.67700005	22.5	1545.932	1546.092	
1362.68300009	22.5	1545.938	1546.092	
1363.68200016	22.6	1545.938	1546.103	
1364.67700005	22.6	1545.943	1546.092	
1365.68400002	22.6	1545.938	1546.098	
1366.68099999	22.6	1545.938	1546.098	
1367.67700005	22.6	1545.938	1546.097	
1368.68300009	22.6	1545.938	1546.086	
1369.68099999	22.6	1545.932	1546.092	
1370.67700005	22.6	1545.938	1546.098	
1371.68400002	22.6	1545.943	1546.097	
1372.68200016	22.6	1545.938	1546.098	
1373.67600012	22.6	1545.938	1546.103	
1374.66400003	22.6	1545.938	1546.097	
1375.68300009	22.6	1545.938	1546.098	
1376.67600012	22.6	1545.938	1546.098	
1377.68400002	22.6	1545.938	1546.103	
1378.68099999	22.6	1545.932	1546.092	
1379.68099999	22.6	1545.937	1546.098	
1380.68300009	22.6	1545.943	1546.092	
1381.68200016	22.6	1545.938	1546.092	
1382.67700005	22.6	1545.938	1546.092	
1383.68300009	22.6	1545.938	1546.098	
1384.68200016	22.6	1545.926	1546.098	
1385.67700005	22.6	1545.938	1546.092	
1386.68499994	22.6	1545.938	1546.097	
1387.68200016	22.6	1545.926	1546.097	
1388.67600012	22.6	1545.938	1546.092	
1389.68400002	22.6	1545.938	1546.086	
1390.68099999	22.6	1545.932	1546.098	
1391.67700005	22.6	1545.932	1546.098	
1392.68200016	22.6	1545.938	1546.098	
1393.68200016	22.6	1545.932	1546.092	
1394.67600012	22.6	1545.938	1546.092	
1395.68300009	22.6	1545.932	1546.098	
1396.68099999	22.6	1545.932	1546.098	
1397.67600012	22.6	1545.938	1546.092	
1398.68300009	22.6	1545.943	1546.103	
1399.68200016	22.6	1545.944	1546.092	
1400.66499996	22.6	1545.938	1546.092	
1401.68400002	22.6	1545.938	1546.092	
1402.68099999	22.6	1545.938	1546.097	
1403.67700005	22.6	1545.943	1546.097	
1404.67900014	22.6	1545.938	1546.092	
1405.66900015	22.6	1545.938	1546.097	
1406.67600012	22.6	1545.932	1546.098	
1407.68300009	22.6	1545.932	1546.092	
1408.68099999	22.5	1545.944	1546.098	
1409.67700005	22.5	1545.932	1546.092	
1410.68300009	22.5	1545.938	1546.092	
1411.68099999	22.5	1545.938	1546.086	
1412.67600012	22.5	1545.932	1546.093	
1413.68499994	22.5	1545.938	1546.097	
1414.68200016	22.5	1545.932	1546.092	
1415.67799997	22.5	1545.932	1546.092	
1416.68300009	22.5	1545.938	1546.098	
1417.68099999	22.5	1545.938	1546.092	
1418.67700005	22.5	1545.938	1546.098	
1419.68499994	22.5	1545.938	1546.092	
1420.68200016	22.5	1545.932	1546.097	
1421.67700005	22.5	1545.938	1546.092	
1422.68300009	22.5	1545.943	1546.097	
1423.68099999	22.5	1545.932	1546.092	
1424.67700005	22.5	1545.937	1546.092	
1425.68499994	22.5	1545.938	1546.091	
1426.68099999	22.5	1545.932	1546.092	
1427.67700005	22.5	1545.938	1546.086	
1428.68400002	22.5	1545.938	1546.092	
1429.68099999	22.5	1545.932	1546.097	
1430.67600012	22.5	1545.944	1546.097	
1431.66700006	22.5	1545.938	1546.092	
1432.68200016	22.6	1545.938	1546.097	
1433.67799997	22.6	1545.932	1546.092	
1434.67900014	22.6	1545.944	1546.103	
1435.68200016	22.6	1545.938	1546.092	
1436.67700005	22.6	1545.932	1546.092	
1437.68300009	22.6	1545.932	1546.098	
1438.68200016	22.6	1545.937	1546.092	
1439.67799997	22.6	1545.932	1546.097	
1440.68400002	22.6	1545.943	1546.092	
1441.68200016	22.6	1545.943	1546.097	
1442.67700005	22.6	1545.932	1546.098	
1443.68300009	22.6	1545.938	1546.091	
1444.68099999	22.6	1545.932	1546.092	
1445.67600012	22.6	1545.932	1546.098	
1446.68300009	22.6	1545.938	1546.097	
1447.68200016	22.6	1545.938	1546.092	
1448.67600012	22.6	1545.932	1546.097	
1449.68300009	22.6	1545.938	1546.098	
1450.68200016	22.6	1545.938	1546.087	
1451.67700005	22.6	1545.938	1546.087	
1452.66400003	22.6	1545.938	1546.098	
1453.66499996	22.6	1545.938	1546.097	
1454.66700006	22.6	1545.938	1546.098	
1455.66400003	22.6	1545.938	1546.098	
1456.67000008	22.6	1545.932	1546.097	
1457.66799998	22.6	1545.944	1546.097	
1458.66600013	22.6	1545.938	1546.092	
1459.66600013	22.6	1545.943	1546.097	
1460.67799997	22.6	1545.944	1546.092	
1461.68300009	22.6	1545.938	1546.086	
1462.68099999	22.6	1545.932	1546.097	
1463.67700005	22.6	1545.938	1546.098	
1464.67900014	22.6	1545.938	1546.091	
1465.68200016	22.6	1545.938	1546.092	
1466.67700005	22.6	1545.926	1546.097	
1467.68300009	22.6	1545.938	1546.092	
1468.68000007	22.6	1545.932	1546.098	
1469.67600012	22.6	1545.937	1546.098	
1470.68300009	22.6	1545.938	1546.097	
1471.68200016	22.6	1545.932	1546.097	
1472.67600012	22.6	1545.938	1546.081	
1473.68400002	22.6	1545.932	1546.098	
1474.68099999	22.5	1545.943	1546.098	
1475.67700005	22.5	1545.938	1546.092	
1476.68200016	22.5	1545.937	1546.092	
1477.68200016	22.5	1545.938	1546.093	
1478.67700005	22.5	1545.932	1546.103	
1479.68200016	22.5	1545.932	1546.098	
1480.68200016	22.5	1545.938	1546.092	
1481.67600012	22.5	1545.938	1546.092	
1482.68300009	22.5	1545.926	1546.098	
1483.66700006	22.5	1545.932	1546.086	
1484.67700005	22.5	1545.938	1546.098	
1485.68200016	22.5	1545.932	1546.098	
1486.68099999	22.5	1545.932	1546.098	
1487.67600012	22.5	1545.932	1546.092	
1488.68200016	22.5	1545.932	1546.098	
1489.68099999	22.5	1545.938	1546.092	
1490.67600012	22.5	1545.932	1546.092	
1491.68300009	22.5	1545.938	1546.098	
1492.68099999	22.5	1545.932	1546.092	
1493.67600012	22.5	1545.932	1546.097	
1494.67700005	22.5	1545.938	1546.098	
1495.68099999	22.5	1545.938	1546.097	
1496.68300009	22.5	1545.937	1546.085	
1497.68200016	22.5	1545.938	1546.092	
1498.68099999	22.5	1545.932	1546.092	
1499.67600012	22.5	1545.932	1546.092	
1500.68200016	22.5	1545.938	1546.092	
1501.68099999	22.5	1545.932	1546.091	
1502.67700005	22.5	1545.932	1546.086	
1503.68400002	22.5	1545.938	1546.098	
1504.68300009	22.5	1545.938	1546.097	
1505.67700005	22.5	1545.938	1546.098	
1506.68300009	27.1	1545.932	1546.092	
1507.68099999	30.5	1545.944	1546.097	
1508.67600012	31.9	1545.932	1546.091	
1509.66700006	32.5	1545.938	1546.092	
1510.68099999	32.9	1545.938	1546.097	
1511.67600012	31.9	1545.932	1546.086	
1512.68499994	29.8	1545.932	1546.091	
1513.68200016	28.7	1545.943	1546.097	
1514.67600012	28.1	1545.932	1546.097	
1515.68400002	27.6	1545.932	1546.092	
