7.805	391.5	1550.393	0.572	0.0882681	7.805	391.5	1550.133	0.608	0.0834119	7.805	391.5	1550.239	0.619	0.0674831	7.805	391.5	1550.342	0.546	0.0760725	
17.805	391.5	1550.394	0.572	0.0885448	17.805	391.5	1550.135	0.611	0.0837409	17.805	391.5	1550.240	0.621	0.0677725	17.805	391.5	1550.343	0.547	0.0763731	
27.805	391.5	1550.393	0.572	0.0883707	27.805	391.5	1550.133	0.608	0.083335	27.805	391.5	1550.239	0.619	0.0674698	27.805	391.5	1550.342	0.547	0.0761507	
37.805	391.5	1550.393	0.571	0.0885234	37.805	391.5	1550.133	0.609	0.0832367	37.805	391.5	1550.240	0.619	0.0674303	37.805	391.5	1550.342	0.546	0.0761279	
47.805	391.5	1550.393	0.572	0.0884766	47.805	391.5	1550.134	0.608	0.0831652	47.805	391.5	1550.240	0.618	0.0674024	47.805	391.5	1550.342	0.546	0.0761947	
57.795	391.5	1550.393	0.573	0.0884584	57.795	391.5	1550.134	0.606	0.0830376	57.795	391.5	1550.239	0.618	0.067334	57.795	391.5	1550.342	0.546	0.0760885	
67.795	391.6	1550.393	0.572	0.0884735	67.795	391.6	1550.135	0.608	0.0832189	67.795	391.6	1550.240	0.619	0.0674729	67.795	391.6	1550.343	0.547	0.0762176	
77.805	391.5	1550.393	0.571	0.0882967	77.805	391.5	1550.133	0.609	0.0834616	77.805	391.5	1550.239	0.620	0.0675601	77.805	391.5	1550.342	0.546	0.0760634	
87.806	391.5	1550.393	0.572	0.0885063	87.806	391.5	1550.133	0.610	0.0833703	87.806	391.5	1550.239	0.619	0.0674771	87.806	391.5	1550.342	0.546	0.0761657	
97.796	391.5	1550.393	0.572	0.0885655	97.796	391.5	1550.133	0.609	0.0833099	97.796	391.5	1550.239	0.620	0.0675656	97.796	391.5	1550.342	0.547	0.0763429	
107.796	391.5	1550.392	0.572	0.0883335	107.796	391.5	1550.134	0.610	0.0835031	107.796	391.5	1550.239	0.619	0.0675481	107.796	391.5	1550.342	0.546	0.0761555	
117.796	391.5	1550.393	0.572	0.0884613	117.796	391.5	1550.134	0.609	0.0832577	117.796	391.5	1550.239	0.619	0.0675133	117.796	391.5	1550.342	0.546	0.0762502	
127.796	391.5	1550.392	0.572	0.0882264	127.796	391.5	1550.133	0.610	0.0836315	127.796	391.5	1550.238	0.619	0.067617	127.796	391.5	1550.341	0.546	0.0760812	
137.797	391.5	1550.392	0.571	0.0883049	137.797	391.5	1550.133	0.607	0.0830353	137.797	391.5	1550.239	0.618	0.0672864	137.797	391.5	1550.341	0.545	0.076064	
147.797	391.5	1550.392	0.572	0.088448	147.797	391.5	1550.134	0.608	0.083326	147.797	391.5	1550.239	0.618	0.0675553	147.797	391.5	1550.341	0.547	0.0762323	
157.798	391.5	1550.393	0.573	0.0884483	157.798	391.5	1550.134	0.607	0.0831085	157.798	391.5	1550.239	0.617	0.0673484	157.798	391.5	1550.342	0.546	0.0761088	
167.798	391.6	1550.393	0.571	0.0882397	167.798	391.6	1550.135	0.609	0.0834953	167.798	391.6	1550.240	0.618	0.0675537	167.798	391.6	1550.342	0.545	0.0760758	
177.799	391.6	1550.393	0.571	0.0883736	177.799	391.6	1550.134	0.609	0.0833983	177.799	391.6	1550.240	0.619	0.0675257	177.799	391.6	1550.342	0.546	0.076116	
187.799	391.5	1550.393	0.572	0.0882087	187.799	391.5	1550.134	0.608	0.0832343	187.799	391.5	1550.239	0.618	0.0673671	187.799	391.5	1550.341	0.546	0.0759766	
197.8	391.5	1550.393	0.572	0.0884948	197.8	391.5	1550.133	0.609	0.083233	197.8	391.5	1550.239	0.620	0.0674829	197.8	391.5	1550.342	0.547	0.0761774	
207.8	391.5	1550.393	0.572	0.088426	207.8	391.5	1550.133	0.610	0.0835081	207.8	391.5	1550.239	0.620	0.0676113	207.8	391.5	1550.342	0.547	0.0762394	
217.801	391.5	1550.393	0.572	0.0884533	217.801	391.5	1550.134	0.609	0.0834626	217.801	391.5	1550.239	0.619	0.0676146	217.801	391.5	1550.342	0.547	0.0762574	
227.792	391.5	1550.393	0.573	0.0884354	227.792	391.5	1550.134	0.610	0.0836664	227.792	391.5	1550.239	0.620	0.0677104	227.792	391.5	1550.342	0.547	0.0762219	
237.792	391.6	1550.393	0.572	0.0883222	237.792	391.6	1550.135	0.608	0.0833233	237.792	391.6	1550.240	0.619	0.0675627	237.792	391.6	1550.342	0.547	0.0761643	
247.793	391.6	1550.394	0.572	0.0884268	247.793	391.6	1550.135	0.609	0.0832332	247.793	391.6	1550.240	0.619	0.067515	247.793	391.6	1550.343	0.546	0.0762056	
257.793	391.5	1550.394	0.572	0.0885365	257.793	391.5	1550.135	0.608	0.0832675	257.793	391.5	1550.240	0.619	0.0675524	257.793	391.5	1550.343	0.547	0.0763026	
267.794	391.5	1550.393	0.572	0.0883988	267.794	391.5	1550.134	0.609	0.0833857	267.794	391.5	1550.239	0.619	0.0674654	267.794	391.5	1550.342	0.546	0.07614	
277.794	391.5	1550.393	0.572	0.0883619	277.794	391.5	1550.133	0.608	0.0831675	277.794	391.5	1550.239	0.619	0.0674235	277.794	391.5	1550.342	0.546	0.076081	
287.795	391.5	1550.393	0.572	0.0884883	287.795	391.5	1550.134	0.608	0.0831081	287.795	391.5	1550.240	0.619	0.0673853	287.795	391.5	1550.342	0.547	0.0762401	
297.796	391.5	1550.394	0.572	0.0885001	297.796	391.5	1550.133	0.612	0.0836413	297.796	391.5	1550.240	0.621	0.0677036	297.796	391.5	1550.343	0.547	0.0763304	
307.796	391.5	1550.393	0.572	0.088406	307.796	391.5	1550.133	0.608	0.0833458	307.796	391.5	1550.239	0.619	0.067463	307.796	391.5	1550.342	0.547	0.0761237	
317.797	391.5	1550.394	0.573	0.0886349	317.797	391.5	1550.135	0.610	0.0835721	317.797	391.5	1550.240	0.620	0.0676572	317.797	391.5	1550.343	0.547	0.0764354	
327.798	391.5	1550.393	0.572	0.0884681	327.798	391.5	1550.134	0.609	0.0834115	327.798	391.5	1550.240	0.619	0.0675061	327.798	391.5	1550.342	0.547	0.0762282	
337.798	391.6	1550.394	0.572	0.0881947	337.798	391.6	1550.133	0.607	0.0830867	337.798	391.6	1550.238	0.619	0.0672597	337.798	391.6	1550.342	0.546	0.0758427	
347.798	391.6	1550.393	0.572	0.0883006	347.798	391.6	1550.134	0.606	0.0829538	347.798	391.6	1550.239	0.617	0.0672382	347.798	391.6	1550.342	0.546	0.0759565	
357.799	391.6	1550.394	0.571	0.088173	357.799	391.6	1550.135	0.609	0.0833757	357.799	391.6	1550.240	0.619	0.067497	357.799	391.6	1550.343	0.546	0.0760446	
367.8	391.6	1550.394	0.572	0.0885208	367.8	391.6	1550.136	0.608	0.0833995	367.8	391.6	1550.241	0.619	0.0676192	367.8	391.6	1550.343	0.546	0.0763097	
377.8	391.6	1550.393	0.573	0.0883601	377.8	391.6	1550.134	0.609	0.0836071	377.8	391.6	1550.239	0.620	0.0676376	377.8	391.6	1550.342	0.547	0.0762005	
387.801	391.6	1550.394	0.573	0.0885025	387.801	391.6	1550.135	0.609	0.0835759	387.801	391.6	1550.240	0.620	0.0676509	387.801	391.6	1550.343	0.547	0.0762718	
397.791	391.6	1550.394	0.571	0.0882004	397.791	391.6	1550.135	0.609	0.0833884	397.791	391.6	1550.240	0.619	0.0674969	397.791	391.6	1550.343	0.545	0.0760241	
407.791	391.6	1550.395	0.572	0.0885589	407.791	391.6	1550.137	0.610	0.0835623	407.791	391.6	1550.242	0.619	0.0676238	407.791	391.6	1550.344	0.547	0.0763291	
417.792	391.6	1550.394	0.570	0.088259	417.792	391.6	1550.135	0.608	0.0830168	417.792	391.6	1550.241	0.618	0.0673133	417.792	391.6	1550.344	0.545	0.0759004	
427.793	391.6	1550.394	0.571	0.0881674	427.793	391.6	1550.135	0.609	0.0834362	427.793	391.6	1550.240	0.619	0.067444	427.793	391.6	1550.343	0.546	0.0759659	
437.793	391.6	1550.394	0.573	0.0884409	437.793	391.6	1550.134	0.610	0.0835246	437.793	391.6	1550.240	0.620	0.0676182	437.793	391.6	1550.343	0.547	0.0762167	
447.794	391.5	1550.393	0.572	0.088397	447.794	391.5	1550.134	0.607	0.0832815	447.794	391.5	1550.239	0.618	0.0675234	447.794	391.5	1550.342	0.547	0.0762045	
457.795	391.5	1550.394	0.574	0.0888312	457.795	391.5	1550.135	0.610	0.0836275	457.795	391.5	1550.240	0.620	0.0677994	457.795	391.5	1550.343	0.548	0.076553	
467.796	391.5	1550.392	0.572	0.0885259	467.796	391.5	1550.133	0.606	0.0830102	467.796	391.5	1550.239	0.618	0.0674516	467.796	391.5	1550.341	0.547	0.0762099	
477.796	391.4	1550.391	0.572	0.088324	477.796	391.4	1550.131	0.609	0.0835292	477.796	391.4	1550.236	0.619	0.0675724	477.796	391.4	1550.339	0.547	0.0760752	
487.797	391.4	1550.390	0.572	0.088255	487.797	391.4	1550.131	0.605	0.0829033	487.797	391.4	1550.236	0.616	0.0672603	487.797	391.4	1550.339	0.545	0.0759128	
497.798	391.4	1550.391	0.571	0.0882366	497.798	391.4	1550.131	0.608	0.0832306	497.798	391.4	1550.237	0.619	0.0674167	497.798	391.4	1550.340	0.546	0.0759681	
507.799	391.5	1550.391	0.571	0.088153	507.799	391.5	1550.132	0.604	0.0825975	507.799	391.5	1550.237	0.615	0.0670242	507.799	391.5	1550.340	0.544	0.0756987	
517.799	391.6	1550.393	0.572	0.088381	517.799	391.6	1550.134	0.608	0.0833702	517.799	391.6	1550.239	0.618	0.0675482	517.799	391.6	1550.342	0.546	0.0761048	
527.8	391.7	1550.394	0.571	0.0882444	527.8	391.7	1550.135	0.608	0.083195	527.8	391.7	1550.240	0.618	0.0673281	527.8	391.7	1550.343	0.545	0.0759168	
537.801	391.7	1550.396	0.573	0.0885449	537.801	391.7	1550.135	0.611	0.0837618	537.801	391.7	1550.241	0.621	0.0677744	537.801	391.7	1550.344	0.548	0.0763339	
547.802	391.7	1550.394	0.572	0.0884583	547.802	391.7	1550.135	0.609	0.0832758	547.802	391.7	1550.241	0.618	0.0674586	547.802	391.7	1550.343	0.546	0.0761316	
557.802	391.7	1550.394	0.571	0.0883805	557.802	391.7	1550.135	0.609	0.0833391	557.802	391.7	1550.241	0.619	0.0675216	557.802	391.7	1550.343	0.546	0.0761768	
567.793	391.6	1550.395	0.573	0.0885412	567.793	391.6	1550.135	0.609	0.083501	567.793	391.6	1550.241	0.619	0.0676878	567.793	391.6	1550.343	0.548	0.0763798	
577.794	391.6	1550.393	0.573	0.0884323	577.794	391.6	1550.134	0.607	0.0832322	577.794	391.6	1550.239	0.617	0.0674218	577.794	391.6	1550.342	0.546	0.0760989	
587.795	391.6	1550.394	0.573	0.0885517	587.795	391.6	1550.135	0.610	0.083642	587.795	391.6	1550.240	0.620	0.0677268	587.795	391.6	1550.343	0.547	0.0763135	
597.795	391.6	1550.392	0.571	0.0882316	597.795	391.6	1550.134	0.606	0.0829751	597.795	391.6	1550.240	0.615	0.0671873	597.795	391.6	1550.341	0.544	0.0758969	
607.796	391.6	1550.393	0.573	0.0884616	607.796	391.6	1550.134	0.608	0.0833156	607.796	391.6	1550.239	0.618	0.0675199	607.796	391.6	1550.342	0.547	0.0761923	
617.797	391.6	1550.393	0.572	0.088364	617.797	391.6	1550.134	0.609	0.0833172	617.797	391.6	1550.240	0.619	0.067502	617.797	391.6	1550.342	0.546	0.0761283	
627.797	391.6	1550.395	0.573	0.0885202	627.797	391.6	1550.135	0.610	0.0834605	627.797	391.6	1550.241	0.620	0.067591	627.797	391.6	1550.344	0.547	0.0762591	
637.798	391.7	1550.393	0.571	0.0881712	637.798	391.7	1550.135	0.608	0.0831074	637.798	391.7	1550.240	0.616	0.0672701	637.798	391.7	1550.342	0.545	0.0759153	
647.799	391.7	1550.394	0.572	0.0883902	647.799	391.7	1550.135	0.609	0.0834738	647.799	391.7	1550.240	0.619	0.0675873	647.799	391.7	1550.343	0.547	0.0761561	
657.799	391.6	1550.395	0.572	0.0887392	657.799	391.6	1550.136	0.612	0.0837642	657.799	391.6	1550.242	0.621	0.0678649	657.799	391.6	1550.344	0.547	0.0765213	
667.8	391.7	1550.394	0.572	0.0884416	667.8	391.7	1550.134	0.611	0.0836801	667.8	391.7	1550.240	0.621	0.0678384	667.8	391.7	1550.343	0.547	0.0762594	
677.801	391.7	1550.394	0.572	0.0885177	677.801	391.7	1550.135	0.610	0.0834612	677.801	391.7	1550.241	0.619	0.0676565	677.801	391.7	1550.343	0.547	0.0762927	
687.801	391.6	1550.394	0.572	0.0885171	687.801	391.6	1550.135	0.608	0.0830672	687.801	391.6	1550.241	0.617	0.0674842	687.801	391.6	1550.343	0.546	0.0761743	
697.802	391.6	1550.394	0.571	0.0884261	697.802	391.6	1550.135	0.609	0.0832585	697.802	391.6	1550.241	0.618	0.0675557	697.802	391.6	1550.343	0.546	0.0761283	
707.803	391.6	1550.394	0.572	0.0887339	707.803	391.6	1550.136	0.610	0.0835047	707.803	391.6	1550.242	0.620	0.0678484	707.803	391.6	1550.344	0.547	0.0765096	
717.803	391.6	1550.394	0.572	0.0884957	717.803	391.6	1550.135	0.610	0.0835003	717.803	391.6	1550.240	0.620	0.0677571	717.803	391.6	1550.343	0.547	0.0762312	
727.804	391.6	1550.394	0.573	0.0885705	727.804	391.6	1550.134	0.608	0.0833811	727.804	391.6	1550.240	0.619	0.0677059	727.804	391.6	1550.343	0.547	0.0762562	
737.805	391.6	1550.394	0.573	0.0888052	737.805	391.6	1550.136	0.609	0.0834422	737.805	391.6	1550.241	0.619	0.0678114	737.805	391.6	1550.343	0.547	0.0764693	
747.796	391.6	1550.394	0.572	0.0885336	747.796	391.6	1550.134	0.608	0.0831446	747.796	391.6	1550.240	0.619	0.0676065	747.796	391.6	1550.342	0.547	0.0761967	
757.796	391.6	1550.394	0.571	0.0885196	757.796	391.6	1550.135	0.610	0.0834688	757.796	391.6	1550.241	0.619	0.0678162	757.796	391.6	1550.343	0.546	0.0763046	
767.797	391.6	1550.394	0.572	0.0885583	767.797	391.6	1550.135	0.610	0.0835421	767.797	391.6	1550.240	0.620	0.0678271	767.797	391.6	1550.343	0.547	0.0763125	
777.798	391.6	1550.395	0.573	0.0887758	777.798	391.6	1550.135	0.611	0.0836993	777.798	391.6	1550.241	0.620	0.0679675	777.798	391.6	1550.344	0.548	0.0765371	
787.799	391.6	1550.393	0.572	0.0884217	787.799	391.6	1550.133	0.610	0.0835126	787.799	391.6	1550.239	0.620	0.0678168	787.799	391.6	1550.342	0.547	0.076197	
797.8	391.5	1550.392	0.571	0.0882816	797.8	391.5	1550.132	0.609	0.0832589	797.8	391.5	1550.238	0.619	0.067595	797.8	391.5	1550.340	0.545	0.0759773	
807.801	391.5	1550.393	0.573	0.0887046	807.801	391.5	1550.134	0.612	0.0839575	807.801	391.5	1550.240	0.622	0.0682157	807.801	391.5	1550.342	0.548	0.0765762	
817.802	391.5	1550.394	0.573	0.0885699	817.802	391.5	1550.134	0.610	0.0836462	817.802	391.5	1550.239	0.620	0.0679247	817.802	391.5	1550.342	0.548	0.0763713	
827.802	391.6	1550.394	0.572	0.0884456	827.802	391.6	1550.134	0.609	0.0834132	827.802	391.6	1550.240	0.620	0.0677948	827.802	391.6	1550.343	0.547	0.0762228	
837.803	391.6	1550.394	0.571	0.088327	837.803	391.6	1550.134	0.610	0.0834159	837.803	391.6	1550.240	0.620	0.0678501	837.803	391.6	1550.343	0.546	0.0761393	
847.804	391.6	1550.395	0.572	0.0887801	847.804	391.6	1550.137	0.610	0.0835381	847.804	391.6	1550.242	0.619	0.0679991	847.804	391.6	1550.344	0.547	0.0765537	
857.805	391.6	1550.393	0.571	0.0883531	857.805	391.6	1550.135	0.606	0.0830195	857.805	391.6	1550.240	0.617	0.0676097	857.805	391.6	1550.342	0.545	0.0760501	
867.805	391.5	1550.394	0.573	0.0884166	867.805	391.5	1550.134	0.610	0.0836083	867.805	391.5	1550.239	0.620	0.0678779	867.805	391.5	1550.342	0.547	0.0762286	
877.806	391.5	1550.394	0.572	0.0885205	877.806	391.5	1550.135	0.609	0.0834894	877.806	391.5	1550.240	0.620	0.0678927	877.806	391.5	1550.343	0.547	0.0763034	
887.807	391.6	1550.393	0.572	0.0882225	887.807	391.6	1550.134	0.607	0.0830518	887.807	391.6	1550.239	0.617	0.0675169	887.807	391.6	1550.342	0.545	0.0759119	
897.808	391.6	1550.394	0.572	0.0884968	897.808	391.6	1550.135	0.609	0.083317	897.808	391.6	1550.241	0.618	0.0677638	897.808	391.6	1550.343	0.546	0.0762102	
907.809	391.6	1550.394	0.572	0.0883972	907.809	391.6	1550.136	0.610	0.0837553	907.809	391.6	1550.241	0.619	0.0679777	907.809	391.6	1550.343	0.546	0.0762579	
917.809	391.6	1550.394	0.572	0.0884455	917.809	391.6	1550.135	0.608	0.0831645	917.809	391.6	1550.241	0.617	0.0676686	917.809	391.6	1550.342	0.545	0.076129	
927.8	391.6	1550.394	0.572	0.0884683	927.8	391.6	1550.134	0.608	0.0833173	927.8	391.6	1550.240	0.619	0.0677869	927.8	391.6	1550.342	0.546	0.0761892	
937.801	391.5	1550.393	0.572	0.0885707	937.801	391.5	1550.134	0.609	0.0834047	937.801	391.5	1550.240	0.619	0.0678738	937.801	391.5	1550.342	0.547	0.0763335	
947.802	391.4	1550.392	0.572	0.0885581	947.802	391.4	1550.133	0.609	0.0833427	947.802	391.4	1550.239	0.619	0.067827	947.802	391.4	1550.341	0.547	0.0762755	
957.802	391.4	1550.392	0.572	0.0884254	957.802	391.4	1550.133	0.609	0.0835229	957.802	391.4	1550.238	0.619	0.0678544	957.802	391.4	1550.341	0.546	0.0761327	
967.803	391.5	1550.393	0.572	0.0885224	967.803	391.5	1550.134	0.607	0.0830845	967.803	391.5	1550.239	0.618	0.067635	967.803	391.5	1550.341	0.546	0.0761661	
977.804	391.5	1550.392	0.571	0.0884104	977.804	391.5	1550.134	0.606	0.083025	977.804	391.5	1550.240	0.616	0.06755	977.804	391.5	1550.341	0.545	0.0760616	
987.814	391.6	1550.393	0.571	0.088396	987.814	391.6	1550.135	0.608	0.0832932	987.814	391.6	1550.240	0.618	0.0677556	987.814	391.6	1550.342	0.546	0.0761585	
997.805	391.6	1550.395	0.573	0.0885839	997.805	391.6	1550.136	0.610	0.0837077	997.805	391.6	1550.241	0.619	0.0679528	997.805	391.6	1550.344	0.547	0.0763682	
1007.81	391.6	1550.395	0.573	0.0887005	1007.81	391.6	1550.135	0.610	0.0834096	1007.81	391.6	1550.241	0.620	0.0679028	1007.81	391.6	1550.344	0.548	0.0764559	
1017.81	391.6	1550.394	0.572	0.0883652	1017.81	391.6	1550.135	0.608	0.0832667	1017.81	391.6	1550.240	0.618	0.0676361	1017.81	391.6	1550.342	0.546	0.0760883	
1027.81	391.5	1550.394	0.572	0.0886835	1027.81	391.5	1550.136	0.608	0.0833014	1027.81	391.5	1550.242	0.619	0.0678184	1027.81	391.5	1550.343	0.547	0.0764204	
1037.81	391.6	1550.394	0.573	0.0885751	1037.81	391.6	1550.136	0.611	0.0838647	1037.81	391.6	1550.241	0.620	0.06803	1037.81	391.6	1550.343	0.547	0.0764623	
1047.81	391.5	1550.393	0.573	0.0885382	1047.81	391.5	1550.133	0.607	0.0831334	1047.81	391.5	1550.239	0.619	0.067631	1047.81	391.5	1550.342	0.547	0.0762113	
1057.81	391.5	1550.393	0.572	0.0887011	1057.81	391.5	1550.134	0.608	0.0831446	1057.81	391.5	1550.240	0.619	0.0677447	1057.81	391.5	1550.342	0.547	0.0763723	
1067.81	391.5	1550.393	0.572	0.0884078	1067.81	391.5	1550.133	0.610	0.0835564	1067.81	391.5	1550.239	0.620	0.0678229	1067.81	391.5	1550.341	0.547	0.076203	
1077.81	391.5	1550.392	0.571	0.0882649	1077.81	391.5	1550.132	0.608	0.0830999	1077.81	391.5	1550.238	0.618	0.0675153	1077.81	391.5	1550.341	0.545	0.0758947	
1087.81	391.5	1550.393	0.571	0.0883274	1087.81	391.5	1550.134	0.608	0.0833052	1087.81	391.5	1550.240	0.618	0.0676779	1087.81	391.5	1550.342	0.546	0.0760837	
1097.81	391.6	1550.395	0.573	0.0886248	1097.81	391.6	1550.135	0.610	0.0836117	1097.81	391.6	1550.241	0.620	0.0679781	1097.81	391.6	1550.343	0.548	0.0764124	
1107.81	391.6	1550.393	0.572	0.0885419	1107.81	391.6	1550.134	0.609	0.0833268	1107.81	391.6	1550.240	0.619	0.0677303	1107.81	391.6	1550.342	0.547	0.0761767	
1117.8	391.5	1550.393	0.571	0.0882695	1117.8	391.5	1550.134	0.607	0.0831606	1117.8	391.5	1550.239	0.617	0.0675686	1117.8	391.5	1550.341	0.545	0.0760116	
1127.81	391.5	1550.394	0.572	0.0885326	1127.81	391.5	1550.135	0.610	0.0835551	1127.81	391.5	1550.240	0.620	0.0679593	1127.81	391.5	1550.343	0.548	0.0763723	
1137.81	391.5	1550.393	0.572	0.0882928	1137.81	391.5	1550.134	0.607	0.0830792	1137.81	391.5	1550.239	0.617	0.0675053	1137.81	391.5	1550.341	0.545	0.0759919	
1147.81	391.6	1550.394	0.572	0.0885296	1147.81	391.6	1550.135	0.610	0.0835381	1147.81	391.6	1550.240	0.620	0.0678863	1147.81	391.6	1550.343	0.547	0.07631	
1157.81	391.6	1550.394	0.572	0.0885276	1157.81	391.6	1550.134	0.609	0.0832136	1157.81	391.6	1550.240	0.619	0.0677043	1157.81	391.6	1550.343	0.546	0.0762257	
1167.81	391.6	1550.394	0.572	0.0885453	1167.81	391.6	1550.135	0.610	0.083554	1167.81	391.6	1550.241	0.619	0.067857	1167.81	391.6	1550.343	0.547	0.0762827	
1177.81	391.6	1550.394	0.573	0.0886823	1177.81	391.6	1550.135	0.609	0.083408	1177.81	391.6	1550.241	0.619	0.0678436	1177.81	391.6	1550.343	0.547	0.0763673	
1187.81	391.6	1550.394	0.571	0.0883249	1187.81	391.6	1550.134	0.610	0.0835084	1187.81	391.6	1550.240	0.619	0.0677935	1187.81	391.6	1550.342	0.545	0.076124	
1197.81	391.6	1550.395	0.572	0.088566	1197.81	391.6	1550.135	0.608	0.083291	1197.81	391.6	1550.241	0.619	0.0677389	1197.81	391.6	1550.343	0.547	0.0762756	
1207.81	391.6	1550.394	0.572	0.0885983	1207.81	391.6	1550.136	0.608	0.0831112	1207.81	391.6	1550.241	0.618	0.0676345	1207.81	391.6	1550.343	0.546	0.0762749	
1217.81	391.6	1550.393	0.571	0.088239	1217.81	391.6	1550.135	0.607	0.0831931	1217.81	391.6	1550.240	0.617	0.0676241	1217.81	391.6	1550.342	0.546	0.0760018	
1227.81	391.5	1550.394	0.572	0.088628	1227.81	391.5	1550.136	0.608	0.0833761	1227.81	391.5	1550.241	0.619	0.0678462	1227.81	391.5	1550.343	0.547	0.0764302	
1237.81	391.5	1550.393	0.573	0.0884527	1237.81	391.5	1550.133	0.607	0.083107	1237.81	391.5	1550.239	0.618	0.0676379	1237.81	391.5	1550.341	0.547	0.0761819	
1247.81	391.5	1550.394	0.572	0.0886191	1247.81	391.5	1550.134	0.610	0.0834325	1247.81	391.5	1550.240	0.621	0.0678802	1247.81	391.5	1550.342	0.547	0.0763875	
1257.81	391.5	1550.392	0.572	0.0883754	1257.81	391.5	1550.134	0.607	0.0831953	1257.81	391.5	1550.239	0.617	0.0676024	1257.81	391.5	1550.341	0.545	0.0760508	
1267.82	391.5	1550.393	0.572	0.0884327	1267.82	391.5	1550.134	0.607	0.0831749	1267.82	391.5	1550.240	0.617	0.0675951	1267.82	391.5	1550.341	0.546	0.0761255	
1277.82	391.5	1550.393	0.571	0.0884032	1277.82	391.5	1550.134	0.609	0.0833812	1277.82	391.5	1550.240	0.618	0.0677671	1277.82	391.5	1550.342	0.545	0.0761988	
1287.82	391.5	1550.393	0.573	0.0885822	1287.82	391.5	1550.134	0.608	0.0832757	1287.82	391.5	1550.240	0.618	0.0677437	1287.82	391.5	1550.342	0.547	0.0763208	
1297.81	391.5	1550.393	0.572	0.0885287	1297.81	391.5	1550.134	0.612	0.083655	1297.81	391.5	1550.240	0.620	0.0679218	1297.81	391.5	1550.342	0.546	0.0763354	
1307.81	391.5	1550.393	0.573	0.0885713	1307.81	391.5	1550.134	0.607	0.0831396	1307.81	391.5	1550.240	0.619	0.0676767	1307.81	391.5	1550.342	0.547	0.0762488	
1317.81	391.5	1550.394	0.572	0.0886921	1317.81	391.5	1550.136	0.610	0.0835648	1317.81	391.5	1550.241	0.619	0.0679148	1317.81	391.5	1550.343	0.547	0.076521	
1327.81	391.5	1550.393	0.572	0.0885312	1327.81	391.5	1550.134	0.608	0.0831359	1327.81	391.5	1550.240	0.618	0.0675963	1327.81	391.5	1550.342	0.546	0.076213	
1337.81	391.5	1550.393	0.572	0.0885668	1337.81	391.5	1550.134	0.610	0.0833805	1337.81	391.5	1550.240	0.619	0.0677426	1337.81	391.5	1550.342	0.547	0.0763239	
1347.81	391.6	1550.394	0.573	0.0885565	1347.81	391.6	1550.135	0.609	0.0834903	1347.81	391.6	1550.240	0.619	0.0677662	1347.81	391.6	1550.343	0.547	0.076301	
1357.81	391.6	1550.395	0.573	0.0886047	1357.81	391.6	1550.137	0.610	0.083628	1357.81	391.6	1550.242	0.620	0.0678887	1357.81	391.6	1550.344	0.548	0.0763992	
1367.81	391.6	1550.395	0.572	0.0885382	1367.81	391.6	1550.136	0.608	0.0833477	1367.81	391.6	1550.242	0.618	0.0677114	1367.81	391.6	1550.344	0.547	0.0763147	
1377.81	391.6	1550.395	0.572	0.0887119	1377.81	391.6	1550.136	0.608	0.0832355	1377.81	391.6	1550.242	0.619	0.0677214	1377.81	391.6	1550.344	0.547	0.0764878	
1387.81	391.5	1550.393	0.572	0.0884144	1387.81	391.5	1550.135	0.608	0.0833091	1387.81	391.5	1550.240	0.617	0.0675945	1387.81	391.5	1550.342	0.546	0.0761932	
1397.82	391.5	1550.393	0.572	0.0884857	1397.82	391.5	1550.132	0.608	0.0830926	1397.82	391.5	1550.239	0.620	0.0675031	1397.82	391.5	1550.341	0.546	0.0761009	
1407.82	391.5	1550.393	0.572	0.0885328	1407.82	391.5	1550.134	0.609	0.0832391	1407.82	391.5	1550.240	0.618	0.0676029	1407.82	391.5	1550.342	0.546	0.0762125	
1417.82	391.5	1550.393	0.572	0.0885644	1417.82	391.5	1550.134	0.610	0.0835554	1417.82	391.5	1550.240	0.620	0.0677757	1417.82	391.5	1550.342	0.547	0.0762842	
1427.82	391.6	1550.393	0.572	0.0884171	1427.82	391.6	1550.135	0.608	0.0831858	1427.82	391.6	1550.240	0.617	0.0675105	1427.82	391.6	1550.342	0.545	0.0761369	
1437.82	391.6	1550.395	0.573	0.0886693	1437.82	391.6	1550.137	0.607	0.0831832	1437.82	391.6	1550.242	0.617	0.0676068	1437.82	391.6	1550.343	0.547	0.0763552	
1447.82	391.6	1550.394	0.571	0.0882243	1447.82	391.6	1550.136	0.607	0.0831341	1447.82	391.6	1550.241	0.616	0.0674385	1447.82	391.6	1550.342	0.545	0.075969	
1457.82	391.6	1550.394	0.572	0.0885009	1457.82	391.6	1550.135	0.608	0.0832394	1457.82	391.6	1550.241	0.618	0.0676387	1457.82	391.6	1550.343	0.546	0.0762221	
1467.81	391.5	1550.394	0.572	0.0886986	1467.81	391.5	1550.134	0.611	0.0835592	1467.81	391.5	1550.241	0.620	0.0677905	1467.81	391.5	1550.343	0.547	0.0764126	
1477.81	391.5	1550.393	0.571	0.0884172	1477.81	391.5	1550.134	0.609	0.0832697	1477.81	391.5	1550.240	0.618	0.0675157	1477.81	391.5	1550.341	0.545	0.0761487	
1487.81	391.5	1550.393	0.572	0.0886105	1487.81	391.5	1550.134	0.608	0.0832904	1487.81	391.5	1550.240	0.619	0.0676761	1487.81	391.5	1550.342	0.547	0.0763294	
1497.81	391.5	1550.395	0.573	0.0887127	1497.81	391.5	1550.137	0.610	0.0836711	1497.81	391.5	1550.242	0.620	0.0678833	1497.81	391.5	1550.344	0.547	0.0765344	
1507.81	391.6	1550.395	0.571	0.0885056	1507.81	391.6	1550.136	0.610	0.0835282	1507.81	391.6	1550.242	0.620	0.0677356	1507.81	391.6	1550.344	0.546	0.0762699	
1517.81	391.6	1550.396	0.573	0.0887836	1517.81	391.6	1550.135	0.611	0.0836874	1517.81	391.6	1550.241	0.622	0.0679362	1517.81	391.6	1550.344	0.548	0.0764922	
1527.82	391.6	1550.395	0.573	0.0886071	1527.82	391.6	1550.135	0.608	0.0833243	1527.82	391.6	1550.241	0.619	0.0676182	1527.82	391.6	1550.343	0.548	0.0762733	
1537.82	391.6	1550.394	0.572	0.0885313	1537.82	391.6	1550.135	0.608	0.0831894	1537.82	391.6	1550.241	0.618	0.0675307	1537.82	391.6	1550.343	0.546	0.0762128	
1547.82	391.6	1550.394	0.572	0.0885343	1547.82	391.6	1550.135	0.609	0.0835853	1547.82	391.6	1550.241	0.619	0.0677481	1547.82	391.6	1550.342	0.547	0.0763252	
1557.82	391.5	1550.393	0.571	0.0883846	1557.82	391.5	1550.135	0.609	0.0833386	1557.82	391.5	1550.240	0.618	0.0675476	1557.82	391.5	1550.342	0.545	0.0761183	
1567.82	391.6	1550.395	0.573	0.0887824	1567.82	391.6	1550.135	0.611	0.0836974	1567.82	391.6	1550.241	0.622	0.0678834	1567.82	391.6	1550.344	0.548	0.0765738	
1577.82	391.6	1550.394	0.571	0.0883661	1577.82	391.6	1550.135	0.608	0.0832481	1577.82	391.6	1550.241	0.618	0.0674589	1577.82	391.6	1550.342	0.545	0.0760304	
1587.83	391.6	1550.394	0.571	0.0883373	1587.83	391.6	1550.134	0.608	0.083215	1587.83	391.6	1550.240	0.619	0.0674935	1587.83	391.6	1550.343	0.546	0.0760707	
1597.82	391.6	1550.394	0.571	0.0885651	1597.82	391.6	1550.135	0.609	0.083157	1597.82	391.6	1550.242	0.618	0.0674821	1597.82	391.6	1550.343	0.545	0.0762437	
1607.82	391.6	1550.394	0.572	0.0887152	1607.82	391.6	1550.135	0.610	0.0834822	1607.82	391.6	1550.241	0.620	0.0676704	1607.82	391.6	1550.343	0.547	0.0764172	
1617.82	391.5	1550.394	0.573	0.0886945	1617.82	391.5	1550.135	0.610	0.0836173	1617.82	391.5	1550.241	0.620	0.0677468	1617.82	391.5	1550.342	0.548	0.0764795	
1627.82	391.5	1550.393	0.573	0.0886165	1627.82	391.5	1550.134	0.608	0.08333	1627.82	391.5	1550.240	0.619	0.0676111	1627.82	391.5	1550.341	0.547	0.076332	
1637.82	391.5	1550.393	0.573	0.0885791	1637.82	391.5	1550.133	0.612	0.084019	1637.82	391.5	1550.239	0.622	0.0679661	1637.82	391.5	1550.341	0.548	0.0764388	
1647.81	391.5	1550.392	0.570	0.0884341	1647.81	391.5	1550.133	0.609	0.0832548	1647.81	391.5	1550.239	0.618	0.0674814	1647.81	391.5	1550.341	0.545	0.0761172	
1657.82	391.5	1550.393	0.572	0.0885228	1657.82	391.5	1550.134	0.608	0.0831895	1657.82	391.5	1550.240	0.618	0.0674984	1657.82	391.5	1550.342	0.546	0.0762211	
1667.82	391.6	1550.394	0.572	0.0886448	1667.82	391.6	1550.135	0.607	0.0830313	1667.82	391.6	1550.241	0.618	0.0674941	1667.82	391.6	1550.342	0.547	0.0763282	
1677.82	391.6	1550.395	0.574	0.0888822	1677.82	391.6	1550.136	0.611	0.0836541	1677.82	391.6	1550.242	0.621	0.0678388	1677.82	391.6	1550.344	0.549	0.0766671	
1687.82	391.6	1550.395	0.571	0.0885096	1687.82	391.6	1550.136	0.611	0.083701	1687.82	391.6	1550.242	0.621	0.0678452	1687.82	391.6	1550.343	0.547	0.0764173	
1697.82	391.6	1550.394	0.572	0.0883415	1697.82	391.6	1550.134	0.608	0.0832582	1697.82	391.6	1550.240	0.618	0.0674384	1697.82	391.6	1550.342	0.546	0.0760428	
1707.82	391.6	1550.393	0.572	0.088373	1707.82	391.6	1550.134	0.609	0.0835528	1707.82	391.6	1550.240	0.619	0.0675873	1707.82	391.6	1550.342	0.546	0.0761146	
1717.82	391.5	1550.392	0.570	0.0880475	1717.82	391.5	1550.133	0.605	0.0826946	1717.82	391.5	1550.239	0.615	0.0670536	1717.82	391.5	1550.340	0.543	0.075666	
1727.82	391.5	1550.393	0.571	0.0883803	1727.82	391.5	1550.134	0.609	0.083434	1727.82	391.5	1550.240	0.619	0.0676636	1727.82	391.5	1550.342	0.546	0.0762224	
1737.82	391.6	1550.394	0.572	0.0883902	1737.82	391.6	1550.135	0.609	0.0834748	1737.82	391.6	1550.240	0.618	0.0675603	1737.82	391.6	1550.342	0.546	0.0761772	
1747.82	391.6	1550.394	0.572	0.0885513	1747.82	391.6	1550.135	0.608	0.0831625	1747.82	391.6	1550.241	0.618	0.0674759	1747.82	391.6	1550.343	0.546	0.0762964	
1757.82	391.6	1550.394	0.571	0.0883912	1757.82	391.6	1550.134	0.608	0.0832329	1757.82	391.6	1550.240	0.619	0.0675008	1757.82	391.6	1550.342	0.546	0.0761525	
1767.82	391.5	1550.394	0.572	0.0885005	1767.82	391.5	1550.134	0.609	0.0834839	1767.82	391.5	1550.240	0.620	0.0676215	1767.82	391.5	1550.342	0.547	0.0762431	
1777.83	391.5	1550.393	0.570	0.0881908	1777.83	391.5	1550.135	0.607	0.0833131	1777.83	391.5	1550.240	0.618	0.0674327	1777.83	391.5	1550.341	0.545	0.0760201	
1787.83	391.6	1550.394	0.572	0.0886411	1787.83	391.6	1550.136	0.610	0.0835575	1787.83	391.6	1550.242	0.620	0.0677482	1787.83	391.6	1550.343	0.547	0.076465	
1797.83	391.6	1550.394	0.572	0.088584	1797.83	391.6	1550.136	0.609	0.083383	1797.83	391.6	1550.241	0.619	0.0675917	1797.83	391.6	1550.343	0.546	0.0763445	
1807.82	391.7	1550.396	0.573	0.0886663	1807.82	391.7	1550.136	0.610	0.0835975	1807.82	391.7	1550.242	0.621	0.0677484	1807.82	391.7	1550.344	0.548	0.0764439	
1817.82	391.7	1550.394	0.571	0.0883654	1817.82	391.7	1550.135	0.608	0.0831593	1817.82	391.7	1550.241	0.619	0.0673548	1817.82	391.7	1550.343	0.545	0.0760659	
1827.82	391.6	1550.394	0.572	0.0884413	1827.82	391.6	1550.136	0.607	0.0832281	1827.82	391.6	1550.241	0.618	0.0674324	1827.82	391.6	1550.342	0.546	0.0761329	
1837.82	391.6	1550.394	0.571	0.0883626	1837.82	391.6	1550.135	0.609	0.0834298	1837.82	391.6	1550.241	0.619	0.067506	1837.82	391.6	1550.342	0.545	0.0761603	
1847.82	391.6	1550.394	0.572	0.0885246	1847.82	391.6	1550.137	0.609	0.0835514	1847.82	391.6	1550.242	0.619	0.0676661	1847.82	391.6	1550.343	0.546	0.0763185	
1857.82	391.6	1550.395	0.573	0.0887406	1857.82	391.6	1550.136	0.611	0.0837983	1857.82	391.6	1550.242	0.622	0.0678777	1857.82	391.6	1550.343	0.548	0.076579	
1867.83	391.7	1550.394	0.572	0.0882933	1867.83	391.7	1550.134	0.608	0.083301	1867.83	391.7	1550.240	0.618	0.0673341	1867.83	391.7	1550.341	0.546	0.0759602	
1877.82	391.7	1550.395	0.572	0.0886148	1877.82	391.7	1550.136	0.608	0.0831524	1877.82	391.7	1550.242	0.619	0.0674891	1877.82	391.7	1550.344	0.547	0.0763015	
1887.82	391.7	1550.395	0.572	0.0885134	1887.82	391.7	1550.136	0.607	0.083064	1887.82	391.7	1550.242	0.618	0.0673937	1887.82	391.7	1550.343	0.546	0.0762112	
1897.82	391.7	1550.395	0.573	0.0884754	1897.82	391.7	1550.135	0.607	0.0831893	1897.82	391.7	1550.241	0.619	0.0674242	1897.82	391.7	1550.343	0.547	0.0761945	
1907.83	391.7	1550.396	0.573	0.0887453	1907.83	391.7	1550.137	0.609	0.0833906	1907.83	391.7	1550.243	0.620	0.0676556	1907.83	391.7	1550.344	0.548	0.0764977	
1917.83	391.7	1550.394	0.573	0.088614	1917.83	391.7	1550.136	0.609	0.0834263	1917.83	391.7	1550.241	0.620	0.0676582	1917.83	391.7	1550.343	0.547	0.0763522	
1927.83	391.6	1550.394	0.572	0.0884118	1927.83	391.6	1550.135	0.609	0.0835002	1927.83	391.6	1550.241	0.620	0.0676066	1927.83	391.6	1550.343	0.547	0.0762297	
1937.83	391.7	1550.394	0.572	0.088529	1937.83	391.7	1550.136	0.609	0.0835127	1937.83	391.7	1550.241	0.619	0.0676757	1937.83	391.7	1550.343	0.547	0.076379	
1947.83	391.6	1550.394	0.573	0.0885832	1947.83	391.6	1550.135	0.608	0.0833388	1947.83	391.6	1550.241	0.619	0.0674984	1947.83	391.6	1550.342	0.547	0.0762505	
1957.83	391.6	1550.394	0.573	0.0885776	1957.83	391.6	1550.135	0.607	0.0830719	1957.83	391.6	1550.241	0.618	0.067397	1957.83	391.6	1550.342	0.547	0.0762981	
1967.83	391.7	1550.394	0.570	0.088214	1967.83	391.7	1550.134	0.608	0.0831363	1967.83	391.7	1550.241	0.618	0.0672913	1967.83	391.7	1550.342	0.544	0.075936	
1977.83	391.7	1550.395	0.573	0.0886423	1977.83	391.7	1550.137	0.610	0.0836581	1977.83	391.7	1550.243	0.620	0.0678018	1977.83	391.7	1550.344	0.548	0.0765167	
1987.83	391.6	1550.394	0.572	0.088539	1987.83	391.6	1550.135	0.609	0.0834717	1987.83	391.6	1550.241	0.620	0.0675649	1987.83	391.6	1550.342	0.547	0.0762267	
1997.82	391.6	1550.394	0.572	0.0885026	1997.82	391.6	1550.135	0.609	0.0835173	1997.82	391.6	1550.241	0.620	0.0676886	1997.82	391.6	1550.342	0.547	0.0763235	
2007.82	391.6	1550.394	0.573	0.0886545	2007.82	391.6	1550.134	0.609	0.0833396	2007.82	391.6	1550.241	0.619	0.0675668	2007.82	391.6	1550.342	0.547	0.0763711	
2017.82	391.6	1550.394	0.572	0.0884954	2017.82	391.6	1550.135	0.610	0.0835823	2017.82	391.6	1550.241	0.620	0.0677181	2017.82	391.6	1550.342	0.547	0.0762348	
2027.82	391.6	1550.394	0.572	0.0885735	2027.82	391.6	1550.136	0.609	0.0834298	2027.82	391.6	1550.242	0.619	0.0675761	2027.82	391.6	1550.343	0.546	0.0763425	
2037.83	391.7	1550.395	0.572	0.0883718	2037.83	391.7	1550.136	0.609	0.0835524	2037.83	391.7	1550.242	0.619	0.0676675	2037.83	391.7	1550.343	0.546	0.0762158	
2047.83	391.7	1550.395	0.572	0.0885446	2047.83	391.7	1550.137	0.610	0.0835654	2047.83	391.7	1550.243	0.619	0.0676971	2047.83	391.7	1550.344	0.546	0.0763424	
2057.83	391.7	1550.395	0.571	0.088293	2057.83	391.7	1550.136	0.611	0.0838217	2057.83	391.7	1550.242	0.620	0.0677091	2057.83	391.7	1550.343	0.545	0.0761324	
2067.83	391.7	1550.395	0.571	0.0885032	2067.83	391.7	1550.136	0.610	0.0833297	2067.83	391.7	1550.243	0.620	0.0675837	2067.83	391.7	1550.344	0.545	0.0762265	
2077.83	391.7	1550.395	0.572	0.0883745	2077.83	391.7	1550.136	0.610	0.0837268	2077.83	391.7	1550.242	0.621	0.0678154	2077.83	391.7	1550.344	0.547	0.0763263	
2087.83	391.7	1550.396	0.573	0.088684	2087.83	391.7	1550.136	0.610	0.0834057	2087.83	391.7	1550.243	0.620	0.0676706	2087.83	391.7	1550.344	0.547	0.0763909	
2097.83	391.7	1550.395	0.573	0.0884928	2097.83	391.7	1550.135	0.608	0.083314	2097.83	391.7	1550.241	0.620	0.0676221	2097.83	391.7	1550.343	0.547	0.076238	
2107.83	391.7	1550.395	0.572	0.0885995	2107.83	391.7	1550.136	0.609	0.0833921	2107.83	391.7	1550.242	0.620	0.0676855	2107.83	391.7	1550.344	0.547	0.0763822	
2117.83	391.6	1550.394	0.572	0.088426	2117.83	391.6	1550.135	0.609	0.0834013	2117.83	391.6	1550.241	0.620	0.0676534	2117.83	391.6	1550.343	0.547	0.0762535	
2127.83	391.6	1550.394	0.572	0.0884157	2127.83	391.6	1550.135	0.609	0.0833764	2127.83	391.6	1550.241	0.619	0.0675472	2127.83	391.6	1550.342	0.546	0.0761429	
2137.83	391.6	1550.393	0.572	0.0882393	2137.83	391.6	1550.133	0.610	0.0835463	2137.83	391.6	1550.240	0.619	0.0675878	2137.83	391.6	1550.341	0.546	0.0760531	
2147.83	391.6	1550.393	0.572	0.0884268	2147.83	391.6	1550.134	0.609	0.0835019	2147.83	391.6	1550.240	0.620	0.0676503	2147.83	391.6	1550.341	0.547	0.076247	
2157.83	391.6	1550.393	0.573	0.0885321	2157.83	391.6	1550.134	0.608	0.0832373	2157.83	391.6	1550.240	0.620	0.0675801	2157.83	391.6	1550.342	0.547	0.0763097	
2167.83	391.6	1550.395	0.572	0.0887023	2167.83	391.6	1550.135	0.611	0.0833654	2167.83	391.6	1550.242	0.621	0.0676864	2167.83	391.6	1550.343	0.546	0.0764266	
2177.83	391.7	1550.394	0.571	0.0884631	2177.83	391.7	1550.135	0.610	0.0836227	2177.83	391.7	1550.242	0.620	0.0677444	2177.83	391.7	1550.343	0.546	0.0762822	
2187.83	391.7	1550.394	0.572	0.0883425	2187.83	391.7	1550.135	0.608	0.0832989	2187.83	391.7	1550.241	0.618	0.0675616	2187.83	391.7	1550.342	0.546	0.0761093	
2197.83	391.7	1550.395	0.572	0.0884986	2197.83	391.7	1550.135	0.608	0.0831373	2197.83	391.7	1550.242	0.619	0.0674949	2197.83	391.7	1550.343	0.546	0.0761559	
2207.83	391.6	1550.394	0.573	0.0885366	2207.83	391.6	1550.136	0.608	0.0835169	2207.83	391.6	1550.242	0.619	0.067784	2207.83	391.6	1550.343	0.547	0.0763157	
2217.83	391.6	1550.394	0.572	0.0884552	2217.83	391.6	1550.135	0.610	0.0836846	2217.83	391.6	1550.241	0.621	0.0678763	2217.83	391.6	1550.343	0.547	0.0763042	
2227.83	391.6	1550.394	0.572	0.0886142	2227.83	391.6	1550.135	0.610	0.0835367	2227.83	391.6	1550.242	0.620	0.0677932	2227.83	391.6	1550.343	0.547	0.0763929	
2237.84	391.6	1550.394	0.572	0.0885513	2237.84	391.6	1550.136	0.608	0.0831983	2237.84	391.6	1550.242	0.619	0.067655	2237.84	391.6	1550.342	0.546	0.0762851	
