2.77200007439	35.7	1546.124	1546.222	
7.77399992943	35.7	1546.124	1546.223	
12.7799999714	35.7	1546.124	1546.228	
17.7820000648	35.7	1546.124	1546.227	
22.7850000858	35.7	1546.128	1546.227	
27.7879998684	35.7	1546.123	1546.221	
32.7909998894	35.7	1546.124	1546.222	
37.7939999104	35.7	1546.123	1546.222	
42.7869999409	35.7	1546.123	1546.221	
47.7890000343	35.7	1546.114	1546.222	
52.7920000553	35.8	1546.108	1546.228	
57.7950000763	35.8	1546.120	1546.222	
62.7980000973	35.8	1546.121	1546.222	
67.7999999523	36.1	1546.127	1546.222	
72.8029999733	36.8	1546.142	1546.223	
77.8059999943	37.4	1546.163	1546.229	
82.8090000153	38.2	1546.168	1546.230	
87.8120000362	39.0	1546.177	1546.238	
92.8150000572	39.9	1546.200	1546.240	
97.8169999123	40.7	1546.205	1546.241	
102.819999933	41.6	1546.220	1546.248	
107.822999954	42.9	1546.241	1546.251	
112.825999975	43.9	1546.249	1546.269	
117.828999996	44.8	1546.254	1546.269	
122.83100009	45.8	1546.267	1546.284	
127.833999872	46.7	1546.280	1546.281	
132.836999893	47.7	1546.302	1546.293	
137.839999914	48.8	1546.305	1546.302	
142.842999935	49.9	1546.325	1546.305	
147.845999956	50.6	1546.339	1546.312	
152.838000059	51.5	1546.343	1546.321	
157.84100008	52.6	1546.358	1546.329	
162.843999863	53.5	1546.369	1546.344	
167.846999884	54.4	1546.376	1546.358	
172.848999977	55.5	1546.393	1546.361	
177.851999998	56.6	1546.405	1546.374	
182.855000019	57.5	1546.421	1546.378	
187.85800004	58.4	1546.419	1546.386	
192.861000061	59.6	1546.432	1546.406	
197.862999916	60.4	1546.432	1546.415	
202.865999937	61.1	1546.452	1546.416	
207.868999958	62.1	1546.462	1546.424	
212.871000051	63.1	1546.478	1546.435	
217.874000072	64.3	1546.492	1546.447	
222.877000093	65.2	1546.498	1546.456	
227.879999876	66.1	1546.511	1546.464	
232.881999969	67.1	1546.508	1546.467	
237.88499999	68.2	1546.535	1546.486	
242.888000011	69.3	1546.540	1546.491	
247.889999866	70.2	1546.566	1546.497	
252.892999887	71.5	1546.574	1546.516	
257.895999908	72.4	1546.572	1546.520	
262.898999929	73.4	1546.599	1546.535	
267.901000023	74.2	1546.601	1546.533	
272.904000044	75.2	1546.609	1546.547	
277.907000065	76.0	1546.609	1546.558	
282.90899992	77.0	1546.631	1546.580	
287.911000013	78.0	1546.634	1546.582	
292.90199995	79.1	1546.664	1546.592	
297.902999878	79.9	1546.677	1546.599	
302.904000044	81.1	1546.682	1546.611	
307.904999971	82.3	1546.700	1546.618	
312.907000065	83.4	1546.713	1546.632	
317.907999992	85.0	1546.726	1546.642	
322.90899992	86.0	1546.749	1546.655	
327.910000086	87.3	1546.755	1546.665	
332.911999941	88.4	1546.774	1546.678	
337.912999868	89.8	1546.787	1546.683	
342.914000034	90.9	1546.814	1546.696	
347.914999962	92.0	1546.816	1546.716	
352.917000055	93.3	1546.832	1546.722	
357.917999983	94.4	1546.847	1546.735	
362.920000076	95.6	1546.867	1546.756	
367.921000004	97.0	1546.880	1546.760	
372.921999931	98.4	1546.890	1546.775	
377.923000097	99.6	1546.908	1546.785	
382.924999952	100.7	1546.926	1546.794	
387.92599988	101.8	1546.932	1546.809	
392.927000046	103.1	1546.947	1546.825	
397.928999901	104.5	1546.963	1546.833	
402.930000067	105.7	1546.990	1546.849	
407.930999994	106.7	1546.997	1546.858	
412.931999922	107.8	1547.018	1546.878	
417.933000088	109.0	1547.015	1546.892	
422.934999943	110.4	1547.037	1546.898	
427.93599987	111.6	1547.044	1546.912	
432.937000036	112.8	1547.066	1546.933	
437.937999964	113.8	1547.077	1546.942	
442.928999901	115.1	1547.093	1546.953	
447.930999994	116.1	1547.102	1546.966	
452.931999922	117.6	1547.131	1546.981	
457.933000088	118.7	1547.131	1546.991	
462.934999943	119.5	1547.139	1547.006	
467.93599987	120.5	1547.157	1547.015	
472.937999964	121.9	1547.177	1547.031	
477.938999891	123.2	1547.182	1547.046	
482.940000057	124.6	1547.207	1547.050	
487.940999985	125.7	1547.207	1547.065	
492.943000078	126.6	1547.236	1547.073	
497.944000006	127.6	1547.245	1547.083	
502.945999861	128.8	1547.239	1547.104	
507.947000027	129.8	1547.270	1547.111	
512.947999954	131.0	1547.298	1547.127	
517.948999882	132.2	1547.297	1547.134	
522.950999975	132.7	1547.306	1547.144	
527.951999903	134.0	1547.316	1547.148	
532.953000069	135.2	1547.339	1547.180	
537.953999996	136.4	1547.357	1547.184	
542.95600009	137.6	1547.367	1547.199	
547.957000017	138.9	1547.382	1547.213	
552.957999945	140.0	1547.372	1547.217	
557.960000038	141.1	1547.408	1547.237	
562.950999975	142.0	1547.406	1547.241	
567.951999903	143.2	1547.432	1547.251	
572.953000069	144.3	1547.429	1547.266	
577.954999924	145.1	1547.451	1547.280	
582.95600009	145.9	1547.470	1547.290	
587.967000008	146.9	1547.468	1547.298	
592.957999945	147.7	1547.499	1547.319	
597.957999945	148.8	1547.513	1547.323	
602.958999872	150.0	1547.510	1547.337	
607.960000038	151.0	1547.536	1547.347	
612.960999966	152.6	1547.554	1547.362	
617.961999893	153.4	1547.570	1547.377	
622.961999893	154.5	1547.574	1547.391	
627.963999987	155.5	1547.580	1547.405	
632.963999987	156.7	1547.607	1547.417	
637.964999914	157.8	1547.613	1547.421	
642.96600008	158.8	1547.615	1547.441	
647.967000008	159.5	1547.634	1547.443	
652.967999935	160.4	1547.645	1547.465	
657.967999935	161.5	1547.652	1547.473	
662.968999863	162.5	1547.674	1547.483	
667.970000029	163.6	1547.677	1547.491	
672.970999956	164.1	1547.684	1547.505	
677.971999884	165.1	1547.706	1547.520	
682.961999893	166.2	1547.726	1547.533	
687.963000059	167.4	1547.733	1547.537	
692.963999987	168.4	1547.740	1547.554	
697.964999914	169.7	1547.774	1547.567	
702.96600008	170.5	1547.774	1547.570	
707.96600008	171.6	1547.789	1547.581	
712.967000008	172.4	1547.777	1547.589	
717.967999935	173.2	1547.822	1547.609	
722.967999935	174.4	1547.837	1547.618	
727.968999863	175.3	1547.841	1547.638	
732.968999863	176.2	1547.854	1547.642	
737.968999863	177.1	1547.852	1547.652	
742.970000029	178.0	1547.871	1547.671	
747.970000029	178.7	1547.882	1547.679	
752.970999956	179.9	1547.899	1547.683	
757.970999956	180.7	1547.911	1547.704	
762.971999884	181.6	1547.904	1547.714	
767.97300005	182.3	1547.925	1547.721	
772.97300005	182.7	1547.924	1547.734	
777.973999977	183.5	1547.938	1547.744	
782.974999905	184.7	1547.953	1547.765	
787.974999905	185.5	1547.961	1547.768	
792.976000071	186.2	1547.963	1547.775	
797.976000071	187.0	1547.985	1547.785	
802.967000008	188.1	1548.005	1547.800	
807.977999926	189.2	1548.017	1547.805	
812.968999863	190.3	1548.008	1547.822	
817.968999863	190.8	1548.016	1547.824	
822.968999863	191.3	1548.046	1547.836	
827.970000029	192.2	1548.055	1547.847	
832.970999956	193.0	1548.042	1547.861	
837.970999956	193.6	1548.073	1547.869	
842.971999884	194.1	1548.070	1547.878	
847.97300005	194.6	1548.079	1547.881	
852.973999977	195.9	1548.098	1547.906	
857.974999905	196.9	1548.104	1547.914	
862.974999905	197.3	1548.119	1547.911	
867.976000071	198.1	1548.115	1547.926	
872.976000071	198.6	1548.131	1547.934	
877.976999998	199.5	1548.128	1547.937	
882.976999998	200.4	1548.146	1547.956	
887.977999926	201.0	1548.172	1547.965	
892.979000092	201.4	1548.171	1547.967	
897.979000092	202.4	1548.184	1547.986	
902.980000019	203.0	1548.194	1547.990	
907.970999956	203.6	1548.199	1548.002	
912.971999884	204.4	1548.209	1548.005	
917.97300005	205.0	1548.216	1548.019	
922.973999977	205.8	1548.219	1548.027	
927.973999977	206.4	1548.241	1548.028	
932.974999905	207.2	1548.249	1548.048	
937.974999905	208.0	1548.244	1548.050	
942.976000071	208.8	1548.270	1548.063	
947.976000071	209.2	1548.276	1548.073	
952.976999998	210.0	1548.270	1548.079	
957.976999998	210.6	1548.285	1548.088	
962.977999926	211.2	1548.302	1548.096	
967.977999926	212.2	1548.314	1548.104	
972.979000092	212.9	1548.328	1548.118	
977.979000092	213.7	1548.340	1548.126	
982.980000019	214.1	1548.340	1548.129	
987.980000019	214.9	1548.359	1548.137	
992.980999947	215.8	1548.356	1548.150	
997.981999874	216.4	1548.370	1548.163	
1002.98199987	216.7	1548.376	1548.161	
1007.98300004	217.6	1548.379	1548.170	
1012.98300004	218.4	1548.395	1548.188	
1017.98399997	219.0	1548.395	1548.197	
1022.97399998	219.6	1548.423	1548.204	
1027.9749999	220.2	1548.408	1548.212	
1032.9749999	221.0	1548.416	1548.214	
1037.97600007	221.8	1548.441	1548.224	
1042.97600007	222.5	1548.450	1548.232	
1047.977	223.2	1548.440	1548.234	
1052.97799993	223.7	1548.468	1548.243	
1057.97900009	224.5	1548.471	1548.266	
1062.97900009	225.2	1548.474	1548.270	
1067.98000002	225.9	1548.483	1548.272	
1072.98000002	226.5	1548.492	1548.287	
1077.98099995	226.9	1548.503	1548.289	
1082.98199987	227.7	1548.514	1548.301	
1087.98199987	228.0	1548.518	1548.304	
1092.98300004	228.8	1548.518	1548.320	
1097.98300004	229.3	1548.542	1548.325	
1102.98399997	230.0	1548.549	1548.336	
1107.98399997	231.3	1548.561	1548.336	
1112.98399997	231.7	1548.560	1548.345	
1117.9849999	231.8	1548.560	1548.358	
1122.9849999	232.4	1548.572	1548.367	
1127.98600006	233.0	1548.592	1548.373	
1132.977	234.0	1548.593	1548.384	
1137.977	234.6	1548.603	1548.391	
1142.97799993	235.0	1548.598	1548.394	
1147.97799993	235.6	1548.621	1548.400	
1152.97900009	236.2	1548.625	1548.408	
1157.98000002	236.8	1548.621	1548.422	
1162.98000002	237.5	1548.636	1548.431	
1167.98099995	238.3	1548.657	1548.433	
1172.98099995	239.0	1548.665	1548.441	
1177.98199987	239.5	1548.670	1548.450	
1182.98199987	240.3	1548.681	1548.458	
1187.98300004	241.0	1548.697	1548.465	
1192.98300004	241.9	1548.711	1548.480	
1197.98399997	242.7	1548.717	1548.488	
1202.9849999	243.6	1548.721	1548.497	
1207.9849999	244.4	1548.731	1548.510	
1212.98600006	245.4	1548.763	1548.513	
1217.98600006	245.8	1548.765	1548.522	
1222.98699999	246.5	1548.770	1548.530	
1227.98799992	247.2	1548.762	1548.533	
1232.98900008	248.0	1548.775	1548.547	
1237.98000002	248.8	1548.787	1548.561	
1242.98000002	249.5	1548.813	1548.570	
1247.98099995	250.3	1548.823	1548.571	
1252.98099995	250.8	1548.828	1548.590	
1257.98199987	251.3	1548.841	1548.600	
1262.98199987	252.0	1548.830	1548.602	
1267.98300004	252.7	1548.839	1548.618	
1272.98300004	253.1	1548.855	1548.618	
1277.98399997	253.8	1548.871	1548.633	
1282.98399997	254.7	1548.870	1548.636	
1287.9849999	255.3	1548.871	1548.651	
1292.9849999	256.3	1548.885	1548.658	
1297.9849999	257.0	1548.896	1548.661	
1302.98600006	257.9	1548.925	1548.668	
1307.98600006	258.7	1548.917	1548.695	
1312.98699999	259.2	1548.930	1548.692	
1317.98699999	259.8	1548.940	1548.702	
1322.98799992	260.6	1548.951	1548.708	
1327.98799992	261.1	1548.970	1548.724	
1332.98900008	262.2	1548.960	1548.737	
1337.98900008	262.7	1548.974	1548.738	
1342.99000001	263.4	1548.990	1548.747	
1347.99099994	264.4	1548.995	1548.757	
1352.99099994	265.3	1549.000	1548.771	
1357.98099995	265.7	1549.008	1548.775	
1362.98199987	266.6	1549.017	1548.787	
1367.98199987	267.2	1549.032	1548.801	
1372.98300004	267.6	1549.043	1548.809	
1377.98300004	268.1	1549.036	1548.811	
1382.98399997	268.7	1549.041	1548.826	
1387.98399997	269.4	1549.060	1548.833	
1392.98399997	270.0	1549.065	1548.829	
1397.9849999	270.7	1549.082	1548.837	
1402.9849999	271.1	1549.082	1548.858	
1407.98600006	271.5	1549.090	1548.859	
1412.98699999	272.2	1549.095	1548.867	
1417.98699999	273.1	1549.097	1548.874	
1422.98799992	273.8	1549.112	1548.884	
1427.98799992	274.6	1549.109	1548.891	
1432.98900008	275.0	1549.118	1548.905	
1437.98900008	275.6	1549.120	1548.908	
1442.99000001	276.0	1549.138	1548.916	
1447.99000001	276.7	1549.144	1548.930	
1452.99099994	276.8	1549.142	1548.932	
1457.99099994	277.6	1549.164	1548.945	
1462.99199986	277.9	1549.160	1548.953	
1467.99199986	278.6	1549.167	1548.951	
1472.98399997	279.3	1549.176	1548.963	
1477.98399997	279.8	1549.182	1548.973	
1482.9849999	280.4	1549.205	1548.973	
1487.99499989	281.3	1549.219	1548.992	
1492.9849999	281.8	1549.199	1548.997	
1497.98600006	281.9	1549.213	1548.999	
1502.98699999	282.6	1549.219	1549.018	
1507.98699999	283.0	1549.227	1549.019	
1512.98799992	283.5	1549.233	1549.033	
1517.98900008	284.5	1549.240	1549.030	
1522.98900008	285.2	1549.244	1549.044	
1527.99000001	285.6	1549.253	1549.051	
1532.99099994	285.9	1549.281	1549.055	
1537.99099994	286.7	1549.269	1549.061	
1542.99199986	287.3	1549.279	1549.070	
1547.99199986	287.7	1549.293	1549.083	
1552.99199986	288.4	1549.290	1549.096	
1557.99300003	289.1	1549.298	1549.099	
1562.99300003	289.3	1549.315	1549.094	
1567.99399996	289.8	1549.329	1549.108	
1572.99399996	290.2	1549.323	1549.116	
1577.9849999	291.2	1549.340	1549.124	
1582.9849999	291.7	1549.328	1549.131	
1587.98600006	292.1	1549.355	1549.139	
1592.98699999	292.8	1549.358	1549.147	
1597.98699999	293.3	1549.372	1549.149	
1602.98799992	293.8	1549.368	1549.156	
1607.98799992	294.5	1549.376	1549.165	
1612.98900008	295.0	1549.389	1549.179	
1617.99000001	295.6	1549.394	1549.185	
1622.99099994	296.4	1549.399	1549.192	
1627.99099994	296.9	1549.404	1549.201	
1632.99099994	297.5	1549.405	1549.208	
1637.99199986	297.8	1549.432	1549.211	
1642.99199986	298.5	1549.421	1549.218	
1647.99300003	299.1	1549.428	1549.219	
1652.99300003	299.4	1549.458	1549.228	
1657.99399996	300.2	1549.446	1549.235	
1662.99399996	300.9	1549.460	1549.249	
1667.99499989	301.4	1549.463	1549.251	
1672.99499989	301.9	1549.478	1549.264	
1677.99600005	302.6	1549.496	1549.272	
1682.99600005	303.0	1549.490	1549.275	
1687.98699999	303.7	1549.504	1549.283	
1692.98799992	304.1	1549.495	1549.291	
1697.98900008	304.9	1549.512	1549.291	
1702.99000001	305.5	1549.517	1549.312	
1707.99000001	306.0	1549.536	1549.309	
1712.99000001	306.5	1549.533	1549.321	
1717.99099994	307.4	1549.541	1549.335	
1722.99099994	308.1	1549.563	1549.339	
1727.99199986	309.0	1549.564	1549.340	
1732.99199986	309.6	1549.568	1549.353	
1737.99300003	310.0	1549.589	1549.367	
1742.99300003	310.2	1549.577	1549.370	
1747.99399996	311.1	1549.597	1549.377	
1752.99499989	311.5	1549.601	1549.385	
1757.99499989	311.6	1549.604	1549.387	
1762.99600005	312.3	1549.639	1549.401	
1767.99699998	313.1	1549.627	1549.409	
1772.99699998	313.6	1549.633	1549.417	
1777.99799991	314.1	1549.630	1549.425	
1782.99799991	314.5	1549.645	1549.428	
1787.99900007	314.8	1549.646	1549.435	
1792.99000001	315.3	1549.646	1549.448	
1797.99000001	315.8	1549.652	1549.450	
1802.99099994	316.5	1549.670	1549.457	
1807.99199986	316.6	1549.677	1549.465	
1812.99300003	317.1	1549.689	1549.473	
1817.99300003	317.6	1549.678	1549.481	
1822.99399996	318.1	1549.687	1549.483	
1827.99499989	318.9	1549.702	1549.502	
1832.99499989	319.0	1549.700	1549.499	
1837.99600005	319.8	1549.714	1549.511	
1842.99699998	320.0	1549.725	1549.507	
1847.99699998	320.3	1549.724	1549.516	
1852.99799991	321.0	1549.727	1549.524	
1857.99799991	321.4	1549.745	1549.537	
1863.0	321.9	1549.756	1549.544	
1868.0	322.3	1549.749	1549.552	
1873.00099993	322.7	1549.765	1549.560	
1878.00099993	323.5	1549.783	1549.557	
1883.00200009	323.8	1549.770	1549.558	
1888.00300002	324.3	1549.765	1549.565	
1893.00300002	324.7	1549.770	1549.583	
1897.99399996	325.2	1549.786	1549.586	
1902.99499989	325.5	1549.804	1549.591	
1907.99499989	326.0	1549.794	1549.595	
1912.99600005	326.2	1549.802	1549.597	
1917.99699998	327.0	1549.813	1549.616	
1922.99799991	327.4	1549.820	1549.611	
1927.99900007	327.7	1549.811	1549.624	
1933.0	328.7	1549.831	1549.626	
1938.0	329.0	1549.833	1549.627	
1943.00099993	329.6	1549.850	1549.642	
1948.00200009	330.4	1549.861	1549.650	
1953.00200009	330.8	1549.867	1549.647	
1958.00300002	331.3	1549.875	1549.664	
1963.00300002	331.7	1549.877	1549.666	
1968.00399995	332.2	1549.877	1549.680	
1973.00399995	333.1	1549.893	1549.680	
1978.00499988	333.4	1549.898	1549.683	
1983.00499988	333.8	1549.913	1549.691	
1988.00600004	334.4	1549.922	1549.694	
1993.00600004	334.5	1549.907	1549.707	
1998.00699997	335.0	1549.918	1549.710	
2003.0079999	335.6	1549.936	1549.718	
2008.0079999	336.0	1549.948	1549.725	
2013.00900006	336.7	1549.931	1549.738	
2018.0	336.9	1549.954	1549.745	
2023.0	337.2	1549.963	1549.749	
2028.00099993	337.9	1549.964	1549.755	
2033.00099993	338.2	1549.978	1549.762	
2038.00200009	339.1	1549.979	1549.776	
2043.00200009	339.2	1549.981	1549.778	
2048.00300002	339.8	1549.985	1549.785	
2053.00300002	340.2	1549.986	1549.794	
2058.00399995	340.6	1550.005	1549.790	
2063.00499988	340.9	1550.008	1549.808	
2068.00499988	341.3	1550.015	1549.799	
2073.00600004	341.5	1550.014	1549.812	
2078.00699997	341.7	1550.016	1549.819	
2083.0079999	342.4	1550.027	1549.828	
2088.0079999	342.8	1550.031	1549.834	
2093.00900006	343.3	1550.034	1549.838	
2098.00900006	343.5	1550.047	1549.843	
2103.00999999	343.8	1550.039	1549.851	
2108.01099992	344.6	1550.050	1549.852	
2113.01099992	344.6	1550.066	1549.853	
2118.00099993	344.6	1550.067	1549.861	
2123.00200009	344.9	1550.059	1549.862	
2128.00200009	345.4	1550.067	1549.881	
2133.00300002	345.8	1550.061	1549.883	
2138.00300002	346.0	1550.072	1549.884	
2143.00399995	346.3	1550.081	1549.885	
2148.00399995	346.7	1550.081	1549.887	
2153.00499988	347.2	1550.091	1549.895	
2158.00499988	347.6	1550.109	1549.901	
2163.00600004	348.5	1550.108	1549.908	
2168.00600004	348.4	1550.123	1549.920	
2173.00699997	349.0	1550.109	1549.922	
2178.0079999	349.5	1550.118	1549.924	
2183.00900006	349.9	1550.125	1549.931	
2188.00900006	350.3	1550.130	1549.932	
2193.00900006	350.6	1550.130	1549.941	
2198.00999999	350.9	1550.143	1549.948	
2203.01099992	351.3	1550.149	1549.955	
2208.01200008	352.0	1550.138	1549.962	
2213.01200008	352.0	1550.167	1549.970	
2218.01300001	352.0	1550.161	1549.966	
2223.01300001	352.8	1550.172	1549.972	
2228.00399995	353.4	1550.170	1549.985	
2233.00399995	353.6	1550.187	1549.982	
2238.00499988	354.4	1550.200	1549.994	
2243.00499988	355.0	1550.193	1550.013	
2248.00600004	355.1	1550.206	1550.003	
2253.00699997	355.5	1550.197	1550.009	
2258.00699997	356.0	1550.221	1550.018	
2263.0079999	356.3	1550.214	1550.021	
2268.00900006	356.5	1550.232	1550.023	
2273.00900006	357.3	1550.233	1550.035	
2278.00999999	358.0	1550.232	1550.038	
2283.00999999	358.4	1550.231	1550.044	
2288.01099992	358.5	1550.247	1550.046	
2293.01099992	358.8	1550.251	1550.054	
2298.01200008	359.4	1550.253	1550.060	
2303.01300001	359.7	1550.263	1550.068	
2308.01300001	359.4	1550.260	1550.069	
2313.01399994	359.9	1550.273	1550.077	
2318.01499987	360.2	1550.259	1550.084	
2323.01499987	360.9	1550.265	1550.086	
2328.00600004	360.9	1550.288	1550.092	
2333.00699997	361.1	1550.286	1550.093	
2338.00699997	361.6	1550.293	1550.095	
2343.0079999	362.1	1550.299	1550.107	
2348.0079999	362.4	1550.300	1550.108	
2353.00900006	362.7	1550.308	1550.110	
2358.00900006	363.0	1550.315	1550.122	
2363.00900006	363.0	1550.324	1550.125	
2368.00999999	363.3	1550.329	1550.136	
2373.00999999	363.8	1550.317	1550.138	
2378.01099992	364.3	1550.332	1550.134	
2383.01099992	364.7	1550.335	1550.146	
2388.02099991	365.5	1550.345	1550.154	
2393.01200008	365.8	1550.351	1550.156	
2398.01200008	365.7	1550.364	1550.156	
2403.01300001	366.2	1550.366	1550.159	
2408.01300001	366.3	1550.374	1550.177	
2413.01300001	367.2	1550.374	1550.178	
2418.01399994	367.5	1550.381	1550.185	
2423.01399994	367.8	1550.382	1550.187	
2428.01499987	368.2	1550.388	1550.194	
2433.01499987	368.9	1550.391	1550.196	
2438.01600003	369.2	1550.392	1550.203	
2443.01699996	369.3	1550.391	1550.209	
2448.01699996	369.8	1550.424	1550.206	
2453.01699996	370.2	1550.415	1550.218	
2458.01799989	370.7	1550.416	1550.220	
2463.00900006	371.2	1550.431	1550.222	
2468.00900006	371.8	1550.445	1550.235	
2473.00900006	372.6	1550.443	1550.243	
2478.00999999	372.6	1550.460	1550.250	
2483.00999999	373.2	1550.478	1550.257	
2488.01099992	373.7	1550.469	1550.259	
2493.01099992	373.8	1550.471	1550.260	
2498.01200008	374.8	1550.482	1550.274	
2503.01200008	374.8	1550.474	1550.281	
2508.01300001	375.6	1550.476	1550.282	
2513.01300001	375.8	1550.500	1550.285	
2518.01399994	376.1	1550.514	1550.293	
2523.01399994	376.9	1550.512	1550.300	
2528.01499987	377.3	1550.514	1550.313	
2533.01600003	377.4	1550.522	1550.320	
2538.01600003	378.4	1550.518	1550.322	
2543.01699996	378.5	1550.536	1550.325	
2548.01699996	378.7	1550.539	1550.325	
2553.01799989	379.0	1550.545	1550.344	
2558.01799989	379.5	1550.543	1550.351	
2563.01900005	379.8	1550.557	1550.347	
2568.01900005	380.2	1550.564	1550.354	
2573.01900005	381.0	1550.579	1550.363	
2578.01999998	381.7	1550.582	1550.364	
2583.01999998	382.1	1550.594	1550.372	
2588.02099991	382.3	1550.581	1550.386	
2593.01099992	382.3	1550.617	1550.388	
2598.01200008	383.1	1550.601	1550.389	
2603.01200008	383.3	1550.612	1550.403	
2608.01300001	383.7	1550.607	1550.405	
2613.01300001	384.4	1550.623	1550.406	
2618.01399994	384.8	1550.630	1550.425	
2623.01399994	385.0	1550.637	1550.425	
2628.01499987	385.7	1550.631	1550.433	
2633.01499987	385.7	1550.644	1550.428	
2638.01600003	385.8	1550.634	1550.436	
2643.01699996	386.1	1550.635	1550.449	
2648.01799989	386.5	1550.644	1550.450	
2653.01799989	386.6	1550.647	1550.451	
2658.01799989	386.6	1550.644	1550.452	
2663.01900005	386.7	1550.641	1550.461	
2668.01999998	387.1	1550.649	1550.467	
2673.02099991	387.2	1550.646	1550.467	
2678.02099991	387.4	1550.659	1550.468	
2683.02200007	387.5	1550.660	1550.481	
2688.02200007	387.7	1550.667	1550.482	
2693.01300001	388.2	1550.661	1550.483	
2698.01300001	388.2	1550.663	1550.485	
2703.01399994	388.9	1550.677	1550.491	
2708.01399994	388.7	1550.666	1550.498	
2713.01499987	388.6	1550.668	1550.500	
2718.01600003	388.7	1550.666	1550.494	
2723.01600003	388.9	1550.671	1550.500	
2728.01600003	389.2	1550.678	1550.508	
2733.01699996	389.1	1550.686	1550.513	
2738.01799989	389.4	1550.684	1550.514	
2743.01799989	389.5	1550.671	1550.509	
2748.01799989	389.4	1550.671	1550.521	
2753.01900005	389.6	1550.677	1550.509	
2758.01900005	389.8	1550.676	1550.522	
2763.01999998	389.5	1550.680	1550.522	
2768.02099991	389.7	1550.684	1550.523	
2773.02099991	390.0	1550.684	1550.529	
2778.02099991	390.4	1550.682	1550.530	
2783.02200007	390.5	1550.682	1550.530	
2788.02200007	390.3	1550.698	1550.530	
2793.02200007	390.4	1550.688	1550.531	
2798.02200007	390.5	1550.694	1550.538	
2803.023	390.5	1550.684	1550.532	
2808.023	390.9	1550.697	1550.538	
2813.023	391.2	1550.687	1550.534	
2818.02399993	391.2	1550.686	1550.539	
2823.02399993	391.1	1550.704	1550.545	
2828.01499987	391.5	1550.705	1550.546	
2833.01600003	391.3	1550.699	1550.552	
2838.01600003	391.4	1550.703	1550.547	
2843.01600003	391.5	1550.707	1550.552	
2848.01699996	391.4	1550.698	1550.552	
2853.01699996	391.3	1550.693	1550.553	
2858.01699996	391.6	1550.698	1550.554	
2863.01799989	391.5	1550.701	1550.561	
2868.01799989	391.6	1550.702	1550.556	
2873.01900005	391.8	1550.711	1550.556	
2878.01900005	391.8	1550.716	1550.556	
2883.01999998	391.9	1550.709	1550.557	
2888.01999998	392.1	1550.713	1550.568	
2893.01999998	392.2	1550.703	1550.563	
2898.02099991	392.1	1550.715	1550.563	
2903.02099991	392.2	1550.703	1550.564	
2908.02099991	392.3	1550.709	1550.565	
2913.02200007	392.0	1550.703	1550.564	
2918.02200007	392.2	1550.704	1550.565	
2923.023	392.2	1550.712	1550.565	
2928.023	392.3	1550.703	1550.576	
2933.023	392.3	1550.711	1550.566	
2938.02399993	392.4	1550.701	1550.571	
2943.02399993	392.3	1550.719	1550.572	
2948.01399994	392.8	1550.708	1550.572	
2953.01499987	392.8	1550.703	1550.572	
2958.01499987	392.7	1550.707	1550.572	
2963.01600003	392.8	1550.710	1550.576	
2968.01600003	392.7	1550.709	1550.567	
2973.01699996	392.8	1550.704	1550.583	
2978.01699996	392.8	1550.701	1550.573	
2983.01699996	392.8	1550.710	1550.567	
2988.02799988	392.6	1550.706	1550.573	
2993.01799989	392.8	1550.701	1550.578	
2998.01900005	393.1	1550.710	1550.578	
3003.01900005	393.2	1550.706	1550.578	
3008.01999998	393.3	1550.713	1550.578	
3013.01999998	393.3	1550.710	1550.579	
3018.01999998	393.4	1550.705	1550.579	
3023.02099991	393.1	1550.713	1550.574	
3028.02099991	393.0	1550.706	1550.578	
3033.02200007	392.9	1550.711	1550.580	
3038.02200007	393.1	1550.715	1550.580	
3043.023	393.4	1550.715	1550.590	
3048.023	393.2	1550.716	1550.586	
3053.023	393.2	1550.712	1550.586	
3058.02399993	393.1	1550.723	1550.586	
3063.02399993	393.4	1550.711	1550.586	
3068.02399993	393.5	1550.717	1550.581	
3073.01499987	393.4	1550.720	1550.586	
3078.01600003	393.6	1550.715	1550.592	
3083.01600003	393.3	1550.717	1550.582	
3088.01699996	393.4	1550.713	1550.592	
3093.01799989	393.5	1550.719	1550.587	
3098.01799989	393.4	1550.725	1550.587	
3103.01900005	393.2	1550.719	1550.589	
3108.01900005	393.4	1550.716	1550.593	
3113.01900005	393.3	1550.719	1550.593	
3118.01999998	393.6	1550.720	1550.593	
3123.01999998	393.5	1550.720	1550.587	
3128.02099991	393.8	1550.729	1550.599	
3133.02099991	393.7	1550.723	1550.588	
3138.02200007	394.0	1550.719	1550.594	
3143.02200007	393.7	1550.729	1550.595	
3148.023	393.7	1550.721	1550.594	
3153.023	393.9	1550.729	1550.594	
3158.02399993	393.9	1550.726	1550.595	
3163.0250001	394.0	1550.725	1550.596	
3168.0250001	394.2	1550.735	1550.595	
3173.02600002	394.2	1550.731	1550.596	
3178.01699996	394.2	1550.725	1550.596	
3183.01699996	394.2	1550.725	1550.596	
3188.01799989	394.1	1550.731	1550.595	
3193.01900005	394.1	1550.728	1550.596	
3198.01900005	393.9	1550.729	1550.596	
3203.01900005	394.0	1550.728	1550.601	
3208.01999998	394.3	1550.728	1550.596	
3213.01999998	394.5	1550.736	1550.597	
3218.02099991	394.6	1550.737	1550.613	
3223.02099991	394.7	1550.741	1550.596	
3228.02200007	394.5	1550.726	1550.602	
3233.02200007	394.3	1550.724	1550.602	
3238.02200007	394.4	1550.724	1550.602	
3243.023	394.3	1550.729	1550.608	
3248.023	394.4	1550.731	1550.604	
3253.023	394.6	1550.730	1550.598	
3258.02399993	394.6	1550.730	1550.603	
3263.02399993	394.7	1550.743	1550.604	
3268.0250001	394.8	1550.743	1550.609	
3273.0250001	394.7	1550.729	1550.610	
3278.02600002	394.7	1550.732	1550.610	
3283.02600002	394.8	1550.725	1550.598	
3288.02699995	394.7	1550.733	1550.604	
3293.02699995	394.9	1550.726	1550.604	
3298.02799988	394.7	1550.731	1550.604	
3303.01799989	394.6	1550.726	1550.610	
3308.01900005	394.4	1550.723	1550.610	
3313.01900005	394.6	1550.726	1550.605	
3318.01999998	395.0	1550.721	1550.604	
3323.01999998	394.9	1550.731	1550.610	
3328.02099991	395.0	1550.731	1550.610	
3333.02099991	394.9	1550.735	1550.604	
3338.02200007	394.7	1550.729	1550.610	
3343.02200007	394.8	1550.740	1550.617	
3348.023	395.0	1550.735	1550.611	
3353.02399993	394.9	1550.730	1550.605	
3358.02399993	395.1	1550.726	1550.611	
3363.0250001	394.7	1550.725	1550.611	
3368.0250001	395.0	1550.736	1550.616	
3373.02600002	394.9	1550.729	1550.617	
3378.02600002	394.8	1550.733	1550.610	
3383.02799988	395.0	1550.728	1550.616	
3388.02799988	395.0	1550.743	1550.606	
3393.02900004	395.2	1550.737	1550.617	
3398.02900004	395.1	1550.735	1550.612	
3403.02900004	395.1	1550.736	1550.617	
3408.02999997	395.3	1550.738	1550.618	
3413.01999998	395.4	1550.742	1550.617	
3418.02099991	395.3	1550.736	1550.618	
3423.02099991	395.3	1550.739	1550.611	
3428.02099991	395.4	1550.738	1550.618	
3433.02200007	395.1	1550.739	1550.617	
3438.02200007	395.4	1550.741	1550.618	
3443.023	395.5	1550.733	1550.618	
3448.023	395.6	1550.737	1550.624	
3453.023	395.5	1550.738	1550.624	
3458.02399993	395.7	1550.747	1550.624	
3463.02399993	395.5	1550.729	1550.618	
3468.0250001	395.5	1550.739	1550.613	
3473.0250001	395.5	1550.743	1550.625	
3478.02600002	395.8	1550.740	1550.620	
3483.02600002	395.6	1550.740	1550.624	
3488.02699995	395.7	1550.745	1550.625	
3493.02699995	395.8	1550.745	1550.619	
3498.02799988	395.7	1550.747	1550.625	
3503.02799988	395.7	1550.748	1550.620	
3508.02900004	395.9	1550.751	1550.625	
3513.02900004	395.8	1550.749	1550.620	
3518.02999997	395.8	1550.750	1550.626	
3523.02999997	395.8	1550.744	1550.626	
3528.02999997	395.6	1550.742	1550.631	
3533.0309999	395.9	1550.742	1550.621	
3538.0309999	395.8	1550.745	1550.620	
3543.0309999	395.6	1550.731	1550.620	
3548.02200007	395.6	1550.745	1550.626	
3553.02200007	395.7	1550.744	1550.625	
3558.023	395.8	1550.743	1550.620	
3563.023	395.8	1550.749	1550.619	
3568.023	395.5	1550.742	1550.619	
3573.02399993	395.6	1550.738	1550.625	
3578.02399993	395.7	1550.731	1550.620	
3583.0250001	395.7	1550.733	1550.631	
3588.03500009	395.8	1550.739	1550.625	
3593.02600002	395.7	1550.732	1550.624	
3598.02600002	395.7	1550.746	1550.625	
3603.02699995	395.7	1550.744	1550.625	
3608.02699995	395.8	1550.746	1550.625	
3613.02799988	395.9	1550.741	1550.620	
3618.02900004	395.8	1550.738	1550.625	
3623.02900004	395.8	1550.742	1550.625	
3628.02999997	395.8	1550.743	1550.630	
3633.02999997	395.8	1550.739	1550.631	
3638.0309999	395.6	1550.743	1550.625	
3643.03200006	395.7	1550.743	1550.626	
3648.03200006	395.7	1550.743	1550.627	
3653.03200006	396.0	1550.750	1550.625	
3658.03299999	396.1	1550.751	1550.632	
3663.03299999	396.0	1550.748	1550.626	
3668.02399993	396.0	1550.750	1550.626	
3673.02399993	396.2	1550.749	1550.627	
3678.0250001	396.3	1550.741	1550.626	
3683.0250001	396.2	1550.731	1550.626	
3688.02600002	396.2	1550.739	1550.632	
3693.02600002	396.4	1550.753	1550.622	
3698.02699995	396.4	1550.752	1550.634	
3703.02699995	396.3	1550.743	1550.627	
3708.02799988	396.3	1550.747	1550.628	
3713.02799988	396.3	1550.751	1550.633	
3718.02900004	396.3	1550.748	1550.638	
3723.02999997	396.3	1550.747	1550.627	
3728.0309999	396.4	1550.748	1550.628	
3733.0309999	396.4	1550.750	1550.628	
3738.03200006	396.4	1550.742	1550.628	
3743.03200006	396.5	1550.738	1550.639	
3748.03299999	396.4	1550.754	1550.628	
3753.03399992	396.3	1550.746	1550.633	
3758.03399992	396.3	1550.746	1550.633	
3763.03500009	396.4	1550.751	1550.627	
3768.02600002	396.4	1550.746	1550.633	
3773.02600002	396.5	1550.748	1550.634	
3778.02600002	396.3	1550.749	1550.629	
3783.02699995	396.5	1550.752	1550.629	
3788.02699995	396.7	1550.751	1550.634	
3793.02699995	396.5	1550.753	1550.639	
3798.02799988	396.7	1550.752	1550.629	
3803.02799988	396.6	1550.751	1550.634	
3808.02799988	396.6	1550.753	1550.634	
3813.02900004	396.8	1550.753	1550.646	
3818.02900004	397.1	1550.754	1550.635	
3823.02999997	397.1	1550.756	1550.641	
3828.02999997	397.3	1550.748	1550.635	
3833.0309999	397.5	1550.759	1550.641	
3838.0309999	397.4	1550.760	1550.641	
3843.0309999	397.5	1550.754	1550.642	
3848.03200006	397.4	1550.755	1550.642	
3853.03200006	397.2	1550.755	1550.637	
3858.03200006	397.4	1550.752	1550.636	
3863.03299999	397.3	1550.752	1550.636	
3868.02399993	397.5	1550.752	1550.642	
3873.02399993	397.5	1550.754	1550.643	
3878.02399993	397.5	1550.754	1550.648	
3883.02399993	397.6	1550.759	1550.653	
3888.03500009	397.7	1550.758	1550.637	
3893.0250001	397.6	1550.758	1550.637	
3898.0250001	397.5	1550.762	1550.648	
3903.0250001	397.4	1550.747	1550.643	
3908.02600002	397.5	1550.755	1550.648	
3913.02600002	397.5	1550.754	1550.649	
3918.02699995	397.8	1550.752	1550.654	
3923.02699995	397.6	1550.758	1550.648	
3928.02699995	397.6	1550.756	1550.650	
3933.02699995	397.7	1550.760	1550.644	
3938.02699995	397.5	1550.748	1550.649	
3943.02799988	397.6	1550.763	1550.650	
3948.02799988	397.8	1550.771	1550.645	
3953.02799988	397.9	1550.764	1550.656	
3958.02900004	397.8	1550.760	1550.650	
3963.02900004	397.7	1550.758	1550.645	
3968.02900004	397.8	1550.768	1550.655	
3973.02900004	397.7	1550.754	1550.650	
3978.02900004	398.0	1550.754	1550.656	
3983.02999997	397.9	1550.753	1550.650	
3988.02999997	397.8	1550.763	1550.650	
3993.02999997	397.8	1550.759	1550.650	
3998.02999997	398.0	1550.776	1550.656	
4003.0309999	397.8	1550.758	1550.644	
4008.02099991	397.8	1550.759	1550.650	
4013.02099991	397.8	1550.761	1550.644	
4018.02200007	398.0	1550.768	1550.656	
4023.02200007	398.0	1550.769	1550.656	
4028.023	398.2	1550.759	1550.656	
4033.023	398.0	1550.762	1550.651	
4038.023	398.0	1550.758	1550.656	
4043.023	398.0	1550.760	1550.650	
4048.02399993	398.1	1550.768	1550.651	
4053.02399993	398.1	1550.756	1550.651	
4058.0250001	398.0	1550.758	1550.646	
4063.0250001	398.1	1550.768	1550.657	
4068.0250001	398.2	1550.771	1550.652	
4073.02600002	397.9	1550.766	1550.650	
4078.02600002	397.8	1550.755	1550.657	
4083.02600002	398.2	1550.753	1550.657	
4088.02600002	398.1	1550.761	1550.653	
4093.02699995	398.1	1550.760	1550.651	
4098.02699995	398.1	1550.766	1550.658	
4103.02699995	397.9	1550.764	1550.657	
4108.02799988	397.8	1550.761	1550.657	
4113.02799988	398.0	1550.763	1550.651	
4118.02900004	397.9	1550.753	1550.652	
4123.02900004	398.0	1550.761	1550.656	
4128.02900004	398.1	1550.764	1550.658	
4133.02999997	398.2	1550.757	1550.658	
4138.02999997	398.3	1550.773	1550.652	
4143.01999998	398.3	1550.774	1550.658	
4148.02099991	398.1	1550.768	1550.652	
4153.02200007	398.2	1550.766	1550.658	
4158.02200007	398.4	1550.770	1550.658	
4163.023	398.3	1550.766	1550.657	
4168.023	398.2	1550.769	1550.664	
4173.02399993	398.3	1550.770	1550.652	
4178.02399993	398.3	1550.759	1550.652	
4183.02399993	398.2	1550.770	1550.663	
4188.0250001	398.4	1550.762	1550.658	
4193.0250001	398.3	1550.763	1550.659	
4198.02600002	398.3	1550.762	1550.658	
4203.02600002	398.5	1550.763	1550.663	
4208.02699995	398.6	1550.770	1550.658	
4213.02699995	398.4	1550.770	1550.658	
4218.02799988	398.3	1550.767	1550.658	
4223.02799988	398.3	1550.767	1550.658	
4228.02799988	398.3	1550.765	1550.658	
4233.02900004	398.3	1550.762	1550.665	
4238.02900004	398.4	1550.774	1550.653	
4243.02999997	398.4	1550.762	1550.659	
4248.02999997	398.5	1550.771	1550.658	
4253.01999998	398.5	1550.763	1550.658	
4258.02099991	398.7	1550.770	1550.664	
4263.02099991	398.4	1550.770	1550.664	
4268.02099991	398.5	1550.774	1550.658	
4273.02200007	398.6	1550.767	1550.660	
4278.02200007	398.6	1550.764	1550.659	
4283.023	398.6	1550.770	1550.659	
4288.02399993	398.6	1550.770	1550.665	
4293.0250001	398.7	1550.774	1550.659	
4298.0250001	398.7	1550.772	1550.654	
4303.0250001	398.5	1550.766	1550.659	
4308.02600002	398.7	1550.769	1550.665	
4313.02600002	398.6	1550.775	1550.660	
4318.02600002	398.7	1550.771	1550.659	
4323.02699995	398.7	1550.771	1550.665	
4328.02699995	399.0	1550.774	1550.659	
4333.02799988	398.9	1550.760	1550.665	
4338.02799988	399.0	1550.770	1550.659	
4343.02900004	399.1	1550.776	1550.660	
4348.02900004	398.9	1550.775	1550.665	
4353.02900004	398.9	1550.770	1550.670	
4358.02999997	399.0	1550.768	1550.671	
4363.02099991	398.9	1550.765	1550.665	
4368.02099991	398.8	1550.773	1550.659	
4373.02200007	399.0	1550.767	1550.660	
4378.02200007	399.1	1550.760	1550.665	
4383.023	399.0	1550.765	1550.665	
4388.02399993	398.9	1550.780	1550.660	
4393.02399993	398.7	1550.768	1550.660	
4398.0250001	398.9	1550.778	1550.660	
4403.02600002	398.8	1550.776	1550.659	
4408.02600002	399.0	1550.772	1550.671	
4413.02699995	399.1	1550.770	1550.665	
4418.02699995	399.0	1550.770	1550.659	
4423.02799988	398.9	1550.769	1550.665	
4428.02900004	399.0	1550.775	1550.660	
4433.02999997	399.0	1550.770	1550.665	
4438.02999997	399.0	1550.770	1550.666	
4443.0309999	399.0	1550.772	1550.666	
4448.03200006	399.2	1550.772	1550.660	
4453.03200006	399.1	1550.766	1550.666	
4458.023	399.2	1550.778	1550.660	
4463.023	399.1	1550.774	1550.666	
4468.02399993	399.0	1550.771	1550.661	
4473.02399993	398.9	1550.769	1550.661	
4478.0250001	399.0	1550.770	1550.665	
4483.02600002	398.9	1550.765	1550.671	
4488.03699994	398.8	1550.771	1550.665	
4493.02699995	398.9	1550.770	1550.665	
4498.02799988	398.8	1550.770	1550.660	
4503.02799988	398.7	1550.770	1550.665	
4508.02900004	398.8	1550.770	1550.671	
4513.02999997	398.9	1550.773	1550.665	
4518.02999997	398.8	1550.770	1550.660	
4523.0309999	398.8	1550.771	1550.659	
4528.03200006	399.0	1550.776	1550.671	
4533.03200006	399.0	1550.772	1550.660	
4538.02399993	399.0	1550.776	1550.671	
4543.02399993	399.1	1550.772	1550.666	
4548.0250001	399.2	1550.776	1550.660	
4553.0250001	399.1	1550.778	1550.661	
4558.02600002	399.2	1550.773	1550.672	
4563.02600002	399.2	1550.779	1550.672	
4568.02699995	399.4	1550.780	1550.667	
4573.02699995	399.4	1550.773	1550.672	
4578.02699995	399.5	1550.775	1550.672	
4583.02799988	399.5	1550.774	1550.667	
4588.02799988	399.4	1550.779	1550.666	
4593.02900004	399.3	1550.778	1550.661	
4598.02900004	399.4	1550.775	1550.666	
4603.02900004	399.5	1550.779	1550.666	
4608.02999997	399.2	1550.775	1550.667	
4613.02999997	399.3	1550.781	1550.661	
4618.02999997	399.3	1550.777	1550.672	
4623.0309999	399.3	1550.773	1550.667	
4628.03200006	399.5	1550.777	1550.667	
4633.03299999	399.4	1550.764	1550.673	
4638.03399992	399.2	1550.762	1550.667	
4643.03399992	399.3	1550.774	1550.667	
4648.03500009	399.3	1550.780	1550.667	
4653.03500009	399.2	1550.776	1550.672	
4658.02600002	399.4	1550.777	1550.661	
4663.02600002	399.4	1550.781	1550.673	
4668.02699995	399.5	1550.778	1550.667	
4673.02699995	399.5	1550.779	1550.667	
4678.02699995	399.4	1550.779	1550.667	
4683.02900004	399.5	1550.773	1550.672	
4688.02900004	399.6	1550.780	1550.667	
4693.02999997	399.4	1550.781	1550.678	
4698.02999997	399.4	1550.780	1550.672	
4703.0309999	399.5	1550.785	1550.673	
4708.03200006	399.5	1550.786	1550.667	
4713.03200006	399.4	1550.778	1550.672	
4718.03299999	399.6	1550.782	1550.673	
4723.03399992	399.4	1550.772	1550.667	
4728.03500009	399.5	1550.773	1550.667	
4733.03600001	399.6	1550.773	1550.672	
4738.03600001	399.7	1550.780	1550.667	
4743.02699995	399.6	1550.788	1550.667	
4748.02699995	399.6	1550.785	1550.672	
4753.02799988	399.5	1550.782	1550.673	
4758.02799988	399.7	1550.778	1550.673	
4763.02900004	399.8	1550.786	1550.668	
4768.02999997	399.7	1550.778	1550.674	
4773.02999997	399.6	1550.777	1550.679	
4778.02999997	399.8	1550.778	1550.669	
4783.0309999	399.8	1550.777	1550.668	
4788.0309999	399.8	1550.782	1550.668	
4793.03200006	399.6	1550.781	1550.673	
4798.03200006	399.5	1550.783	1550.668	
4803.03299999	399.6	1550.783	1550.674	
4808.03299999	399.7	1550.783	1550.673	
4813.03299999	399.7	1550.783	1550.668	
4818.03299999	399.8	1550.782	1550.673	
4823.03399992	399.9	1550.779	1550.673	
4828.03399992	399.8	1550.784	1550.678	
4833.03500009	399.7	1550.790	1550.679	
4838.03600001	399.7	1550.783	1550.680	
4843.03600001	399.5	1550.782	1550.668	
4848.03600001	399.7	1550.779	1550.674	
4853.03600001	399.7	1550.781	1550.684	
4858.03699994	399.5	1550.784	1550.673	
4863.02699995	399.6	1550.781	1550.679	
4868.02699995	399.7	1550.789	1550.679	
4873.02799988	399.7	1550.785	1550.679	
4878.02799988	399.8	1550.781	1550.678	
4883.02799988	399.9	1550.780	1550.674	
4888.02900004	399.7	1550.776	1550.673	
4893.02900004	399.9	1550.778	1550.673	
4898.02900004	399.8	1550.776	1550.673	
4903.02999997	399.8	1550.776	1550.667	
4908.02999997	400.0	1550.785	1550.674	
4913.02999997	399.9	1550.788	1550.668	
4918.0309999	400.0	1550.786	1550.674	
4923.0309999	399.8	1550.784	1550.674	
4928.03200006	400.1	1550.792	1550.679	
4933.03200006	400.0	1550.788	1550.679	
4938.03299999	399.9	1550.780	1550.679	
4943.03299999	400.0	1550.782	1550.679	
4948.03399992	400.1	1550.784	1550.686	
4953.03399992	400.0	1550.787	1550.674	
4958.03399992	400.1	1550.788	1550.680	
4963.03500009	400.1	1550.781	1550.680	
4968.03500009	400.0	1550.786	1550.675	
4973.03500009	399.9	1550.786	1550.669	
4978.03600001	399.9	1550.783	1550.685	
4983.03600001	399.9	1550.785	1550.680	
4988.02600002	399.9	1550.779	1550.681	
4993.02699995	399.8	1550.788	1550.674	
4998.02699995	399.9	1550.784	1550.681	
5003.02699995	399.9	1550.788	1550.674	
5008.02699995	400.0	1550.783	1550.680	
5013.02799988	400.2	1550.781	1550.686	
5018.02799988	400.2	1550.793	1550.687	
5023.02900004	400.3	1550.794	1550.681	
5028.02900004	400.3	1550.794	1550.681	
5033.02900004	400.1	1550.791	1550.675	
5038.02999997	400.2	1550.785	1550.681	
5043.02999997	400.1	1550.787	1550.669	
5048.0309999	400.2	1550.786	1550.681	
5053.03200006	400.1	1550.791	1550.681	
5058.03200006	400.3	1550.789	1550.680	
5063.03299999	400.3	1550.795	1550.681	
5068.03299999	400.3	1550.790	1550.681	
5073.03299999	400.2	1550.788	1550.681	
5078.03399992	400.2	1550.790	1550.681	
5083.03500009	400.2	1550.789	1550.675	
5088.03600001	400.1	1550.788	1550.686	
5093.02600002	400.3	1550.786	1550.687	
5098.02699995	400.5	1550.790	1550.681	
5103.02699995	400.3	1550.792	1550.680	
5108.02699995	400.4	1550.791	1550.675	
5113.02799988	400.3	1550.791	1550.675	
5118.02799988	400.2	1550.790	1550.680	
5123.02900004	400.2	1550.787	1550.675	
5128.02900004	400.2	1550.787	1550.681	
5133.02999997	400.2	1550.787	1550.680	
5138.02999997	400.1	1550.787	1550.674	
5143.02999997	400.2	1550.790	1550.681	
5148.0309999	400.3	1550.783	1550.680	
5153.0309999	400.2	1550.781	1550.686	
5158.0309999	400.2	1550.781	1550.681	
5163.03200006	400.3	1550.785	1550.681	
5168.03200006	400.4	1550.793	1550.680	
5173.03200006	400.3	1550.784	1550.680	
5178.03299999	400.5	1550.790	1550.680	
5183.03299999	400.5	1550.784	1550.669	
5188.03299999	400.4	1550.778	1550.685	
5193.03399992	400.3	1550.780	1550.681	
5198.03399992	400.1	1550.793	1550.675	
5203.03500009	400.3	1550.782	1550.685	
5208.03500009	400.2	1550.784	1550.680	
5213.03600001	400.0	1550.777	1550.680	
5218.03600001	400.2	1550.793	1550.675	
5223.02699995	400.2	1550.789	1550.674	
5228.02699995	400.4	1550.784	1550.680	
5233.02799988	400.1	1550.783	1550.676	
5238.02799988	400.2	1550.791	1550.681	
5243.02799988	400.3	1550.782	1550.680	
5248.02900004	400.3	1550.790	1550.686	
5253.02900004	400.2	1550.785	1550.681	
5258.02999997	400.4	1550.794	1550.680	
5263.02999997	400.4	1550.789	1550.680	
5268.0309999	400.5	1550.787	1550.686	
5273.0309999	400.5	1550.791	1550.676	
5278.0309999	400.5	1550.796	1550.681	
5283.03200006	400.6	1550.794	1550.682	
5288.03200006	400.7	1550.786	1550.683	
5293.03299999	400.7	1550.789	1550.682	
5298.03299999	400.6	1550.784	1550.682	
5303.03399992	400.6	1550.790	1550.676	
5308.03399992	400.7	1550.798	1550.687	
5313.03500009	400.7	1550.793	1550.688	
5318.03500009	400.7	1550.789	1550.681	
5323.03600001	400.7	1550.792	1550.677	
5328.03600001	400.5	1550.794	1550.688	
5333.03699994	400.7	1550.787	1550.682	
5338.03699994	400.6	1550.792	1550.687	
5343.03699994	400.5	1550.794	1550.677	
5348.02799988	400.5	1550.793	1550.683	
5353.02799988	400.6	1550.790	1550.688	
5358.02900004	400.7	1550.788	1550.682	
5363.02900004	400.7	1550.792	1550.688	
5368.02999997	400.8	1550.807	1550.682	
5373.02999997	400.8	1550.795	1550.688	
5378.02999997	400.6	1550.785	1550.683	
5383.0309999	400.6	1550.797	1550.688	
5388.04099989	400.7	1550.795	1550.688	
5393.03200006	400.8	1550.801	1550.677	
5398.03200006	400.9	1550.797	1550.682	
5403.03299999	400.9	1550.791	1550.687	
5408.03399992	401.1	1550.801	1550.688	
5413.03399992	401.0	1550.795	1550.683	
5418.03500009	401.1	1550.805	1550.683	
5423.03600001	401.1	1550.804	1550.693	
5428.03699994	401.1	1550.801	1550.688	
5433.03699994	401.0	1550.792	1550.682	
5438.03799987	401.1	1550.796	1550.689	
5443.03799987	401.1	1550.801	1550.682	
5448.03900003	401.2	1550.798	1550.688	
5453.02999997	401.3	1550.794	1550.689	
5458.0309999	401.1	1550.797	1550.688	
5463.03200006	401.1	1550.800	1550.688	
5468.03200006	401.0	1550.801	1550.689	
5473.03299999	401.1	1550.797	1550.688	
5478.03299999	401.1	1550.805	1550.689	
5483.03399992	401.2	1550.805	1550.678	
5488.03399992	401.3	1550.806	1550.689	
5493.03500009	401.2	1550.801	1550.689	
5498.03500009	401.2	1550.809	1550.689	
5503.03600001	401.1	1550.796	1550.684	
5508.03600001	401.2	1550.800	1550.689	
5513.03699994	401.1	1550.796	1550.678	
5518.03699994	401.2	1550.801	1550.689	
5523.03799987	401.3	1550.801	1550.689	
5528.03799987	401.3	1550.806	1550.689	
5533.03900003	401.2	1550.800	1550.689	
5538.03900003	401.3	1550.799	1550.689	
5543.03999996	401.2	1550.804	1550.684	
5548.04099989	401.2	1550.807	1550.695	
5553.0309999	401.1	1550.801	1550.689	
5558.0309999	401.3	1550.799	1550.689	
5563.03200006	401.1	1550.796	1550.683	
5568.03200006	401.2	1550.800	1550.684	
5573.03299999	401.3	1550.804	1550.684	
5578.03299999	401.2	1550.805	1550.690	
5583.03399992	401.2	1550.806	1550.683	
5588.03399992	401.3	1550.802	1550.683	
5593.03500009	401.4	1550.803	1550.689	
5598.03500009	401.2	1550.802	1550.683	
5603.03600001	401.3	1550.795	1550.690	
5608.03699994	401.2	1550.796	1550.695	
5613.03699994	401.2	1550.812	1550.694	
5618.03799987	401.3	1550.807	1550.683	
5623.03799987	401.4	1550.800	1550.683	
5628.03900003	401.3	1550.805	1550.683	
5633.03900003	401.3	1550.794	1550.689	
5638.03999996	401.3	1550.805	1550.690	
5643.03999996	401.3	1550.810	1550.683	
5648.04099989	401.2	1550.800	1550.683	
5653.04099989	401.2	1550.796	1550.684	
5658.04200006	401.2	1550.800	1550.689	
5663.03299999	401.1	1550.804	1550.689	
5668.03299999	401.3	1550.802	1550.684	
5673.03299999	401.3	1550.808	1550.690	
5678.03399992	401.2	1550.804	1550.684	
5683.03500009	401.1	1550.798	1550.695	
5688.04500008	401.4	1550.795	1550.689	
5693.03600001	401.4	1550.796	1550.690	
5698.03600001	401.4	1550.805	1550.690	
5703.03699994	401.1	1550.794	1550.690	
5708.03699994	401.3	1550.807	1550.683	
5713.03699994	401.3	1550.803	1550.689	
5718.03799987	401.4	1550.799	1550.689	
5723.03799987	401.4	1550.800	1550.689	
5728.03900003	401.4	1550.796	1550.684	
5733.03900003	401.4	1550.797	1550.684	
5738.03900003	401.3	1550.811	1550.695	
5743.03999996	401.4	1550.801	1550.690	
5748.03999996	401.4	1550.802	1550.688	
5753.04099989	401.4	1550.794	1550.684	
5758.04099989	401.4	1550.799	1550.695	
5763.04200006	401.3	1550.798	1550.689	
5768.04299998	401.6	1550.810	1550.689	
5773.04399991	401.7	1550.804	1550.684	
5778.04399991	401.6	1550.800	1550.690	
5783.03500009	401.5	1550.800	1550.690	
5788.03500009	401.6	1550.803	1550.695	
5793.03600001	401.6	1550.803	1550.689	
5798.03600001	401.5	1550.804	1550.689	
5803.03600001	401.4	1550.801	1550.689	
5808.03699994	401.6	1550.796	1550.690	
5813.03799987	401.5	1550.794	1550.689	
5818.03799987	401.6	1550.808	1550.690	
5823.03900003	401.4	1550.802	1550.689	
5828.03999996	401.6	1550.800	1550.684	
5833.03999996	401.5	1550.807	1550.696	
5838.04099989	401.6	1550.805	1550.690	
5843.04099989	401.7	1550.800	1550.685	
5848.04200006	401.8	1550.805	1550.690	
5853.04299998	401.7	1550.801	1550.696	
5858.04299998	401.7	1550.809	1550.691	
5863.04399991	401.7	1550.800	1550.690	
5868.04500008	401.8	1550.800	1550.690	
5873.046	401.7	1550.807	1550.697	
5878.04699993	401.7	1550.805	1550.701	
5883.0480001	401.7	1550.793	1550.691	
5888.03799987	401.5	1550.811	1550.685	
5893.03900003	401.4	1550.808	1550.696	
5898.03999996	401.5	1550.810	1550.691	
5903.03999996	401.5	1550.793	1550.691	
5908.04099989	401.6	1550.803	1550.685	
5913.04200006	401.5	1550.804	1550.691	
5918.04200006	401.5	1550.800	1550.697	
5923.04299998	401.6	1550.809	1550.685	
5928.04399991	401.6	1550.805	1550.691	
5933.04500008	401.5	1550.795	1550.696	
5938.04500008	401.5	1550.806	1550.691	
5943.046	401.6	1550.800	1550.696	
5948.04699993	401.6	1550.804	1550.696	
5953.04699993	401.4	1550.797	1550.690	
5958.0480001	401.3	1550.794	1550.701	
5963.0480001	401.4	1550.795	1550.685	
5968.04900002	401.4	1550.798	1550.690	
5973.04900002	401.4	1550.807	1550.690	
5978.04999995	401.5	1550.803	1550.690	
5983.05099988	401.5	1550.796	1550.696	
5988.05200005	401.5	1550.799	1550.690	
5993.04299998	401.6	1550.802	1550.685	
5998.04299998	401.5	1550.806	1550.691	
6003.04399991	401.5	1550.798	1550.697	
6008.04500008	401.7	1550.807	1550.690	
6013.04500008	401.6	1550.792	1550.690	
6018.046	401.6	1550.796	1550.690	
6023.04699993	401.7	1550.809	1550.690	
6028.04699993	401.7	1550.812	1550.690	
6033.0480001	401.7	1550.793	1550.696	
6038.04900002	401.7	1550.801	1550.690	
6043.04999995	401.6	1550.805	1550.696	
6048.04999995	401.7	1550.797	1550.696	
6053.05099988	401.8	1550.804	1550.697	
6058.05200005	401.8	1550.802	1550.691	
6063.05200005	401.6	1550.804	1550.690	
6068.05299997	401.6	1550.795	1550.691	
6073.05299997	401.6	1550.795	1550.697	
6078.0539999	401.7	1550.806	1550.696	
6083.05500007	401.7	1550.796	1550.691	
6088.05500007	401.7	1550.803	1550.691	
6093.046	401.8	1550.797	1550.696	
6098.04699993	401.7	1550.794	1550.696	
6103.04699993	401.7	1550.804	1550.691	
6108.0480001	401.8	1550.804	1550.696	
6113.04900002	401.7	1550.801	1550.691	
6118.04999995	401.8	1550.800	1550.690	
6123.05099988	401.7	1550.792	1550.697	
6128.05200005	401.6	1550.803	1550.690	
6133.05299997	401.6	1550.793	1550.696	
6138.0539999	401.6	1550.796	1550.691	
6143.0539999	401.7	1550.784	1550.691	
6148.0539999	401.7	1550.793	1550.690	
6153.05500007	401.7	1550.804	1550.696	
6158.05500007	401.8	1550.799	1550.696	
6163.05599999	401.8	1550.794	1550.689	
6168.05599999	401.8	1550.804	1550.690	
6173.05699992	401.7	1550.795	1550.697	
6178.05699992	401.9	1550.800	1550.691	
6183.05699992	401.8	1550.804	1550.691	
6188.05800009	401.8	1550.798	1550.691	
6193.05900002	402.0	1550.796	1550.686	
6198.04900002	402.2	1550.803	1550.697	
6203.04999995	402.0	1550.799	1550.696	
6208.04999995	402.0	1550.794	1550.691	
6213.05099988	401.8	1550.790	1550.696	
6218.05099988	401.9	1550.802	1550.690	
6223.05200005	401.8	1550.792	1550.691	
6228.05299997	401.8	1550.794	1550.691	
6233.05299997	401.7	1550.807	1550.695	
6238.0539999	401.8	1550.788	1550.691	
6243.05500007	401.6	1550.793	1550.696	
6248.05500007	401.7	1550.789	1550.696	
6253.05599999	401.9	1550.792	1550.696	
6258.05699992	401.6	1550.790	1550.691	
6263.05699992	401.5	1550.795	1550.691	
6268.05800009	401.5	1550.797	1550.691	
6273.05800009	401.4	1550.791	1550.697	
6278.05900002	401.4	1550.788	1550.685	
6283.05999994	401.3	1550.787	1550.691	
6288.05999994	401.3	1550.791	1550.696	
6293.05999994	401.3	1550.787	1550.689	
6298.06099987	401.3	1550.788	1550.690	
6303.06200004	401.3	1550.796	1550.690	
6308.06200004	401.4	1550.796	1550.695	
6313.05200005	401.2	1550.787	1550.689	
6318.05299997	401.3	1550.787	1550.684	
6323.0539999	401.1	1550.787	1550.694	
6328.05500007	401.2	1550.787	1550.694	
6333.05599999	401.1	1550.784	1550.695	
6338.05599999	401.2	1550.787	1550.694	
6343.05699992	401.3	1550.794	1550.689	
6348.05699992	401.4	1550.793	1550.689	
6353.05800009	401.3	1550.792	1550.689	
6358.05800009	401.4	1550.793	1550.684	
6363.05900002	401.4	1550.794	1550.684	
6368.05900002	401.4	1550.794	1550.683	
6373.05999994	401.3	1550.784	1550.689	
6378.05999994	401.4	1550.788	1550.689	
6383.06099987	401.3	1550.789	1550.693	
6388.06099987	401.2	1550.786	1550.683	
6393.06200004	401.2	1550.787	1550.689	
6398.06200004	401.3	1550.790	1550.688	
6403.06299996	401.3	1550.787	1550.694	
6408.06299996	401.4	1550.798	1550.683	
6413.06399989	401.5	1550.799	1550.690	
6418.06399989	401.6	1550.802	1550.690	
6423.06500006	401.6	1550.793	1550.690	
6428.06500006	401.6	1550.787	1550.690	
6433.05599999	401.6	1550.793	1550.690	
6438.05599999	401.6	1550.787	1550.690	
6443.05699992	401.6	1550.787	1550.696	
6448.05699992	401.6	1550.797	1550.685	
6453.05800009	401.7	1550.793	1550.696	
6458.05800009	401.6	1550.802	1550.690	
6463.05900002	401.6	1550.792	1550.690	
6468.05900002	401.5	1550.788	1550.690	
6473.05999994	401.7	1550.802	1550.691	
6478.05999994	401.6	1550.791	1550.690	
6483.06099987	401.6	1550.797	1550.696	
6488.06200004	401.7	1550.792	1550.684	
6493.06200004	401.5	1550.791	1550.696	
6498.06299996	401.5	1550.791	1550.690	
6503.06299996	401.5	1550.792	1550.696	
6508.06399989	401.6	1550.785	1550.690	
6513.06399989	401.7	1550.796	1550.696	
6518.06500006	401.8	1550.797	1550.695	
6523.06599998	401.9	1550.792	1550.690	
6528.06599998	401.8	1550.791	1550.695	
6533.05699992	401.8	1550.806	1550.695	
6538.05800009	401.7	1550.793	1550.691	
6543.05800009	401.8	1550.787	1550.696	
6548.05900002	401.8	1550.796	1550.690	
6553.05999994	401.9	1550.797	1550.697	
6558.05999994	402.0	1550.803	1550.696	
6563.06099987	402.0	1550.804	1550.697	
6568.07099986	402.1	1550.801	1550.692	
6573.06200004	402.0	1550.800	1550.697	
6578.06200004	402.0	1550.801	1550.703	
6583.06299996	402.1	1550.800	1550.697	
6588.06299996	402.0	1550.795	1550.692	
6593.06399989	402.0	1550.795	1550.702	
6598.06500006	402.0	1550.788	1550.698	
6603.06500006	402.1	1550.794	1550.698	
6608.06599998	402.1	1550.794	1550.693	
6613.06699991	402.2	1550.800	1550.698	
6618.06699991	402.2	1550.800	1550.697	
6623.05800009	402.2	1550.799	1550.692	
6628.05900002	402.4	1550.801	1550.692	
6633.05999994	402.3	1550.800	1550.709	
6638.05999994	402.2	1550.797	1550.692	
6643.06099987	402.2	1550.795	1550.698	
6648.06099987	402.3	1550.795	1550.703	
6653.06200004	402.3	1550.799	1550.693	
6658.06299996	402.3	1550.801	1550.703	
6663.06399989	402.2	1550.800	1550.698	
6668.06399989	402.3	1550.802	1550.698	
6673.06500006	402.4	1550.792	1550.698	
6678.06599998	402.2	1550.802	1550.708	
6683.06599998	402.2	1550.797	1550.703	
6688.06699991	402.1	1550.800	1550.692	
6693.06699991	402.3	1550.791	1550.698	
6698.06800008	402.2	1550.805	1550.709	
6703.06900001	402.3	1550.795	1550.699	
6708.05999994	402.3	1550.784	1550.698	
6713.05999994	402.1	1550.793	1550.692	
6718.06099987	402.4	1550.799	1550.698	
6723.06099987	402.2	1550.792	1550.703	
6728.06200004	402.3	1550.793	1550.691	
6733.06299996	402.1	1550.806	1550.693	
6738.06299996	402.2	1550.798	1550.709	
6743.06399989	402.4	1550.806	1550.698	
6748.06399989	402.3	1550.798	1550.709	
6753.06500006	402.3	1550.803	1550.709	
6758.06599998	402.3	1550.802	1550.698	
6763.06599998	402.3	1550.805	1550.698	
6768.06699991	402.4	1550.799	1550.693	
6773.06800008	402.4	1550.807	1550.699	
6778.06900001	402.2	1550.799	1550.699	
6783.06900001	402.3	1550.800	1550.705	
6788.06999993	402.2	1550.796	1550.699	
6793.06999993	402.3	1550.795	1550.698	
6798.07099986	402.3	1550.807	1550.699	
6803.06099987	402.4	1550.799	1550.705	
6808.06200004	402.4	1550.804	1550.699	
6813.06200004	402.3	1550.801	1550.705	
6818.06299996	402.5	1550.799	1550.704	
6823.06299996	402.4	1550.794	1550.705	
6828.06500006	402.5	1550.809	1550.705	
6833.06500006	402.5	1550.808	1550.699	
6838.06599998	402.6	1550.807	1550.699	
6843.06599998	402.5	1550.799	1550.699	
6848.06699991	402.5	1550.799	1550.699	
6853.06800008	402.5	1550.803	1550.699	
6858.06900001	402.4	1550.793	1550.699	
6863.06900001	402.2	1550.801	1550.705	
6868.06999993	402.2	1550.805	1550.700	
6873.06999993	402.2	1550.801	1550.699	
6878.07099986	402.3	1550.804	1550.699	
6883.07099986	402.3	1550.805	1550.705	
6888.07200003	402.3	1550.794	1550.694	
6893.07200003	402.3	1550.803	1550.699	
6898.06299996	402.3	1550.799	1550.705	
6903.06399989	402.3	1550.797	1550.704	
6908.06500006	402.2	1550.796	1550.699	
6913.06500006	402.4	1550.796	1550.699	
6918.06599998	402.4	1550.804	1550.705	
6923.06599998	402.5	1550.809	1550.698	
6928.06699991	402.3	1550.805	1550.700	
6933.06800008	402.4	1550.805	1550.704	
6938.06800008	402.5	1550.810	1550.699	
6943.06900001	402.6	1550.812	1550.705	
6948.06900001	402.4	1550.811	1550.711	
6953.06999993	402.6	1550.812	1550.710	
6958.06999993	402.7	1550.808	1550.699	
6963.07099986	402.8	1550.807	1550.705	
6968.07200003	402.7	1550.813	1550.699	
6973.07200003	402.5	1550.812	1550.693	
6978.07299995	402.5	1550.807	1550.705	
6983.06299996	402.5	1550.808	1550.704	
6988.06399989	402.5	1550.811	1550.711	
6993.06500006	402.4	1550.801	1550.716	
6998.06500006	402.6	1550.806	1550.699	
7003.06599998	402.6	1550.809	1550.705	
7008.06699991	402.6	1550.805	1550.705	
7013.06800008	402.6	1550.805	1550.705	
7018.06800008	402.8	1550.812	1550.705	
7023.06900001	402.8	1550.810	1550.706	
7028.06900001	402.7	1550.811	1550.706	
7033.06999993	402.6	1550.812	1550.711	
7038.06999993	402.6	1550.797	1550.710	
7043.07099986	402.7	1550.804	1550.699	
7048.07099986	402.7	1550.811	1550.706	
7053.07200003	402.6	1550.805	1550.701	
7058.07200003	402.8	1550.816	1550.706	
7063.07299995	402.8	1550.813	1550.700	
7068.06399989	402.9	1550.817	1550.707	
7073.07500005	402.8	1550.813	1550.712	
7078.06500006	403.0	1550.810	1550.700	
7083.06599998	403.0	1550.812	1550.711	
7088.06599998	402.8	1550.816	1550.706	
7093.06699991	402.8	1550.815	1550.712	
7098.06699991	402.9	1550.811	1550.713	
7103.06699991	402.7	1550.812	1550.701	
7108.06800008	402.7	1550.809	1550.701	
7113.06800008	402.5	1550.806	1550.712	
7118.06900001	402.6	1550.812	1550.701	
7123.06900001	402.6	1550.812	1550.707	
7128.06999993	402.6	1550.813	1550.701	
7133.06999993	402.9	1550.803	1550.706	
7138.07099986	402.8	1550.819	1550.707	
7143.07200003	402.8	1550.806	1550.712	
7148.07200003	402.8	1550.812	1550.706	
7153.07299995	402.8	1550.811	1550.706	
7158.07299995	402.8	1550.807	1550.706	
7163.07299995	402.7	1550.816	1550.701	
7168.07399988	402.8	1550.814	1550.706	
7173.07399988	402.7	1550.810	1550.712	
7178.06500006	402.8	1550.817	1550.707	
7183.06599998	402.7	1550.818	1550.707	
7188.06599998	402.8	1550.804	1550.712	
7193.06699991	402.7	1550.800	1550.707	
7198.06699991	402.7	1550.809	1550.701	
7203.06800008	402.6	1550.802	1550.706	
7208.06800008	402.7	1550.803	1550.712	
7213.06900001	402.6	1550.804	1550.711	
7218.06900001	402.7	1550.806	1550.700	
7223.06999993	402.6	1550.800	1550.706	
7228.07099986	402.7	1550.806	1550.706	
7233.07200003	402.8	1550.810	1550.706	
7238.07200003	402.6	1550.803	1550.717	
7243.07299995	402.6	1550.804	1550.706	
7248.07399988	402.6	1550.809	1550.712	
7253.07399988	402.8	1550.806	1550.700	
7258.07500005	402.7	1550.803	1550.711	
7263.07500005	402.7	1550.805	1550.711	
7268.07599998	402.7	1550.811	1550.712	
7273.06699991	402.7	1550.809	1550.700	
7278.06699991	402.6	1550.809	1550.706	
7283.06800008	402.7	1550.811	1550.706	
7288.06900001	402.7	1550.809	1550.700	
7293.06900001	402.7	1550.810	1550.712	
7298.07099986	402.6	1550.814	1550.706	
7303.07099986	402.6	1550.809	1550.712	
7308.07200003	402.7	1550.807	1550.707	
7313.07200003	402.6	1550.814	1550.712	
7318.07200003	402.6	1550.802	1550.706	
7323.07299995	402.6	1550.807	1550.700	
7328.07299995	402.6	1550.807	1550.700	
7333.07399988	402.7	1550.812	1550.711	
7338.07500005	402.6	1550.808	1550.705	
7343.07599998	402.5	1550.808	1550.700	
7348.07599998	402.6	1550.800	1550.705	
7353.07599998	402.4	1550.805	1550.705	
7358.0769999	402.5	1550.807	1550.701	
7363.0769999	402.5	1550.812	1550.706	
7368.0769999	402.5	1550.804	1550.700	
7373.06800008	402.6	1550.805	1550.700	
7378.06800008	402.6	1550.809	1550.711	
7383.06900001	402.6	1550.809	1550.706	
7388.06900001	402.9	1550.806	1550.701	
7393.06999993	402.8	1550.801	1550.706	
7398.06999993	402.6	1550.813	1550.706	
7403.07099986	402.6	1550.810	1550.706	
7408.07099986	402.9	1550.812	1550.717	
7413.07200003	402.9	1550.816	1550.712	
7418.07200003	403.1	1550.815	1550.711	
7423.07299995	403.0	1550.811	1550.712	
7428.07299995	402.9	1550.810	1550.706	
7433.07399988	402.8	1550.807	1550.712	
7438.07399988	402.7	1550.811	1550.712	
7443.07500005	402.8	1550.810	1550.701	
7448.07599998	402.8	1550.814	1550.706	
7453.07599998	402.9	1550.806	1550.706	
7458.0769999	403.0	1550.812	1550.711	
7463.0769999	403.0	1550.810	1550.717	
7468.07800007	402.9	1550.809	1550.706	
7473.07800007	403.0	1550.802	1550.711	
7478.079	403.0	1550.806	1550.705	
7483.079	403.1	1550.815	1550.706	
7488.06999993	403.1	1550.810	1550.706	
7493.06999993	403.1	1550.812	1550.706	
7498.06999993	402.9	1550.809	1550.706	
7503.07099986	402.8	1550.815	1550.711	
7508.07099986	403.0	1550.816	1550.712	
7513.07200003	403.0	1550.810	1550.713	
7518.07299995	403.1	1550.816	1550.702	
7523.07399988	403.0	1550.816	1550.713	
7528.07500005	403.0	1550.810	1550.707	
7533.07500005	403.0	1550.812	1550.707	
7538.07599998	403.0	1550.811	1550.702	
7543.0769999	402.9	1550.814	1550.707	
7548.0769999	403.1	1550.811	1550.712	
7553.07800007	403.1	1550.810	1550.707	
7558.079	403.1	1550.815	1550.712	
7563.079	403.0	1550.815	1550.707	
7568.07999992	403.1	1550.814	1550.718	
7573.07999992	403.1	1550.814	1550.713	
7578.07099986	403.1	1550.813	1550.719	
7583.07200003	403.0	1550.809	1550.707	
7588.07299995	403.2	1550.813	1550.719	
7593.07399988	403.2	1550.818	1550.707	
7598.07500005	403.1	1550.819	1550.719	
7603.07500005	403.0	1550.813	1550.708	
7608.07599998	403.0	1550.810	1550.713	
7613.0769999	403.1	1550.819	1550.719	
7618.0769999	403.3	1550.814	1550.713	
7623.07800007	403.2	1550.808	1550.708	
7628.079	403.0	1550.805	1550.708	
7633.079	403.0	1550.818	1550.707	
7638.07999992	403.1	1550.809	1550.713	
7643.07999992	403.0	1550.809	1550.708	
7648.08100009	403.1	1550.809	1550.719	
7653.08200002	403.1	1550.813	1550.713	
7658.07200003	403.1	1550.803	1550.714	
7663.07299995	403.1	1550.814	1550.713	
7668.07299995	403.0	1550.812	1550.714	
7673.07399988	403.2	1550.812	1550.713	
7678.07500005	403.2	1550.817	1550.702	
7683.07500005	403.2	1550.808	1550.714	
7688.07599998	403.1	1550.803	1550.714	
7693.0769999	403.3	1550.813	1550.719	
7698.07800007	403.2	1550.808	1550.714	
7703.079	403.1	1550.812	1550.702	
7708.079	403.0	1550.804	1550.713	
7713.07999992	403.0	1550.804	1550.702	
7718.08100009	403.1	1550.815	1550.708	
7723.08100009	403.2	1550.811	1550.713	
7728.08200002	403.0	1550.809	1550.712	
7733.07299995	403.1	1550.805	1550.708	
7738.07399988	403.2	1550.811	1550.713	
7743.07500005	403.2	1550.810	1550.703	
7748.07599998	403.1	1550.810	1550.713	
7753.07599998	403.0	1550.813	1550.714	
7758.0769999	403.1	1550.805	1550.708	
7763.0769999	403.0	1550.810	1550.709	
7768.08800006	402.9	1550.808	1550.719	
7773.07800007	403.0	1550.806	1550.713	
7778.07800007	403.0	1550.800	1550.708	
7783.079	403.1	1550.813	1550.713	
7788.07999992	403.2	1550.804	1550.707	
7793.07999992	403.2	1550.812	1550.702	
7798.08100009	403.2	1550.811	1550.713	
7803.08200002	403.2	1550.813	1550.708	
7808.08299994	403.3	1550.812	1550.713	
7813.08299994	403.3	1550.813	1550.714	
7818.07399988	403.4	1550.803	1550.708	
7823.07500005	403.3	1550.816	1550.713	
7828.07599998	403.4	1550.817	1550.713	
7833.07599998	403.3	1550.811	1550.713	
7838.0769999	403.3	1550.805	1550.702	
7843.0769999	403.1	1550.810	1550.713	
7848.07800007	403.1	1550.808	1550.708	
7853.07800007	403.2	1550.810	1550.708	
7858.079	403.2	1550.808	1550.720	
7863.07999992	403.2	1550.805	1550.707	
7868.07999992	403.3	1550.799	1550.707	
7873.08100009	403.4	1550.815	1550.714	
7878.08100009	403.4	1550.811	1550.713	
7883.08200002	403.6	1550.814	1550.713	
7888.08299994	403.6	1550.813	1550.708	
7893.08299994	403.4	1550.809	1550.718	
7898.08399987	403.3	1550.814	1550.708	
7903.08500004	403.1	1550.810	1550.708	
7908.07599998	403.3	1550.803	1550.712	
7913.0769999	403.3	1550.809	1550.713	
7918.0769999	403.2	1550.804	1550.713	
7923.07800007	403.3	1550.804	1550.713	
7928.07800007	403.5	1550.810	1550.707	
7933.079	403.5	1550.803	1550.719	
7938.079	403.5	1550.808	1550.713	
7943.07999992	403.4	1550.807	1550.708	
7948.07999992	403.4	1550.808	1550.713	
7953.08100009	403.4	1550.801	1550.708	
7958.08100009	403.4	1550.806	1550.718	
7963.08200002	403.3	1550.807	1550.719	
7968.08299994	403.3	1550.803	1550.713	
7973.08299994	403.2	1550.806	1550.718	
7978.08299994	403.4	1550.813	1550.718	
7983.08399987	403.3	1550.807	1550.713	
7988.08399987	403.3	1550.811	1550.707	
7993.07500005	403.3	1550.798	1550.713	
7998.07500005	403.2	1550.813	1550.719	
8003.07599998	403.3	1550.800	1550.708	
8008.07599998	403.4	1550.809	1550.707	
8013.07599998	403.3	1550.802	1550.707	
8018.0769999	403.4	1550.813	1550.707	
8023.07800007	403.4	1550.810	1550.713	
8028.07800007	403.4	1550.806	1550.713	
8033.079	403.5	1550.808	1550.707	
8038.079	403.5	1550.811	1550.713	
8043.079	403.4	1550.801	1550.707	
8048.07999992	403.4	1550.807	1550.719	
8053.07999992	403.4	1550.807	1550.707	
8058.08100009	403.3	1550.807	1550.719	
8063.08200002	403.2	1550.803	1550.707	
8068.08200002	403.4	1550.806	1550.712	
8073.08299994	403.4	1550.804	1550.713	
8078.08299994	403.4	1550.810	1550.712	
8083.08299994	403.3	1550.802	1550.712	
8088.07399988	403.3	1550.807	1550.701	
8093.07399988	403.3	1550.807	1550.707	
8098.07500005	403.3	1550.810	1550.719	
8103.07599998	403.4	1550.809	1550.701	
8108.07599998	403.4	1550.803	1550.707	
8113.0769999	403.3	1550.806	1550.712	
8118.0769999	403.1	1550.808	1550.707	
8123.07800007	403.1	1550.802	1550.712	
8128.07800007	403.2	1550.804	1550.707	
8133.079	403.3	1550.807	1550.707	
8138.07999992	403.3	1550.802	1550.702	
8143.07999992	403.2	1550.802	1550.713	
8148.08100009	403.3	1550.802	1550.712	
8153.08100009	403.3	1550.806	1550.712	
8158.08200002	403.4	1550.810	1550.718	
8163.08200002	403.3	1550.807	1550.714	
8168.08299994	403.4	1550.811	1550.713	
8173.08299994	403.4	1550.807	1550.708	
8178.07399988	403.4	1550.806	1550.712	
8183.07399988	403.4	1550.803	1550.712	
8188.07500005	403.3	1550.809	1550.707	
8193.07500005	403.4	1550.810	1550.713	
8198.07599998	403.4	1550.806	1550.718	
8203.07599998	403.4	1550.806	1550.707	
8208.0769999	403.4	1550.806	1550.707	
8213.0769999	403.5	1550.801	1550.707	
8218.07800007	403.4	1550.808	1550.714	
8223.079	403.3	1550.812	1550.707	
8228.079	403.4	1550.806	1550.707	
8233.07999992	403.4	1550.801	1550.707	
8238.08100009	403.4	1550.796	1550.707	
8243.08100009	403.4	1550.799	1550.708	
8248.08100009	403.4	1550.805	1550.718	
8253.08200002	403.3	1550.796	1550.719	
8258.08299994	403.5	1550.809	1550.713	
8263.08299994	403.5	1550.809	1550.714	
8268.07500005	403.5	1550.795	1550.713	
8273.07500005	403.4	1550.804	1550.712	
8278.07599998	403.4	1550.810	1550.707	
8283.0769999	403.3	1550.810	1550.707	
8288.0769999	403.4	1550.805	1550.713	
8293.07800007	403.5	1550.809	1550.718	
8298.079	403.5	1550.808	1550.713	
8303.079	403.5	1550.800	1550.714	
8308.07999992	403.5	1550.794	1550.707	
8313.08100009	403.3	1550.800	1550.712	
8318.08100009	403.3	1550.804	1550.701	
8323.08200002	403.3	1550.803	1550.707	
8328.08200002	403.4	1550.804	1550.713	
8333.08299994	403.5	1550.809	1550.707	
8338.08299994	403.5	1550.801	1550.702	
8343.08399987	403.6	1550.814	1550.708	
8348.08399987	403.6	1550.801	1550.714	
8353.08500004	403.6	1550.800	1550.714	
8358.08500004	403.5	1550.808	1550.719	
8363.07500005	403.5	1550.795	1550.713	
8368.08599997	403.4	1550.800	1550.713	
8373.0769999	403.4	1550.804	1550.712	
8378.07800007	403.4	1550.800	1550.712	
8383.07800007	403.5	1550.804	1550.713	
8388.079	403.6	1550.799	1550.713	
8393.07999992	403.5	1550.807	1550.713	
8398.07999992	403.6	1550.806	1550.713	
8403.08100009	403.5	1550.803	1550.714	
8408.08200002	403.5	1550.804	1550.707	
8413.08200002	403.6	1550.803	1550.713	
8418.08200002	403.5	1550.805	1550.702	
8423.08299994	403.6	1550.807	1550.708	
8428.08399987	403.5	1550.800	1550.708	
8433.08399987	403.5	1550.806	1550.713	
8438.08500004	403.5	1550.805	1550.713	
8443.08599997	403.4	1550.806	1550.708	
8448.07599998	403.4	1550.805	1550.719	
8453.0769999	403.5	1550.811	1550.713	
8458.07800007	403.7	1550.816	1550.708	
8463.07800007	403.8	1550.805	1550.709	
8468.079	403.6	1550.800	1550.708	
8473.07999992	403.6	1550.808	1550.708	
8478.07999992	403.5	1550.811	1550.708	
8483.08100009	403.4	1550.807	1550.714	
8488.08100009	403.5	1550.810	1550.707	
8493.08200002	403.4	1550.802	1550.713	
8498.08299994	403.5	1550.800	1550.714	
8503.08299994	403.4	1550.807	1550.707	
8508.08399987	403.5	1550.802	1550.708	
8513.08399987	403.6	1550.812	1550.709	
8518.08399987	403.5	1550.808	1550.714	
8523.08500004	403.6	1550.807	1550.708	
8528.08599997	403.5	1550.807	1550.708	
8533.08699989	403.6	1550.809	1550.707	
8538.0769999	403.7	1550.817	1550.713	
8543.0769999	403.6	1550.798	1550.719	
8548.07800007	403.6	1550.811	1550.703	
8553.079	403.6	1550.815	1550.708	
8558.07999992	403.8	1550.811	1550.714	
8563.07999992	403.6	1550.813	1550.719	
8568.08100009	403.8	1550.812	1550.720	
8573.08200002	403.8	1550.815	1550.709	
8578.08200002	403.8	1550.819	1550.709	
8583.08299994	403.7	1550.816	1550.720	
8588.08299994	403.6	1550.806	1550.720	
8593.08399987	403.5	1550.799	1550.709	
8598.08399987	403.6	1550.813	1550.709	
8603.08500004	403.8	1550.815	1550.708	
8608.08599997	403.8	1550.812	1550.714	
8613.08599997	403.9	1550.817	1550.708	
8618.08699989	403.8	1550.810	1550.714	
8623.08699989	403.8	1550.821	1550.714	
8628.07800007	403.7	1550.809	1550.708	
8633.07800007	403.6	1550.809	1550.709	
8638.079	403.6	1550.809	1550.714	
8643.07999992	403.6	1550.814	1550.709	
8648.07999992	403.6	1550.812	1550.720	
8653.08100009	403.7	1550.811	1550.721	
8658.08100009	403.8	1550.805	1550.703	
8663.08200002	403.8	1550.816	1550.715	
8668.08200002	403.7	1550.810	1550.708	
8673.08200002	403.7	1550.823	1550.714	
8678.08299994	403.7	1550.821	1550.714	
8683.08399987	403.8	1550.811	1550.708	
8688.08399987	403.7	1550.812	1550.719	
8693.08500004	403.7	1550.812	1550.710	
8698.08599997	403.7	1550.816	1550.714	
8703.08599997	403.8	1550.815	1550.708	
8708.08699989	403.7	1550.808	1550.708	
8713.08699989	403.7	1550.816	1550.715	
8718.08800006	403.6	1550.807	1550.709	
8723.08800006	403.5	1550.810	1550.714	
8728.079	403.4	1550.807	1550.714	
8733.07999992	403.4	1550.805	1550.709	
8738.08100009	403.5	1550.806	1550.714	
8743.08100009	403.6	1550.809	1550.714	
8748.08200002	403.5	1550.809	1550.708	
8753.08200002	403.6	1550.816	1550.708	
8758.08299994	403.6	1550.812	1550.720	
8763.08299994	403.7	1550.816	1550.714	
8768.08399987	403.7	1550.811	1550.708	
8773.08399987	403.8	1550.825	1550.708	
8778.08500004	403.8	1550.817	1550.708	
8783.08599997	403.7	1550.816	1550.719	
8788.08699989	403.7	1550.812	1550.708	
8793.08699989	403.7	1550.813	1550.709	
8798.08800006	403.6	1550.812	1550.714	
8803.08899999	403.6	1550.813	1550.714	
8808.08899999	403.6	1550.812	1550.714	
8813.07999992	403.7	1550.818	1550.708	
8818.08100009	403.8	1550.825	1550.708	
8823.08100009	403.8	1550.820	1550.714	
8828.08200002	403.7	1550.818	1550.708	
8833.08299994	403.8	1550.819	1550.724	
8838.08399987	403.9	1550.819	1550.713	
8843.08399987	403.8	1550.809	1550.708	
8848.08500004	403.8	1550.820	1550.713	
8853.08500004	403.9	1550.824	1550.708	
8858.08599997	403.8	1550.817	1550.713	
8863.08699989	403.8	1550.814	1550.719	
8868.08800006	403.9	1550.814	1550.713	
8873.08800006	403.7	1550.816	1550.719	
8878.08899999	403.7	1550.823	1550.714	
8883.08999991	403.7	1550.816	1550.708	
8888.08999991	403.9	1550.820	1550.715	
8893.09100008	403.9	1550.818	1550.725	
8898.08200002	403.9	1550.824	1550.720	
8903.08200002	403.8	1550.826	1550.708	
8908.08200002	403.9	1550.813	1550.714	
8913.08299994	403.7	1550.824	1550.714	
8918.08299994	403.8	1550.813	1550.713	
8923.08299994	403.6	1550.823	1550.708	
8928.08399987	403.7	1550.814	1550.708	
8933.08500004	403.6	1550.817	1550.713	
8938.08500004	403.6	1550.818	1550.714	
8943.08500004	403.7	1550.824	1550.719	
8948.08599997	403.8	1550.820	1550.708	
8953.08699989	403.8	1550.820	1550.714	
8958.08699989	403.8	1550.820	1550.708	
8963.08699989	403.7	1550.821	1550.708	
8968.08800006	403.6	1550.817	1550.713	
8973.08800006	403.7	1550.810	1550.714	
8978.08899999	403.7	1550.806	1550.724	
8983.08899999	403.8	1550.821	1550.713	
8988.08999991	403.9	1550.808	1550.718	
8993.08999991	403.7	1550.824	1550.708	
8998.08100009	403.9	1550.822	1550.713	
9003.08100009	404.0	1550.816	1550.714	
9008.08200002	403.9	1550.815	1550.719	
9013.08299994	403.9	1550.816	1550.713	
9018.08399987	403.9	1550.825	1550.714	
9023.08399987	404.0	1550.825	1550.720	
9028.08500004	403.9	1550.806	1550.713	
9033.08500004	404.1	1550.816	1550.715	
9038.08599997	404.1	1550.818	1550.714	
9043.08699989	404.0	1550.815	1550.719	
9048.08699989	404.1	1550.824	1550.719	
9053.08800006	404.0	1550.817	1550.708	
9058.08800006	403.9	1550.817	1550.708	
9063.08899999	403.8	1550.824	1550.714	
9068.079	403.8	1550.816	1550.714	
9073.07999992	403.8	1550.826	1550.713	
9078.08100009	403.8	1550.810	1550.708	
9083.08100009	403.8	1550.815	1550.719	
9088.08200002	403.8	1550.819	1550.713	
9093.08200002	403.9	1550.818	1550.708	
9098.08299994	403.8	1550.816	1550.714	
9103.08399987	403.9	1550.816	1550.713	
9108.08399987	403.9	1550.820	1550.724	
9113.08500004	403.9	1550.819	1550.713	
9118.08500004	403.8	1550.814	1550.708	
9123.08599997	403.9	1550.819	1550.709	
9128.08599997	403.8	1550.819	1550.708	
9133.08699989	403.9	1550.821	1550.714	
9138.08699989	403.9	1550.814	1550.713	
9143.08800006	403.9	1550.819	1550.714	
9148.07800007	403.8	1550.820	1550.709	
9153.079	403.9	1550.815	1550.714	
9158.079	403.9	1550.822	1550.714	
9163.079	403.8	1550.827	1550.726	
9168.07999992	403.8	1550.824	1550.708	
9173.07999992	403.9	1550.822	1550.714	
9178.07999992	403.9	1550.820	1550.715	
9183.08100009	403.9	1550.815	1550.715	
9188.08200002	403.9	1550.814	1550.714	
9193.08200002	403.9	1550.822	1550.714	
9198.08200002	403.9	1550.815	1550.715	
9203.08299994	404.0	1550.822	1550.715	
9208.08299994	404.0	1550.816	1550.714	
9213.08299994	403.8	1550.814	1550.715	
9218.08399987	403.8	1550.823	1550.709	
9223.08399987	403.8	1550.823	1550.715	
9228.08500004	403.9	1550.822	1550.709	
9233.08500004	403.9	1550.823	1550.720	
9238.08599997	403.9	1550.819	1550.714	
9243.08599997	404.0	1550.812	1550.715	
9248.08699989	403.9	1550.813	1550.708	
9253.08699989	403.9	1550.819	1550.720	
9258.08699989	403.8	1550.812	1550.720	
9263.08800006	403.8	1550.809	1550.719	
9268.08800006	403.7	1550.817	1550.714	
9273.079	403.8	1550.814	1550.720	
9278.079	403.8	1550.815	1550.720	
9283.07999992	403.8	1550.815	1550.714	
9288.07999992	403.8	1550.822	1550.720	
9293.08100009	403.9	1550.820	1550.720	
9298.08100009	404.0	1550.813	1550.709	
9303.08100009	403.9	1550.817	1550.709	
9308.08200002	403.9	1550.816	1550.709	
9313.08200002	403.8	1550.824	1550.714	
9318.08299994	403.8	1550.822	1550.714	
9323.08299994	403.8	1550.822	1550.714	
9328.08399987	403.9	1550.819	1550.721	
9333.08500004	403.8	1550.813	1550.716	
9338.08500004	403.8	1550.813	1550.720	
9343.08500004	404.0	1550.817	1550.720	
9348.08699989	404.0	1550.815	1550.714	
9353.08699989	404.0	1550.818	1550.709	
9358.08800006	404.0	1550.823	1550.726	
9363.08800006	404.2	1550.817	1550.709	
9368.07800007	404.0	1550.823	1550.715	
9373.079	404.0	1550.814	1550.715	
9378.079	404.0	1550.808	1550.715	
9383.07999992	404.0	1550.817	1550.709	
9388.07999992	404.0	1550.821	1550.715	
9393.08100009	404.0	1550.808	1550.708	
9398.08100009	404.0	1550.809	1550.721	
9403.08200002	403.9	1550.820	1550.714	
9408.08299994	403.8	1550.812	1550.715	
9413.08399987	404.0	1550.816	1550.721	
9418.08399987	404.0	1550.812	1550.709	
9423.08500004	404.0	1550.813	1550.715	
9428.08599997	403.9	1550.818	1550.709	
9433.08599997	404.0	1550.817	1550.714	
9438.08699989	404.0	1550.812	1550.714	
9443.08800006	404.0	1550.817	1550.714	
9448.08800006	404.0	1550.807	1550.715	
9453.08800006	404.0	1550.818	1550.720	
9458.079	404.0	1550.817	1550.720	
9463.079	404.1	1550.817	1550.709	
9468.079	404.0	1550.812	1550.720	
9473.07999992	404.0	1550.811	1550.714	
9478.07999992	404.0	1550.817	1550.714	
9483.08100009	404.0	1550.816	1550.720	
9488.08200002	404.1	1550.807	1550.719	
9493.08299994	404.0	1550.820	1550.715	
9498.08399987	404.0	1550.809	1550.715	
9503.08399987	404.1	1550.816	1550.714	
9508.08500004	403.9	1550.811	1550.724	
9513.08500004	404.0	1550.816	1550.720	
9518.08500004	404.1	1550.812	1550.720	
9523.08599997	404.0	1550.812	1550.720	
9528.08699989	403.8	1550.815	1550.721	
9533.08699989	403.9	1550.811	1550.726	
9538.08800006	404.0	1550.815	1550.714	
9543.08800006	403.9	1550.817	1550.714	
9548.08800006	403.9	1550.817	1550.720	
9553.079	403.9	1550.811	1550.726	
9558.08999991	403.7	1550.807	1550.720	
9563.07999992	403.8	1550.815	1550.714	
9568.09100008	403.9	1550.809	1550.714	
9573.08200002	404.0	1550.812	1550.720	
9578.08200002	403.9	1550.812	1550.720	
9583.08299994	404.1	1550.813	1550.715	
9588.08299994	404.0	1550.811	1550.714	
9593.08399987	403.9	1550.812	1550.720	
9598.08500004	404.1	1550.800	1550.719	
9603.08599997	404.1	1550.812	1550.714	
9608.08599997	403.8	1550.815	1550.720	
9613.08699989	403.9	1550.805	1550.725	
9618.08699989	404.0	1550.815	1550.720	
9623.08800006	403.9	1550.815	1550.720	
9628.08800006	403.8	1550.809	1550.714	
9633.08899999	403.9	1550.815	1550.715	
9638.08899999	404.1	1550.819	1550.709	
9643.08899999	404.0	1550.811	1550.715	
9648.08999991	404.1	1550.809	1550.725	
9653.07999992	404.0	1550.815	1550.719	
9658.07999992	404.0	1550.815	1550.714	
9663.08100009	404.0	1550.816	1550.715	
9668.08100009	404.0	1550.815	1550.715	
9673.08200002	404.0	1550.805	1550.714	
9678.08299994	403.8	1550.820	1550.715	
9683.08399987	403.8	1550.805	1550.715	
9688.08399987	403.9	1550.807	1550.715	
9693.08500004	403.8	1550.809	1550.714	
9698.08500004	403.8	1550.807	1550.721	
9703.08599997	403.9	1550.811	1550.715	
9708.08599997	403.8	1550.815	1550.715	
9713.08699989	403.9	1550.817	1550.715	
9718.08699989	403.9	1550.816	1550.715	
9723.08800006	404.0	1550.806	1550.720	
9728.08800006	403.9	1550.806	1550.715	
9733.08899999	403.7	1550.812	1550.720	
9738.08899999	403.8	1550.816	1550.721	
9743.08999991	403.9	1550.809	1550.713	
9748.08100009	404.1	1550.819	1550.719	
9753.08200002	404.2	1550.816	1550.719	
9758.08299994	404.1	1550.819	1550.714	
9763.08299994	404.2	1550.818	1550.720	
9768.08399987	404.1	1550.809	1550.714	
9773.08500004	404.1	1550.816	1550.714	
9778.08500004	404.1	1550.816	1550.719	
9783.08599997	403.9	1550.817	1550.720	
9788.08599997	403.9	1550.810	1550.715	
9793.08599997	404.0	1550.810	1550.714	
9798.08699989	404.1	1550.816	1550.714	
9803.08699989	404.2	1550.820	1550.714	
9808.08699989	404.0	1550.807	1550.714	
9813.08800006	404.0	1550.808	1550.714	
9818.08800006	404.0	1550.818	1550.725	
9823.08899999	403.9	1550.818	1550.714	
9828.08899999	403.9	1550.820	1550.714	
9833.08999991	403.8	1550.807	1550.714	
9838.08999991	404.0	1550.807	1550.714	
9843.08999991	404.1	1550.819	1550.719	
9848.09100008	404.2	1550.817	1550.720	
9853.09100008	404.0	1550.823	1550.720	
9858.09200001	404.1	1550.824	1550.720	
9863.08200002	404.1	1550.816	1550.714	
9868.09299994	404.0	1550.814	1550.714	
9873.08299994	403.9	1550.812	1550.720	
9878.08399987	403.9	1550.810	1550.714	
9883.08399987	404.1	1550.814	1550.714	
9888.08399987	404.1	1550.810	1550.714	
9893.08500004	404.2	1550.813	1550.708	
9898.08500004	404.2	1550.824	1550.714	
9903.08599997	404.1	1550.820	1550.714	
9908.08599997	404.0	1550.826	1550.720	
9913.08699989	404.1	1550.819	1550.726	
9918.08699989	404.2	1550.815	1550.720	
9923.08699989	404.1	1550.808	1550.715	
9928.08699989	404.1	1550.809	1550.714	
9933.08800006	404.0	1550.810	1550.720	
9938.08800006	403.9	1550.817	1550.720	
9943.08800006	404.0	1550.824	1550.715	
9948.08800006	404.1	1550.821	1550.714	
9953.08899999	404.1	1550.818	1550.714	
9958.08899999	404.0	1550.820	1550.720	
9963.08899999	404.2	1550.816	1550.715	
9968.08899999	404.1	1550.822	1550.720	
9973.08999991	404.1	1550.815	1550.726	
9978.08999991	404.0	1550.809	1550.725	
9983.08100009	404.0	1550.821	1550.715	
9988.08100009	404.0	1550.816	1550.725	
9993.08100009	403.9	1550.817	1550.714	
9998.08200002	404.0	1550.812	1550.709	
10003.082	403.9	1550.820	1550.720	
10008.0829999	404.1	1550.817	1550.715	
10013.0829999	404.0	1550.815	1550.714	
10018.0839999	403.9	1550.812	1550.725	
10023.0839999	403.9	1550.806	1550.708	
10028.085	403.9	1550.812	1550.719	
10033.085	403.8	1550.811	1550.714	
10038.086	403.8	1550.815	1550.719	
10043.086	404.0	1550.817	1550.715	
10048.0869999	404.0	1550.814	1550.714	
10053.0869999	404.1	1550.826	1550.715	
10058.0880001	404.1	1550.817	1550.720	
10063.0780001	404.1	1550.807	1550.715	
10068.079	404.1	1550.818	1550.714	
10073.079	404.0	1550.829	1550.721	
10078.0799999	404.0	1550.820	1550.715	
10083.0799999	403.9	1550.824	1550.731	
10088.0799999	403.9	1550.814	1550.715	
10093.0810001	403.9	1550.822	1550.714	
10098.0810001	404.1	1550.822	1550.726	
10103.082	404.0	1550.812	1550.709	
10108.0829999	403.9	1550.815	1550.714	
10113.0829999	403.8	1550.806	1550.719	
10118.0839999	403.9	1550.810	1550.714	
10123.0839999	403.9	1550.823	1550.721	
10128.085	404.0	1550.807	1550.720	
10133.085	404.1	1550.822	1550.715	
10138.086	404.0	1550.817	1550.720	
10143.076	404.1	1550.812	1550.720	
10148.076	404.1	1550.817	1550.721	
10153.0769999	404.1	1550.824	1550.715	
10158.0769999	404.1	1550.815	1550.720	
10163.0769999	404.0	1550.816	1550.721	
10168.0880001	404.0	1550.816	1550.715	
10173.0780001	404.0	1550.817	1550.726	
10178.0780001	404.0	1550.819	1550.721	
10183.079	403.9	1550.819	1550.715	
10188.079	403.9	1550.828	1550.721	
10193.0799999	403.9	1550.820	1550.715	
10198.0799999	403.9	1550.819	1550.721	
10203.0810001	404.0	1550.820	1550.721	
10208.0810001	404.0	1550.821	1550.726	
10213.082	404.0	1550.821	1550.727	
10218.082	404.1	1550.826	1550.721	
10223.0829999	404.1	1550.821	1550.727	
10228.0829999	404.0	1550.818	1550.710	
10233.0829999	404.1	1550.818	1550.720	
10238.0739999	403.9	1550.824	1550.703	
10243.0739999	403.8	1550.821	1550.720	
10248.0739999	403.8	1550.821	1550.720	
10253.075	403.9	1550.814	1550.714	
10258.075	403.9	1550.821	1550.726	
10263.075	404.1	1550.823	1550.715	
10268.076	404.1	1550.818	1550.727	
10273.076	404.2	1550.813	1550.726	
10278.0769999	404.1	1550.824	1550.721	
10283.0780001	404.2	1550.820	1550.721	
10288.0780001	404.2	1550.824	1550.726	
10293.079	404.1	1550.814	1550.721	
10298.079	404.0	1550.824	1550.715	
10303.0799999	404.0	1550.820	1550.726	
10308.0810001	403.9	1550.813	1550.716	
10313.0810001	403.9	1550.823	1550.720	
10318.0810001	404.0	1550.820	1550.715	
10323.082	404.1	1550.824	1550.721	
10328.0829999	404.1	1550.818	1550.721	
10333.0829999	404.1	1550.819	1550.715	
10338.073	404.0	1550.824	1550.721	
10343.0739999	404.1	1550.824	1550.726	
10348.075	404.0	1550.824	1550.722	
10353.075	403.9	1550.826	1550.715	
10358.076	403.9	1550.818	1550.715	
10363.0769999	403.9	1550.821	1550.715	
10368.0769999	403.8	1550.826	1550.726	
10373.0780001	404.0	1550.823	1550.720	
10378.0780001	404.1	1550.818	1550.726	
10383.0780001	404.0	1550.818	1550.721	
10388.079	404.1	1550.816	1550.726	
10393.0799999	403.9	1550.822	1550.721	
10398.0799999	403.9	1550.822	1550.709	
10403.0810001	403.9	1550.816	1550.714	
10408.082	403.8	1550.821	1550.710	
10413.082	403.8	1550.821	1550.725	
10418.073	403.7	1550.821	1550.714	
10423.0739999	403.8	1550.814	1550.720	
10428.076	404.1	1550.804	1550.715	
10433.076	404.2	1550.815	1550.715	
10438.076	404.0	1550.821	1550.716	
10443.0769999	404.0	1550.817	1550.715	
10448.0780001	403.9	1550.815	1550.715	
10453.0780001	403.8	1550.821	1550.720	
10458.079	403.8	1550.822	1550.720	
10463.079	403.7	1550.818	1550.721	
10468.079	403.9	1550.818	1550.720	
10473.0799999	403.9	1550.816	1550.726	
10478.0799999	403.8	1550.822	1550.715	
10483.0799999	403.9	1550.826	1550.715	
10488.0799999	404.0	1550.821	1550.720	
10493.0810001	404.0	1550.814	1550.715	
10498.082	403.9	1550.822	1550.715	
10503.082	403.9	1550.824	1550.709	
10508.073	404.0	1550.821	1550.720	
10513.073	404.0	1550.819	1550.720	
10518.0739999	404.0	1550.822	1550.721	
10523.075	404.1	1550.824	1550.715	
10528.076	404.0	1550.814	1550.720	
10533.076	404.1	1550.823	1550.720	
10538.076	404.1	1550.823	1550.720	
10543.0769999	404.1	1550.828	1550.720	
10548.0780001	404.0	1550.824	1550.720	
10553.0780001	404.0	1550.820	1550.720	
10558.079	403.9	1550.816	1550.715	
10563.0799999	403.9	1550.817	1550.716	
10568.0799999	403.9	1550.823	1550.721	
10573.0810001	403.9	1550.816	1550.721	
10578.0810001	403.8	1550.820	1550.727	
10583.082	403.8	1550.815	1550.715	
10588.082	403.8	1550.821	1550.726	
10593.073	404.0	1550.820	1550.726	
10598.0739999	404.0	1550.815	1550.726	
10603.075	403.9	1550.822	1550.726	
10608.075	403.8	1550.817	1550.720	
10613.076	403.9	1550.821	1550.720	
10618.0769999	403.7	1550.820	1550.714	
10623.0769999	403.8	1550.818	1550.715	
10628.0780001	403.9	1550.815	1550.715	
10633.0780001	403.9	1550.822	1550.726	
10638.079	403.8	1550.813	1550.727	
10643.079	403.7	1550.815	1550.726	
10648.0799999	403.8	1550.814	1550.726	
10653.0799999	403.9	1550.815	1550.721	
10658.0810001	403.8	1550.812	1550.714	
10663.0810001	403.8	1550.817	1550.721	
10668.082	403.9	1550.818	1550.715	
10673.0829999	403.9	1550.811	1550.713	
10678.0829999	403.8	1550.811	1550.714	
10683.0829999	403.9	1550.827	1550.726	
10688.0839999	404.0	1550.823	1550.715	
10693.0739999	404.0	1550.821	1550.715	
10698.075	404.0	1550.821	1550.725	
10703.075	403.9	1550.823	1550.720	
10708.075	403.9	1550.819	1550.720	
10713.076	403.9	1550.814	1550.726	
10718.0769999	403.8	1550.811	1550.720	
10723.0769999	403.9	1550.810	1550.726	
10728.0780001	403.8	1550.813	1550.721	
10733.0780001	403.9	1550.823	1550.715	
10738.079	403.9	1550.827	1550.719	
10743.079	404.0	1550.825	1550.714	
10748.079	404.0	1550.818	1550.715	
10753.0799999	403.9	1550.822	1550.720	
10758.0799999	403.9	1550.813	1550.720	
10763.0810001	403.9	1550.822	1550.714	
10768.0810001	403.9	1550.817	1550.719	
10773.082	403.8	1550.815	1550.719	
10778.082	403.7	1550.819	1550.720	
10783.082	403.8	1550.817	1550.715	
10788.0829999	403.8	1550.816	1550.720	
10793.0839999	403.8	1550.817	1550.720	
10798.0839999	403.8	1550.816	1550.720	
10803.0839999	403.9	1550.816	1550.719	
10808.085	403.9	1550.816	1550.720	
10813.075	403.9	1550.827	1550.720	
10818.076	403.9	1550.822	1550.714	
10823.0769999	403.9	1550.817	1550.715	
10828.0769999	403.9	1550.821	1550.714	
10833.0769999	403.9	1550.811	1550.720	
10838.0780001	403.8	1550.817	1550.719	
10843.0780001	403.9	1550.822	1550.720	
10848.079	403.9	1550.808	1550.725	
10853.079	403.8	1550.817	1550.719	
10858.0799999	403.8	1550.822	1550.719	
10863.0799999	403.9	1550.816	1550.709	
10868.0799999	403.9	1550.816	1550.714	
10873.0810001	403.9	1550.812	1550.719	
10878.0810001	403.9	1550.821	1550.725	
10883.082	403.8	1550.813	1550.726	
10888.082	403.8	1550.813	1550.715	
10893.0829999	403.9	1550.818	1550.715	
10898.0839999	403.9	1550.820	1550.725	
10903.085	404.0	1550.821	1550.720	
10908.085	404.0	1550.817	1550.714	
10913.086	404.0	1550.820	1550.720	
10918.086	403.9	1550.820	1550.725	
10923.0869999	403.9	1550.822	1550.725	
10928.0769999	403.9	1550.812	1550.720	
10933.0780001	404.0	1550.811	1550.725	
10938.079	403.9	1550.815	1550.720	
10943.079	403.9	1550.815	1550.719	
10948.0799999	403.9	1550.816	1550.713	
10953.0799999	403.9	1550.816	1550.725	
10958.0810001	403.9	1550.822	1550.725	
10963.0810001	403.9	1550.816	1550.715	
10968.082	404.0	1550.807	1550.720	
10973.0829999	404.0	1550.819	1550.714	
10978.0829999	403.9	1550.816	1550.719	
10983.0839999	403.9	1550.820	1550.714	
10988.0839999	403.9	1550.819	1550.725	
10993.085	404.0	1550.810	1550.720	
10998.085	403.8	1550.812	1550.714	
11003.085	404.0	1550.820	1550.713	
11008.086	404.0	1550.815	1550.714	
11013.086	404.1	1550.808	1550.720	
11018.0869999	404.0	1550.820	1550.720	
11023.0880001	404.0	1550.815	1550.719	
11028.0880001	404.0	1550.818	1550.725	
11033.079	404.0	1550.811	1550.720	
11038.0799999	403.9	1550.818	1550.725	
11043.0810001	403.9	1550.808	1550.719	
11048.0810001	403.8	1550.817	1550.719	
11053.082	404.0	1550.815	1550.719	
11058.0829999	403.9	1550.820	1550.714	
11063.0829999	404.0	1550.820	1550.725	
11068.0929999	404.0	1550.821	1550.719	
11073.0839999	403.9	1550.809	1550.724	
11078.0839999	403.8	1550.811	1550.714	
11083.085	403.7	1550.816	1550.708	
11088.085	403.8	1550.819	1550.720	
11093.086	404.0	1550.820	1550.714	
11098.086	404.0	1550.816	1550.720	
11103.0869999	404.2	1550.819	1550.715	
11108.0869999	404.0	1550.822	1550.725	
11113.0880001	404.0	1550.819	1550.725	
11118.0880001	404.0	1550.819	1550.720	
11123.0880001	404.0	1550.811	1550.720	
11128.089	403.8	1550.813	1550.720	
11133.089	404.0	1550.815	1550.720	
11138.089	404.0	1550.817	1550.720	
11143.0899999	404.1	1550.816	1550.720	
11148.0799999	404.1	1550.820	1550.714	
11153.0810001	404.0	1550.819	1550.726	
11158.0810001	404.0	1550.809	1550.720	
11163.082	404.0	1550.818	1550.726	
11168.082	404.0	1550.819	1550.726	
11173.082	404.0	1550.819	1550.715	
11178.0829999	404.1	1550.819	1550.720	
11183.0829999	404.1	1550.819	1550.726	
11188.0839999	403.9	1550.819	1550.726	
11193.0839999	403.9	1550.819	1550.721	
11198.085	404.0	1550.814	1550.721	
11203.086	403.9	1550.818	1550.720	
11208.086	403.9	1550.814	1550.720	
11213.0869999	403.9	1550.813	1550.715	
11218.0869999	403.8	1550.814	1550.726	
11223.0869999	404.1	1550.814	1550.720	
11228.0880001	403.9	1550.818	1550.720	
11233.0880001	403.9	1550.810	1550.726	
11238.0880001	404.0	1550.818	1550.726	
11243.089	403.9	1550.813	1550.725	
11248.0899999	404.0	1550.807	1550.720	
11253.0899999	404.1	1550.812	1550.719	
11258.0899999	404.1	1550.813	1550.720	
11263.0910001	404.1	1550.814	1550.721	
11268.082	404.0	1550.822	1550.715	
11273.082	404.1	1550.817	1550.715	
11278.0829999	404.1	1550.813	1550.720	
11283.0839999	404.1	1550.822	1550.721	
11288.0839999	404.1	1550.813	1550.726	
11293.085	403.9	1550.803	1550.720	
11298.085	404.1	1550.814	1550.726	
11303.086	404.1	1550.818	1550.720	
11308.086	404.1	1550.820	1550.721	
11313.0869999	404.1	1550.812	1550.719	
11318.0880001	404.1	1550.813	1550.725	
11323.0880001	404.0	1550.818	1550.726	
11328.089	404.0	1550.817	1550.719	
11333.0899999	404.1	1550.814	1550.720	
11338.0910001	404.1	1550.807	1550.720	
11343.0910001	404.0	1550.813	1550.719	
11348.092	404.0	1550.814	1550.719	
11353.0929999	404.1	1550.816	1550.720	
11358.0929999	404.1	1550.813	1550.714	
11363.0839999	404.2	1550.818	1550.715	
11368.0939999	404.1	1550.817	1550.720	
11373.0839999	404.1	1550.812	1550.720	
11378.085	404.0	1550.812	1550.725	
11383.085	404.0	1550.812	1550.714	
11388.086	404.2	1550.813	1550.720	
11393.086	404.1	1550.813	1550.725	
11398.0869999	404.1	1550.812	1550.725	
11403.0880001	404.1	1550.814	1550.715	
11408.0880001	404.1	1550.818	1550.714	
11413.089	404.2	1550.815	1550.720	
11418.0899999	404.2	1550.811	1550.726	
11423.0899999	404.4	1550.822	1550.720	
11428.0899999	404.3	1550.813	1550.721	
11433.0910001	404.2	1550.812	1550.715	
11438.092	404.2	1550.818	1550.720	
11443.0929999	404.3	1550.812	1550.727	
11448.0929999	404.2	1550.811	1550.726	
11453.0939999	404.2	1550.811	1550.720	
11458.095	404.2	1550.812	1550.726	
11463.085	404.2	1550.810	1550.720	
11468.086	404.0	1550.810	1550.720	
11473.0869999	404.0	1550.811	1550.714	
11478.0869999	404.1	1550.811	1550.721	
11483.0880001	404.2	1550.811	1550.721	
11488.0880001	404.1	1550.811	1550.719	
11493.089	404.2	1550.812	1550.720	
11498.089	404.1	1550.809	1550.720	
11503.0899999	404.1	1550.810	1550.715	
11508.0899999	404.1	1550.807	1550.720	
11513.0910001	404.1	1550.812	1550.714	
11518.092	404.2	1550.810	1550.720	
11523.092	404.2	1550.814	1550.714	
11528.0929999	404.1	1550.812	1550.716	
11533.0939999	404.1	1550.812	1550.715	
11538.0939999	404.2	1550.811	1550.721	
11543.095	404.2	1550.813	1550.727	
11548.096	404.1	1550.810	1550.720	
11553.086	404.1	1550.815	1550.721	
11558.0869999	404.0	1550.812	1550.720	
11563.0869999	404.0	1550.814	1550.720	
11568.0880001	404.0	1550.810	1550.720	
11573.0880001	403.9	1550.811	1550.714	
11578.089	403.9	1550.807	1550.726	
11583.0899999	403.8	1550.807	1550.714	
11588.0899999	403.8	1550.811	1550.720	
11593.0910001	403.9	1550.811	1550.720	
11598.092	403.9	1550.815	1550.719	
11603.0929999	404.0	1550.816	1550.715	
11608.0929999	404.0	1550.810	1550.725	
11613.0939999	404.0	1550.820	1550.721	
11618.095	404.1	1550.806	1550.721	
11623.095	403.9	1550.810	1550.720	
11628.096	404.0	1550.811	1550.720	
11633.0969999	403.8	1550.810	1550.719	
11638.0969999	403.9	1550.816	1550.715	
11643.098	403.9	1550.808	1550.719	
11648.0880001	403.8	1550.814	1550.714	
11653.089	403.9	1550.816	1550.720	
11658.0899999	403.9	1550.811	1550.726	
11663.0899999	403.9	1550.810	1550.721	
11668.1010001	404.0	1550.815	1550.720	
11673.0910001	404.0	1550.811	1550.720	
11678.092	404.0	1550.814	1550.714	
11683.0929999	403.9	1550.805	1550.720	
11688.0929999	403.9	1550.806	1550.720	
11693.0939999	404.0	1550.811	1550.720	
11698.0939999	404.0	1550.811	1550.720	
11703.0939999	403.9	1550.819	1550.721	
11708.095	403.9	1550.809	1550.726	
11713.096	404.0	1550.814	1550.715	
11718.096	404.0	1550.814	1550.720	
11723.0969999	404.1	1550.814	1550.720	
11728.0969999	404.1	1550.815	1550.715	
11733.098	404.0	1550.813	1550.721	
11738.098	404.0	1550.808	1550.715	
11743.099	404.0	1550.804	1550.720	
11748.0899999	403.9	1550.814	1550.720	
11753.0899999	403.8	1550.814	1550.726	
11758.0910001	403.8	1550.809	1550.725	
11763.092	403.9	1550.810	1550.720	
11768.092	403.9	1550.809	1550.720	
11773.092	403.9	1550.820	1550.715	
11778.0929999	403.9	1550.809	1550.720	
11783.0929999	404.1	1550.815	1550.720	
11788.0939999	404.0	1550.802	1550.715	
11793.095	404.0	1550.808	1550.715	
11798.096	403.9	1550.809	1550.720	
11803.0969999	404.0	1550.812	1550.715	
11808.0969999	403.9	1550.809	1550.726	
11813.098	404.0	1550.808	1550.720	
11818.099	404.0	1550.809	1550.720	
11823.0999999	404.0	1550.808	1550.719	
11828.0999999	404.0	1550.813	1550.720	
11833.0999999	403.9	1550.812	1550.721	
11838.0910001	403.9	1550.808	1550.715	
11843.0910001	403.9	1550.809	1550.725	
11848.092	403.8	1550.804	1550.719	
11853.092	403.9	1550.809	1550.721	
11858.092	403.9	1550.813	1550.726	
11863.0929999	404.0	1550.810	1550.714	
11868.0929999	404.0	1550.809	1550.720	
11873.0939999	404.1	1550.808	1550.720	
11878.095	403.9	1550.809	1550.720	
11883.095	403.9	1550.809	1550.715	
11888.096	404.1	1550.809	1550.709	
11893.0969999	404.1	1550.806	1550.720	
11898.0969999	404.1	1550.807	1550.720	
11903.0969999	404.1	1550.809	1550.720	
11908.098	404.1	1550.812	1550.726	
11913.099	404.1	1550.807	1550.726	
11918.099	404.0	1550.809	1550.714	
11923.0999999	404.1	1550.814	1550.726	
11928.1010001	404.1	1550.807	1550.720	
11933.1010001	404.2	1550.808	1550.720	
11938.092	404.1	1550.807	1550.720	
11943.0929999	404.0	1550.813	1550.720	
11948.0929999	404.0	1550.807	1550.720	
11953.095	404.1	1550.808	1550.720	
11958.095	404.0	1550.808	1550.714	
11963.096	404.0	1550.812	1550.725	
11968.1069999	404.0	1550.811	1550.720	
11973.0969999	403.9	1550.809	1550.720	
11978.0969999	404.0	1550.808	1550.719	
11983.0969999	404.0	1550.812	1550.720	
11988.098	404.1	1550.810	1550.719	
11993.098	404.1	1550.807	1550.724	
11998.099	404.0	1550.810	1550.714	
12003.099	403.9	1550.813	1550.720	
12008.099	404.0	1550.812	1550.720	
12013.0999999	404.0	1550.805	1550.720	
12018.0999999	404.0	1550.808	1550.720	
12023.0999999	404.1	1550.811	1550.725	
12028.0999999	404.0	1550.804	1550.720	
12033.0999999	404.0	1550.814	1550.719	
12038.1010001	404.1	1550.809	1550.714	
12043.0910001	403.8	1550.806	1550.720	
12048.0910001	403.8	1550.807	1550.720	
12053.0910001	403.9	1550.806	1550.720	
12058.092	403.9	1550.811	1550.720	
12063.092	403.9	1550.807	1550.720	
12068.092	404.0	1550.805	1550.714	
12073.092	403.9	1550.808	1550.720	
12078.0929999	403.8	1550.811	1550.719	
12083.0929999	403.9	1550.808	1550.719	
12088.0929999	403.8	1550.807	1550.714	
12093.0939999	403.9	1550.806	1550.719	
12098.0939999	404.0	1550.808	1550.726	
12103.0939999	404.1	1550.805	1550.720	
12108.0939999	403.9	1550.813	1550.714	
12113.0939999	403.9	1550.807	1550.720	
12118.095	403.7	1550.803	1550.709	
12123.095	403.7	1550.807	1550.720	
12128.096	403.7	1550.811	1550.719	
12133.096	403.7	1550.802	1550.714	
12138.096	403.8	1550.807	1550.718	
12143.096	403.7	1550.807	1550.719	
12148.0969999	403.7	1550.808	1550.708	
12153.0969999	403.7	1550.809	1550.719	
12158.0969999	403.8	1550.808	1550.725	
12163.0969999	403.8	1550.806	1550.713	
12168.0869999	403.8	1550.810	1550.719	
12173.0880001	404.0	1550.807	1550.725	
12178.0880001	403.9	1550.807	1550.720	
12183.0880001	403.8	1550.807	1550.720	
12188.089	403.8	1550.807	1550.714	
12193.089	403.8	1550.809	1550.720	
12198.089	403.9	1550.807	1550.720	
12203.089	403.9	1550.813	1550.725	
12208.0899999	403.9	1550.808	1550.714	
12213.0899999	404.0	1550.808	1550.714	
12218.0899999	404.1	1550.807	1550.718	
12223.0910001	404.1	1550.807	1550.713	
12228.092	404.0	1550.802	1550.719	
12233.092	404.0	1550.807	1550.720	
12238.0929999	404.0	1550.806	1550.719	
12243.0939999	404.0	1550.812	1550.714	
12248.0939999	404.1	1550.808	1550.725	
12253.095	404.1	1550.812	1550.718	
12258.096	404.1	1550.806	1550.719	
12263.086	404.1	1550.809	1550.713	
12268.0969999	404.0	1550.806	1550.724	
12273.0869999	404.0	1550.811	1550.719	
12278.0880001	404.1	1550.806	1550.719	
12283.0880001	404.1	1550.812	1550.714	
12288.0880001	404.0	1550.808	1550.724	
12293.089	403.9	1550.804	1550.719	
12298.0899999	404.1	1550.806	1550.714	
12303.0899999	404.2	1550.813	1550.719	
12308.0910001	404.2	1550.803	1550.725	
12313.0910001	404.2	1550.807	1550.719	
12318.092	404.2	1550.813	1550.720	
12323.092	404.1	1550.809	1550.719	
12328.0929999	404.1	1550.807	1550.719	
12333.0929999	404.0	1550.805	1550.725	
12338.0939999	404.1	1550.812	1550.719	
12343.0939999	403.9	1550.808	1550.719	
12348.085	404.1	1550.813	1550.719	
12353.086	404.1	1550.807	1550.719	
12358.0869999	404.2	1550.813	1550.720	
12363.0869999	404.2	1550.812	1550.720	
12368.0880001	404.3	1550.810	1550.720	
12373.0880001	404.3	1550.810	1550.719	
12378.089	404.2	1550.802	1550.720	
12383.0899999	404.1	1550.806	1550.724	
12388.0899999	404.1	1550.805	1550.724	
12393.0899999	404.0	1550.811	1550.719	
12398.0899999	404.1	1550.807	1550.724	
12403.0910001	404.2	1550.803	1550.725	
12408.0910001	404.2	1550.807	1550.725	
12413.0910001	404.1	1550.801	1550.714	
12418.092	404.2	1550.806	1550.725	
12423.092	404.2	1550.806	1550.719	
12428.092	404.2	1550.808	1550.725	
12433.0929999	404.1	1550.805	1550.719	
12438.0929999	404.1	1550.809	1550.725	
12443.0929999	404.2	1550.807	1550.719	
12448.0929999	404.1	1550.811	1550.720	
12453.0939999	404.2	1550.812	1550.719	
12458.0939999	404.1	1550.812	1550.725	
12463.0839999	404.1	1550.808	1550.724	
12468.085	404.0	1550.812	1550.719	
12473.085	404.1	1550.809	1550.719	
12478.086	404.0	1550.808	1550.719	
12483.086	404.2	1550.806	1550.718	
12488.0869999	404.1	1550.813	1550.720	
12493.0869999	404.2	1550.810	1550.718	
12498.0869999	404.1	1550.804	1550.719	
12503.0869999	404.1	1550.814	1550.713	
12508.0880001	404.0	1550.805	1550.719	
12513.0880001	404.1	1550.808	1550.719	
12518.089	404.1	1550.814	1550.719	
12523.089	404.1	1550.808	1550.724	
12528.089	404.0	1550.813	1550.724	
12533.0899999	404.1	1550.809	1550.719	
12538.0899999	404.2	1550.814	1550.719	
12543.0899999	404.1	1550.810	1550.719	
12548.0910001	404.1	1550.812	1550.719	
12553.0910001	404.1	1550.806	1550.724	
12558.0910001	404.1	1550.807	1550.718	
12563.0910001	404.1	1550.808	1550.719	
12568.092	404.1	1550.814	1550.719	
12573.092	404.1	1550.808	1550.719	
12578.092	404.2	1550.807	1550.725	
12583.0929999	404.3	1550.813	1550.719	
12588.0929999	404.3	1550.808	1550.714	
12593.0939999	404.2	1550.808	1550.719	
12598.0939999	404.3	1550.809	1550.719	
12603.085	404.2	1550.819	1550.720	
12608.085	404.3	1550.810	1550.725	
12613.086	404.3	1550.812	1550.720	
12618.0869999	404.3	1550.809	1550.714	
12623.0869999	404.2	1550.812	1550.715	
12628.0880001	404.3	1550.811	1550.720	
12633.0880001	404.3	1550.806	1550.720	
12638.089	404.1	1550.807	1550.719	
12643.089	404.2	1550.810	1550.720	
12648.0899999	404.2	1550.807	1550.719	
12653.0899999	404.1	1550.814	1550.725	
12658.0910001	404.2	1550.804	1550.725	
12663.092	404.2	1550.810	1550.714	
12668.0929999	404.1	1550.809	1550.719	
12673.0929999	404.0	1550.811	1550.719	
12678.0939999	404.1	1550.810	1550.719	
12683.095	404.2	1550.813	1550.720	
12688.086	404.2	1550.810	1550.725	
12693.086	404.2	1550.811	1550.720	
12698.0869999	404.2	1550.800	1550.726	
12703.0880001	404.2	1550.811	1550.714	
12708.0880001	404.3	1550.809	1550.719	
12713.089	404.3	1550.810	1550.714	
12718.089	404.3	1550.807	1550.719	
12723.0899999	404.3	1550.809	1550.719	
12728.0910001	404.2	1550.808	1550.719	
12733.092	404.3	1550.809	1550.725	
12738.0929999	404.3	1550.808	1550.719	
12743.0929999	404.3	1550.810	1550.719	
12748.0939999	404.1	1550.813	1550.720	
12753.095	404.1	1550.810	1550.725	
12758.095	404.1	1550.813	1550.720	
12763.096	404.1	1550.809	1550.724	
12768.0869999	404.1	1550.804	1550.719	
12773.0869999	403.9	1550.810	1550.724	
12778.0880001	404.0	1550.809	1550.724	
12783.0880001	404.0	1550.809	1550.718	
12788.089	404.1	1550.806	1550.724	
12793.089	404.1	1550.811	1550.725	
12798.08999