0.0	268.74	262.55	0.0	268.74	262.55	0.0	268.74	262.55	0.0	268.74	262.55	
2.45	268.80	262.59	1548.970	0.574	0.0524292	2.45	268.80	262.59	1548.939	0.540	0.0960568	2.45	268.80	262.59	1548.895	0.612	0.0526402	2.45	268.80	262.59	1514.218	0.259	0.000187674	
12.451	268.83	262.55	1548.970	0.575	0.0523599	12.451	268.83	262.55	1548.939	0.540	0.0958835	12.451	268.83	262.55	1548.895	0.610	0.0524884	12.451	268.83	262.55	1514.218	0.258	0.000186951	
22.451	268.86	262.56	1548.971	0.573	0.052122	22.451	268.86	262.56	1548.940	0.538	0.0954836	22.451	268.86	262.56	1548.896	0.609	0.0523608	22.451	268.86	262.56	1514.218	0.258	0.000187716	
32.452	268.91	262.55	1548.970	0.574	0.0522466	32.452	268.91	262.55	1548.939	0.539	0.0956796	32.452	268.91	262.55	1548.895	0.610	0.0524073	32.452	268.91	262.55	1514.217	0.255	0.000186745	
42.452	268.97	262.55	1548.970	0.573	0.052231	42.452	268.97	262.55	1548.940	0.539	0.09575	42.452	268.97	262.55	1548.896	0.609	0.0524514	42.452	268.97	262.55	1514.218	0.257	0.000188183	
52.453	269.00	262.57	1548.970	0.575	0.052363	52.453	269.00	262.57	1548.939	0.540	0.0958939	52.453	269.00	262.57	1548.895	0.609	0.0524053	52.453	269.00	262.57	1514.217	0.258	0.000188442	
62.453	269.05	262.59	1548.970	0.574	0.0522774	62.453	269.05	262.59	1548.939	0.539	0.0957403	62.453	269.05	262.59	1548.895	0.610	0.0523516	62.453	269.05	262.59	1514.217	0.258	0.000187691	
72.454	269.00	262.60	1548.970	0.575	0.0523442	72.454	269.00	262.60	1548.939	0.540	0.0959082	72.454	269.00	262.60	1548.895	0.608	0.0523803	72.454	269.00	262.60	1514.217	0.257	0.000189275	
82.454	269.05	262.65	1548.970	0.574	0.0522886	82.454	269.05	262.65	1548.939	0.540	0.0959086	82.454	269.05	262.65	1548.895	0.610	0.052443	82.454	269.05	262.65	1514.218	0.261	0.000188452	
92.455	268.99	262.67	1548.970	0.573	0.0521907	92.455	268.99	262.67	1548.939	0.539	0.0956724	92.455	268.99	262.67	1548.895	0.609	0.0523754	92.455	268.99	262.67	1514.218	0.258	0.000187239	
102.455	269.00	262.70	1548.971	0.574	0.0522178	102.455	269.00	262.70	1548.940	0.539	0.0955774	102.455	269.00	262.70	1548.895	0.609	0.0523321	102.455	269.00	262.70	1514.217	0.257	0.000187298	
112.456	269.02	262.72	1548.970	0.575	0.0522791	112.456	269.02	262.72	1548.939	0.540	0.0957884	112.456	269.02	262.72	1548.895	0.610	0.052487	112.456	269.02	262.72	1514.218	0.259	0.000188389	
122.456	269.06	262.74	1548.971	0.572	0.0521783	122.456	269.06	262.74	1548.941	0.539	0.0956395	122.456	269.06	262.74	1548.896	0.610	0.0524741	122.456	269.06	262.74	1514.218	0.257	0.000187406	
132.457	269.00	262.73	1548.971	0.575	0.0524076	132.457	269.00	262.73	1548.940	0.540	0.0957907	132.457	269.00	262.73	1548.896	0.611	0.0525186	132.457	269.00	262.73	1514.219	0.261	0.000188111	
142.447	268.97	262.74	1548.972	0.573	0.0521649	142.447	268.97	262.74	1548.941	0.539	0.0954801	142.447	268.97	262.74	1548.896	0.611	0.0524027	142.447	268.97	262.74	1514.219	0.259	0.000187645	
152.447	268.98	262.73	1548.970	0.574	0.0523922	152.447	268.98	262.73	1548.939	0.539	0.0959614	152.447	268.98	262.73	1548.895	0.610	0.052544	152.447	268.98	262.73	1514.218	0.257	0.000185622	
162.448	269.00	262.72	1548.970	0.575	0.0523652	162.448	269.00	262.72	1548.938	0.539	0.0958228	162.448	269.00	262.72	1548.895	0.611	0.0525151	162.448	269.00	262.72	1514.218	0.259	0.000186941	
172.448	269.05	262.71	1548.971	0.573	0.0522168	172.448	269.05	262.71	1548.940	0.539	0.0956698	172.448	269.05	262.71	1548.896	0.611	0.0524789	172.448	269.05	262.71	1514.218	0.259	0.000187835	
182.449	269.10	262.72	1548.971	0.573	0.0522439	182.449	269.10	262.72	1548.940	0.539	0.0957607	182.449	269.10	262.72	1548.896	0.609	0.0524719	182.449	269.10	262.72	1514.218	0.259	0.000186994	
192.449	269.12	262.71	1548.969	0.575	0.0524848	192.449	269.12	262.71	1548.938	0.540	0.0960701	192.449	269.12	262.71	1548.895	0.611	0.0525949	192.449	269.12	262.71	1514.218	0.259	0.000187385	
202.45	269.15	262.72	1548.971	0.574	0.0524055	202.45	269.15	262.72	1548.940	0.539	0.0959789	202.45	269.15	262.72	1548.896	0.611	0.0526142	202.45	269.15	262.72	1514.219	0.260	0.000187238	
212.45	269.13	262.71	1548.970	0.574	0.0523416	212.45	269.13	262.71	1548.940	0.539	0.0958281	212.45	269.13	262.71	1548.896	0.610	0.0525573	212.45	269.13	262.71	1514.218	0.256	0.000187305	
222.451	269.11	262.72	1548.970	0.575	0.052362	222.451	269.11	262.72	1548.939	0.540	0.0958045	222.451	269.11	262.72	1548.896	0.611	0.0525148	222.451	269.11	262.72	1514.219	0.259	0.000188075	
232.451	269.15	262.74	1548.971	0.574	0.0523077	232.451	269.15	262.74	1548.940	0.539	0.095725	232.451	269.15	262.74	1548.896	0.610	0.0524804	232.451	269.15	262.74	1514.219	0.259	0.000187101	
242.452	269.20	262.75	1548.970	0.575	0.0524702	242.452	269.20	262.75	1548.939	0.541	0.0960308	242.452	269.20	262.75	1548.895	0.610	0.0525117	242.452	269.20	262.75	1514.218	0.258	0.000187962	
252.452	269.24	262.76	1548.971	0.573	0.0522924	252.452	269.24	262.76	1548.940	0.539	0.095667	252.452	269.24	262.76	1548.896	0.609	0.0523786	252.452	269.24	262.76	1514.218	0.255	0.00018662	
262.453	269.23	262.74	1548.970	0.575	0.0523707	262.453	269.23	262.74	1548.939	0.540	0.0959176	262.453	269.23	262.74	1548.895	0.609	0.0524413	262.453	269.23	262.74	1514.218	0.256	0.000185658	
272.453	269.26	262.73	1548.970	0.574	0.052328	272.453	269.26	262.73	1548.939	0.539	0.0959121	272.453	269.26	262.73	1548.895	0.608	0.0524261	272.453	269.26	262.73	1514.218	0.256	0.000187034	
282.453	269.29	262.75	1548.971	0.573	0.0522947	282.453	269.29	262.75	1548.940	0.539	0.095884	282.453	269.29	262.75	1548.896	0.608	0.0524289	282.453	269.29	262.75	1514.218	0.255	0.000186272	
292.454	269.32	262.75	1548.970	0.574	0.0523592	292.454	269.32	262.75	1548.939	0.539	0.0958991	292.454	269.32	262.75	1548.896	0.610	0.0525037	292.454	269.32	262.75	1514.218	0.257	0.000187246	
302.455	269.35	262.77	1548.971	0.573	0.0522831	302.455	269.35	262.77	1548.940	0.539	0.095682	302.455	269.35	262.77	1548.896	0.611	0.0524932	302.455	269.35	262.77	1514.219	0.255	0.000186509	
312.455	269.39	262.79	1548.970	0.574	0.0524078	312.455	269.39	262.79	1548.939	0.539	0.095998	312.455	269.39	262.79	1548.895	0.610	0.052515	312.455	269.39	262.79	1514.219	0.259	0.000187889	
322.455	269.41	262.82	1548.971	0.573	0.0522887	322.455	269.41	262.82	1548.940	0.539	0.0957507	322.455	269.41	262.82	1548.896	0.609	0.0524069	322.455	269.41	262.82	1514.219	0.260	0.000188524	
332.456	269.44	262.83	1548.971	0.574	0.0522935	332.456	269.44	262.83	1548.940	0.539	0.0956743	332.456	269.44	262.83	1548.896	0.609	0.0523721	332.456	269.44	262.83	1514.219	0.257	0.000186454	
342.446	269.46	262.82	1548.970	0.574	0.0522635	342.446	269.46	262.82	1548.939	0.539	0.0957607	342.446	269.46	262.82	1548.896	0.607	0.0523128	342.446	269.46	262.82	1514.219	0.259	0.000189252	
352.447	269.46	262.81	1548.970	0.574	0.0523336	352.447	269.46	262.81	1548.939	0.539	0.0959032	352.447	269.46	262.81	1548.896	0.610	0.0524927	352.447	269.46	262.81	1514.219	0.257	0.000186373	
362.447	269.42	262.79	1548.970	0.574	0.052344	362.447	269.42	262.79	1548.939	0.539	0.0957654	362.447	269.42	262.79	1548.895	0.611	0.0524799	362.447	269.42	262.79	1514.219	0.258	0.000186535	
372.448	269.42	262.80	1548.970	0.573	0.0522596	372.448	269.42	262.80	1548.939	0.539	0.0957266	372.448	269.42	262.80	1548.895	0.610	0.0524334	372.448	269.42	262.80	1514.218	0.259	0.000188522	
382.448	269.45	262.83	1548.971	0.574	0.0522635	382.448	269.45	262.83	1548.940	0.539	0.0956879	382.448	269.45	262.83	1548.896	0.610	0.052434	382.448	269.45	262.83	1514.219	0.256	0.000187311	
392.449	269.47	262.86	1548.971	0.573	0.0521837	392.449	269.47	262.86	1548.940	0.538	0.095502	392.449	269.47	262.86	1548.896	0.610	0.0523954	392.449	269.47	262.86	1514.219	0.257	0.000188985	
402.449	269.46	262.85	1548.970	0.576	0.0524825	402.449	269.46	262.85	1548.939	0.541	0.0959684	402.449	269.46	262.85	1548.895	0.611	0.0525	402.449	269.46	262.85	1514.219	0.258	0.000188654	
412.449	269.43	262.82	1548.970	0.574	0.052316	412.449	269.43	262.82	1548.940	0.539	0.0958303	412.449	269.43	262.82	1548.896	0.610	0.0525333	412.449	269.43	262.82	1514.219	0.260	0.000187512	
422.45	269.43	262.79	1548.970	0.574	0.0522824	422.45	269.43	262.79	1548.939	0.539	0.0957492	422.45	269.43	262.79	1548.895	0.611	0.0524797	422.45	269.43	262.79	1514.218	0.255	0.000185645	
432.45	269.43	262.79	1548.971	0.573	0.0520632	432.45	269.43	262.79	1548.940	0.538	0.0952979	432.45	269.43	262.79	1548.896	0.609	0.0522976	432.45	269.43	262.79	1514.218	0.256	0.000187119	
442.451	269.44	262.77	1548.971	0.573	0.0522339	442.451	269.44	262.77	1548.940	0.538	0.0955869	442.451	269.44	262.77	1548.896	0.608	0.0523623	442.451	269.44	262.77	1514.218	0.256	0.000186138	
452.451	269.43	262.76	1548.970	0.574	0.0524457	452.451	269.43	262.76	1548.939	0.540	0.0960801	452.451	269.43	262.76	1548.896	0.609	0.0525331	452.451	269.43	262.76	1514.218	0.255	0.000186399	
462.452	269.42	262.74	1548.970	0.575	0.0522959	462.452	269.42	262.74	1548.939	0.539	0.0957876	462.452	269.42	262.74	1548.895	0.612	0.0525067	462.452	269.42	262.74	1514.219	0.258	0.000187943	
472.453	269.47	262.73	1548.970	0.576	0.0523972	472.453	269.47	262.73	1548.939	0.540	0.0959061	472.453	269.47	262.73	1548.895	0.611	0.0524685	472.453	269.47	262.73	1514.219	0.257	0.00018701	
482.454	269.51	262.76	1548.970	0.574	0.0522712	482.454	269.51	262.76	1548.940	0.539	0.0956668	482.454	269.51	262.76	1548.896	0.611	0.0524642	482.454	269.51	262.76	1514.218	0.255	0.000185415	
492.455	269.51	262.73	1548.971	0.575	0.0523312	492.455	269.51	262.73	1548.940	0.540	0.0956873	492.455	269.51	262.73	1548.896	0.611	0.0524197	492.455	269.51	262.73	1514.219	0.256	0.000186015	
502.457	269.53	262.72	1548.971	0.574	0.0522734	502.457	269.53	262.72	1548.940	0.538	0.0954943	502.457	269.53	262.72	1548.896	0.609	0.0522916	502.457	269.53	262.72	1514.219	0.259	0.000189129	
512.458	269.52	262.70	1548.970	0.575	0.0523723	512.458	269.52	262.70	1548.939	0.539	0.095839	512.458	269.52	262.70	1548.896	0.610	0.0524479	512.458	269.52	262.70	1514.219	0.256	0.000188511	
522.459	269.52	262.70	1548.970	0.575	0.0524123	522.459	269.52	262.70	1548.939	0.539	0.0958471	522.459	269.52	262.70	1548.896	0.608	0.0523972	522.459	269.52	262.70	1514.219	0.257	0.00018757	
532.461	269.53	262.66	1548.970	0.575	0.052391	532.461	269.53	262.66	1548.940	0.540	0.0959117	532.461	269.53	262.66	1548.896	0.611	0.052518	532.461	269.53	262.66	1514.219	0.257	0.000187051	
542.462	269.51	262.68	1548.970	0.575	0.0523753	542.462	269.51	262.68	1548.940	0.540	0.0958005	542.462	269.51	262.68	1548.896	0.612	0.0524754	542.462	269.51	262.68	1514.220	0.257	0.00018887	
552.453	269.49	262.63	1548.970	0.575	0.0523264	552.453	269.49	262.63	1548.939	0.540	0.0957905	552.453	269.49	262.63	1548.895	0.612	0.0524661	552.453	269.49	262.63	1514.219	0.256	0.00018554	
562.455	269.56	262.62	1548.969	0.575	0.0523885	562.455	269.56	262.62	1548.938	0.540	0.0958232	562.455	269.56	262.62	1548.894	0.611	0.0524556	562.455	269.56	262.62	1514.219	0.258	0.00018742	
572.456	269.48	262.60	1548.971	0.574	0.0522477	572.456	269.48	262.60	1548.940	0.539	0.0956992	572.456	269.48	262.60	1548.896	0.611	0.0524483	572.456	269.48	262.60	1514.218	0.257	0.000187966	
582.458	269.52	262.63	1548.969	0.575	0.0523672	582.458	269.52	262.63	1548.938	0.540	0.0959373	582.458	269.52	262.63	1548.894	0.612	0.0525199	582.458	269.52	262.63	1514.219	0.258	0.000187003	
592.459	269.56	262.65	1548.970	0.575	0.0523968	592.459	269.56	262.65	1548.939	0.540	0.0958708	592.459	269.56	262.65	1548.895	0.610	0.0524664	592.459	269.56	262.65	1514.219	0.257	0.0001883	
602.46	269.58	262.68	1548.971	0.574	0.052277	602.46	269.58	262.68	1548.940	0.539	0.0956982	602.46	269.58	262.68	1548.896	0.610	0.0524213	602.46	269.58	262.68	1514.219	0.255	0.000187586	
612.462	269.60	262.69	1548.971	0.574	0.052248	612.462	269.60	262.69	1548.941	0.539	0.0955876	612.462	269.60	262.69	1548.897	0.610	0.0523445	612.462	269.60	262.69	1514.219	0.255	0.000187036	
622.463	269.58	262.68	1548.971	0.574	0.0522179	622.463	269.58	262.68	1548.940	0.538	0.0956153	622.463	269.58	262.68	1548.896	0.608	0.0522824	622.463	269.58	262.68	1514.220	0.258	0.000188743	
632.464	269.57	262.68	1548.971	0.574	0.0522891	632.464	269.57	262.68	1548.940	0.538	0.0956148	632.464	269.57	262.68	1548.896	0.611	0.0524025	632.464	269.57	262.68	1514.219	0.257	0.000185255	
642.466	269.57	262.69	1548.970	0.575	0.0524319	642.466	269.57	262.69	1548.939	0.540	0.0959593	642.466	269.57	262.69	1548.895	0.611	0.052508	642.466	269.57	262.69	1514.220	0.258	0.000186827	
652.467	269.57	262.70	1548.971	0.574	0.0522865	652.467	269.57	262.70	1548.940	0.539	0.0956416	652.467	269.57	262.70	1548.896	0.611	0.0524388	652.467	269.57	262.70	1514.220	0.258	0.00018745	
662.469	269.55	262.69	1548.971	0.574	0.0523278	662.469	269.55	262.69	1548.940	0.540	0.0958267	662.469	269.55	262.69	1548.896	0.611	0.0524723	662.469	269.55	262.69	1514.219	0.258	0.000186963	
672.47	269.56	262.69	1548.971	0.574	0.05229	672.47	269.56	262.69	1548.940	0.540	0.0957789	672.47	269.56	262.69	1548.896	0.611	0.0524323	672.47	269.56	262.69	1514.220	0.258	0.000188103	
682.471	269.55	262.70	1548.970	0.575	0.0522539	682.471	269.55	262.70	1548.940	0.539	0.095624	682.471	269.55	262.70	1548.896	0.610	0.0523641	682.471	269.55	262.70	1514.219	0.257	0.000185986	
