4.75	297.28	288.70	1549.246	0.575	0.0938363	4.75	297.28	288.70	1549.306	0.540	0.0964377	4.75	297.28	288.70	1549.229	0.604	0.0538003	4.75	297.28	288.70	1514.813	0.172	0.000166125	
14.751	297.29	288.70	1549.247	0.578	0.0945513	14.751	297.29	288.70	1549.307	0.543	0.0972224	14.751	297.29	288.70	1549.229	0.607	0.0542039	14.751	297.29	288.70	1514.814	0.175	0.000165483	
24.753	297.29	288.71	1549.247	0.579	0.0945881	24.753	297.29	288.71	1549.307	0.543	0.0970554	24.753	297.29	288.71	1549.229	0.609	0.0542491	24.753	297.29	288.71	1514.814	0.174	0.000165493	
34.753	297.25	288.67	1549.247	0.577	0.0941077	34.753	297.25	288.67	1549.308	0.542	0.0968578	34.753	297.25	288.67	1549.230	0.606	0.0539693	34.753	297.25	288.67	1514.815	0.170	0.00016411	
44.744	297.22	288.65	1549.245	0.580	0.0947873	44.744	297.22	288.65	1549.305	0.545	0.0973098	44.744	297.22	288.65	1549.227	0.609	0.0543256	44.744	297.22	288.65	1514.814	0.173	0.000165115	
54.755	297.23	288.65	1549.246	0.578	0.0944259	54.755	297.23	288.65	1549.306	0.543	0.0969631	54.755	297.23	288.65	1549.228	0.608	0.0541555	54.755	297.23	288.65	1514.814	0.171	0.0001645	
64.745	297.26	288.64	1549.245	0.578	0.0944667	64.745	297.26	288.64	1549.305	0.542	0.0968667	64.745	297.26	288.64	1549.227	0.608	0.0542103	64.745	297.26	288.64	1514.814	0.174	0.000166093	
74.746	297.26	288.68	1549.245	0.579	0.0943788	74.746	297.26	288.68	1549.306	0.543	0.0968395	74.746	297.26	288.68	1549.227	0.609	0.0541399	74.746	297.26	288.68	1514.812	0.175	0.000167801	
84.747	297.27	288.69	1549.246	0.577	0.0939855	84.747	297.27	288.69	1549.307	0.541	0.0964661	84.747	297.27	288.69	1549.228	0.607	0.0539443	84.747	297.27	288.69	1514.814	0.172	0.000164551	
94.748	297.29	288.70	1549.246	0.577	0.0942853	94.748	297.29	288.70	1549.306	0.542	0.0967552	94.748	297.29	288.70	1549.228	0.607	0.0540725	94.748	297.29	288.70	1514.815	0.171	0.000162966	
104.749	297.25	288.68	1549.246	0.577	0.0941258	104.749	297.25	288.68	1549.306	0.541	0.0965339	104.749	297.25	288.68	1549.228	0.607	0.0540047	104.749	297.25	288.68	1514.813	0.175	0.000166131	
114.75	297.26	288.68	1549.247	0.575	0.0936665	114.75	297.26	288.68	1549.307	0.540	0.096214	114.75	297.26	288.68	1549.229	0.605	0.0538014	114.75	297.26	288.68	1514.813	0.175	0.000166177	
124.75	297.27	288.69	1549.245	0.579	0.0944798	124.75	297.27	288.69	1549.306	0.544	0.0968616	124.75	297.27	288.69	1549.228	0.609	0.0542345	124.75	297.27	288.69	1514.813	0.172	0.000164714	
134.751	297.27	288.69	1549.245	0.576	0.0941386	134.751	297.27	288.69	1549.306	0.541	0.0966278	134.751	297.27	288.69	1549.228	0.606	0.0539993	134.751	297.27	288.69	1514.813	0.173	0.000166941	
144.752	297.29	288.71	1549.248	0.578	0.0942273	144.752	297.29	288.71	1549.308	0.542	0.0967325	144.752	297.29	288.71	1549.230	0.608	0.0540935	144.752	297.29	288.71	1514.815	0.171	0.000164577	
154.752	297.32	288.74	1549.247	0.577	0.0942214	154.752	297.32	288.74	1549.307	0.542	0.0968485	154.752	297.32	288.74	1549.229	0.608	0.0541278	154.752	297.32	288.74	1514.813	0.174	0.000167341	
164.753	297.32	288.74	1549.245	0.576	0.0938654	164.753	297.32	288.74	1549.306	0.540	0.0962227	164.753	297.32	288.74	1549.228	0.606	0.053882	164.753	297.32	288.74	1514.815	0.172	0.000163733	
174.754	297.33	288.74	1549.245	0.577	0.0942058	174.754	297.33	288.74	1549.306	0.541	0.0965917	174.754	297.33	288.74	1549.228	0.607	0.0540612	174.754	297.33	288.74	1514.814	0.174	0.000165858	
184.754	297.33	288.73	1549.246	0.580	0.094718	184.754	297.33	288.73	1549.306	0.545	0.0972083	184.754	297.33	288.73	1549.228	0.609	0.054305	184.754	297.33	288.73	1514.815	0.171	0.000165859	
194.755	297.30	288.71	1549.246	0.579	0.0945817	194.755	297.30	288.71	1549.306	0.544	0.0969602	194.755	297.30	288.71	1549.228	0.609	0.0542351	194.755	297.30	288.71	1514.814	0.173	0.000165426	
204.756	297.33	288.72	1549.245	0.579	0.0943195	204.756	297.33	288.72	1549.306	0.543	0.096749	204.756	297.33	288.72	1549.227	0.609	0.0541141	204.756	297.33	288.72	1514.814	0.174	0.00016649	
214.757	297.36	288.74	1549.244	0.578	0.0943028	214.757	297.36	288.74	1549.305	0.543	0.096721	214.757	297.36	288.74	1549.227	0.608	0.0541022	214.757	297.36	288.74	1514.814	0.173	0.000166413	
224.748	297.37	288.75	1549.246	0.579	0.0944042	224.748	297.37	288.75	1549.307	0.543	0.0968779	224.748	297.37	288.75	1549.228	0.608	0.054118	224.748	297.37	288.75	1514.815	0.172	0.000163886	
234.749	297.38	288.76	1549.244	0.575	0.0937772	234.749	297.38	288.76	1549.305	0.541	0.0962379	234.749	297.38	288.76	1549.227	0.605	0.0538122	234.749	297.38	288.76	1514.815	0.177	0.000167227	
244.75	297.35	288.76	1549.247	0.579	0.0943661	244.75	297.35	288.76	1549.307	0.543	0.0968651	244.75	297.35	288.76	1549.229	0.608	0.0541357	244.75	297.35	288.76	1514.814	0.174	0.000164968	
254.751	297.32	288.73	1549.246	0.578	0.0943656	254.751	297.32	288.73	1549.307	0.543	0.0969475	254.751	297.32	288.73	1549.229	0.607	0.0541439	254.751	297.32	288.73	1514.814	0.174	0.000166733	
264.751	297.34	288.73	1549.246	0.577	0.0943295	264.751	297.34	288.73	1549.306	0.542	0.0968855	264.751	297.34	288.73	1549.228	0.607	0.054095	264.751	297.34	288.73	1514.813	0.175	0.000167922	
274.752	297.38	288.76	1549.246	0.582	0.0950272	274.752	297.38	288.76	1549.307	0.546	0.0975294	274.752	297.38	288.76	1549.229	0.612	0.0544813	274.752	297.38	288.76	1514.814	0.174	0.000166132	
284.753	297.41	288.79	1549.245	0.578	0.0944589	284.753	297.41	288.79	1549.306	0.543	0.0969946	284.753	297.41	288.79	1549.228	0.609	0.0542095	284.753	297.41	288.79	1514.813	0.175	0.000166609	
294.753	297.43	288.83	1549.246	0.579	0.0944884	294.753	297.43	288.83	1549.306	0.543	0.0970512	294.753	297.43	288.83	1549.228	0.609	0.0542592	294.753	297.43	288.83	1514.816	0.172	0.000164673	
304.754	297.44	288.83	1549.247	0.578	0.0943242	304.754	297.44	288.83	1549.308	0.543	0.0969844	304.754	297.44	288.83	1549.230	0.608	0.0541173	304.754	297.44	288.83	1514.814	0.172	0.000165515	
314.755	297.45	288.83	1549.247	0.579	0.094595	314.755	297.45	288.83	1549.307	0.545	0.0971983	314.755	297.45	288.83	1549.229	0.609	0.0542655	314.755	297.45	288.83	1514.815	0.172	0.000163508	
324.755	297.43	288.80	1549.247	0.578	0.0943564	324.755	297.43	288.80	1549.307	0.543	0.0969478	324.755	297.43	288.80	1549.229	0.608	0.0541145	324.755	297.43	288.80	1514.814	0.174	0.000166933	
334.756	297.41	288.79	1549.245	0.576	0.0939508	334.756	297.41	288.79	1549.306	0.540	0.0963163	334.756	297.41	288.79	1549.228	0.606	0.0539302	334.756	297.41	288.79	1514.814	0.171	0.000165226	
344.757	297.42	288.79	1549.246	0.578	0.0942185	344.757	297.42	288.79	1549.307	0.542	0.096769	344.757	297.42	288.79	1549.229	0.609	0.0540955	344.757	297.42	288.79	1514.814	0.170	0.000164231	
354.758	297.39	288.78	1549.245	0.576	0.0938437	354.758	297.39	288.78	1549.305	0.540	0.09628	354.758	297.39	288.78	1549.227	0.606	0.0538645	354.758	297.39	288.78	1514.814	0.175	0.000166017	
364.759	297.38	288.77	1549.248	0.578	0.0945249	364.759	297.38	288.77	1549.307	0.543	0.0971404	364.759	297.38	288.77	1549.230	0.607	0.054162	364.759	297.38	288.77	1514.814	0.170	0.000164183	
374.75	297.37	288.77	1549.245	0.579	0.0944531	374.75	297.37	288.77	1549.306	0.543	0.0970516	374.75	297.37	288.77	1549.228	0.608	0.0541541	374.75	297.37	288.77	1514.813	0.172	0.000166489	
384.75	297.37	288.76	1549.247	0.578	0.0941694	384.75	297.37	288.76	1549.307	0.541	0.0966121	384.75	297.37	288.76	1549.229	0.609	0.0540448	384.75	297.37	288.76	1514.814	0.172	0.000163078	
394.751	297.39	288.76	1549.244	0.579	0.094397	394.751	297.39	288.76	1549.305	0.543	0.0967857	394.751	297.39	288.76	1549.227	0.610	0.0541735	394.751	297.39	288.76	1514.813	0.173	0.00016409	
404.752	297.42	288.76	1549.247	0.579	0.0944007	404.752	297.42	288.76	1549.307	0.544	0.0970815	404.752	297.42	288.76	1549.229	0.610	0.054172	404.752	297.42	288.76	1514.814	0.172	0.00016226	
414.752	297.44	288.80	1549.245	0.576	0.0940097	414.752	297.44	288.80	1549.305	0.541	0.0964566	414.752	297.44	288.80	1549.228	0.607	0.0539731	414.752	297.44	288.80	1514.813	0.172	0.000164697	
424.753	297.51	288.84	1549.247	0.578	0.0942408	424.753	297.51	288.84	1549.307	0.543	0.0967347	424.753	297.51	288.84	1549.229	0.609	0.0540708	424.753	297.51	288.84	1514.813	0.171	0.000164259	
434.754	297.50	288.86	1549.246	0.580	0.0946395	434.754	297.50	288.86	1549.307	0.545	0.0972225	434.754	297.50	288.86	1549.229	0.611	0.0543334	434.754	297.50	288.86	1514.813	0.173	0.000167923	
444.755	297.48	288.89	1549.247	0.577	0.0941893	444.755	297.48	288.89	1549.308	0.542	0.0967288	444.755	297.48	288.89	1549.230	0.608	0.0540559	444.755	297.48	288.89	1514.814	0.173	0.000168246	
454.756	297.51	288.87	1549.247	0.575	0.0938203	454.756	297.51	288.87	1549.307	0.540	0.0962788	454.756	297.51	288.87	1549.229	0.606	0.0538363	454.756	297.51	288.87	1514.814	0.171	0.000165029	
464.756	297.47	288.85	1549.246	0.577	0.0941283	464.756	297.47	288.85	1549.307	0.540	0.0964972	464.756	297.47	288.85	1549.229	0.608	0.0540247	464.756	297.47	288.85	1514.815	0.173	0.000163773	
474.757	297.46	288.83	1549.246	0.576	0.094002	474.757	297.46	288.83	1549.306	0.541	0.0966038	474.757	297.46	288.83	1549.228	0.606	0.0539318	474.757	297.46	288.83	1514.813	0.173	0.0001678	
484.758	297.42	288.82	1549.246	0.576	0.0939532	484.758	297.42	288.82	1549.306	0.541	0.0964416	484.758	297.42	288.82	1549.228	0.606	0.0538808	484.758	297.42	288.82	1514.815	0.171	0.000163634	
494.758	297.45	288.82	1549.244	0.577	0.0942838	494.758	297.45	288.82	1549.304	0.542	0.0967473	494.758	297.45	288.82	1549.226	0.607	0.0540595	494.758	297.45	288.82	1514.813	0.172	0.000165798	
504.759	297.47	288.83	1549.246	0.578	0.0943606	504.759	297.47	288.83	1549.307	0.543	0.0969556	504.759	297.47	288.83	1549.229	0.608	0.0541277	504.759	297.47	288.83	1514.814	0.173	0.000165177	
514.76	297.52	288.87	1549.245	0.579	0.0943977	514.76	297.52	288.87	1549.306	0.543	0.096908	514.76	297.52	288.87	1549.228	0.609	0.0541398	514.76	297.52	288.87	1514.812	0.172	0.000166677	
524.76	297.52	288.87	1549.246	0.577	0.0940144	524.76	297.52	288.87	1549.307	0.542	0.0965738	524.76	297.52	288.87	1549.229	0.607	0.0539086	524.76	297.52	288.87	1514.813	0.175	0.000168124	
534.761	297.49	288.87	1549.245	0.579	0.0943899	534.761	297.49	288.87	1549.305	0.543	0.0969231	534.761	297.49	288.87	1549.227	0.609	0.0541528	534.761	297.49	288.87	1514.813	0.171	0.000166711	
544.762	297.49	288.86	1549.246	0.577	0.093916	544.762	297.49	288.86	1549.306	0.542	0.0963923	544.762	297.49	288.86	1549.228	0.607	0.0538988	544.762	297.49	288.86	1514.814	0.173	0.000164657	
554.762	297.46	288.85	1549.247	0.581	0.0949493	554.762	297.46	288.85	1549.307	0.544	0.0974998	554.762	297.46	288.85	1549.229	0.611	0.0544499	554.762	297.46	288.85	1514.815	0.175	0.000164012	
564.753	297.46	288.84	1549.246	0.579	0.0945033	564.753	297.46	288.84	1549.307	0.544	0.0970219	564.753	297.46	288.84	1549.228	0.610	0.0542078	564.753	297.46	288.84	1514.814	0.172	0.000165536	
574.754	297.46	288.84	1549.245	0.576	0.0938925	574.754	297.46	288.84	1549.305	0.541	0.0963304	574.754	297.46	288.84	1549.227	0.606	0.0538375	574.754	297.46	288.84	1514.812	0.172	0.000164237	
584.754	297.44	288.83	1549.247	0.577	0.0940993	584.754	297.44	288.83	1549.307	0.542	0.0967255	584.754	297.44	288.83	1549.229	0.607	0.0539398	584.754	297.44	288.83	1514.813	0.174	0.000168135	
594.755	297.46	288.83	1549.246	0.578	0.0943887	594.755	297.46	288.83	1549.306	0.542	0.0969983	594.755	297.46	288.83	1549.228	0.608	0.0541051	594.755	297.46	288.83	1514.813	0.172	0.00016486	
604.756	297.50	288.87	1549.245	0.579	0.0944629	604.756	297.50	288.87	1549.305	0.544	0.0969859	604.756	297.50	288.87	1549.227	0.608	0.0541312	604.756	297.50	288.87	1514.812	0.171	0.000165965	
614.757	297.48	288.88	1549.245	0.577	0.0938865	614.757	297.48	288.88	1549.306	0.541	0.0963697	614.757	297.48	288.88	1549.227	0.606	0.0538468	614.757	297.48	288.88	1514.814	0.173	0.000165224	
624.758	297.47	288.86	1549.248	0.578	0.0940701	624.758	297.47	288.86	1549.308	0.541	0.0966246	624.758	297.47	288.86	1549.230	0.607	0.0539484	624.758	297.47	288.86	1514.814	0.174	0.000164951	
634.759	297.45	288.86	1549.247	0.577	0.0941441	634.759	297.45	288.86	1549.307	0.541	0.0966353	634.759	297.45	288.86	1549.229	0.607	0.0540089	634.759	297.45	288.86	1514.813	0.171	0.000166997	
644.76	297.49	288.86	1549.246	0.575	0.0938004	644.76	297.49	288.86	1549.306	0.540	0.0962986	644.76	297.49	288.86	1549.228	0.606	0.0538688	644.76	297.49	288.86	1514.813	0.172	0.000164667	
654.76	297.46	288.85	1549.245	0.579	0.0944193	654.76	297.46	288.85	1549.305	0.543	0.0967976	654.76	297.46	288.85	1549.227	0.610	0.0542054	654.76	297.46	288.85	1514.813	0.172	0.000165494	
664.761	297.48	288.87	1549.245	0.577	0.0942012	664.761	297.48	288.87	1549.306	0.543	0.0967393	664.761	297.48	288.87	1549.228	0.608	0.0540222	664.761	297.48	288.87	1514.813	0.173	0.000165057	
674.762	297.51	288.89	1549.246	0.578	0.094347	674.762	297.51	288.89	1549.306	0.542	0.0968875	674.762	297.51	288.89	1549.229	0.609	0.0541197	674.762	297.51	288.89	1514.814	0.173	0.0001647	
684.762	297.52	288.90	1549.246	0.577	0.0940459	684.762	297.52	288.90	1549.307	0.543	0.0966569	684.762	297.52	288.90	1549.229	0.608	0.053975	684.762	297.52	288.90	1514.814	0.172	0.000164356	
694.763	297.49	288.90	1549.246	0.578	0.0944555	694.763	297.49	288.90	1549.306	0.543	0.0969099	694.763	297.49	288.90	1549.228	0.608	0.0541315	694.763	297.49	288.90	1514.813	0.172	0.000166607	
704.764	297.47	288.88	1549.246	0.575	0.0938404	704.764	297.47	288.88	1549.306	0.540	0.096287	704.764	297.47	288.88	1549.228	0.605	0.0538408	704.764	297.47	288.88	1514.814	0.169	0.000164856	
714.765	297.48	288.88	1549.246	0.579	0.0944605	714.765	297.48	288.88	1549.306	0.543	0.0969224	714.765	297.48	288.88	1549.228	0.609	0.0541634	714.765	297.48	288.88	1514.813	0.173	0.00016748	
724.755	297.47	288.88	1549.245	0.576	0.0940512	724.755	297.47	288.88	1549.305	0.542	0.0966043	724.755	297.47	288.88	1549.228	0.607	0.0539727	724.755	297.47	288.88	1514.813	0.172	0.000165516	
734.756	297.48	288.89	1549.245	0.576	0.0938371	734.756	297.48	288.89	1549.306	0.541	0.0963696	734.756	297.48	288.89	1549.228	0.607	0.0538587	734.756	297.48	288.89	1514.813	0.170	0.000164448	
744.757	297.50	288.90	1549.246	0.579	0.0942968	744.757	297.50	288.90	1549.306	0.543	0.0969623	744.757	297.50	288.90	1549.228	0.609	0.0541183	744.757	297.50	288.90	1514.813	0.175	0.000166791	
754.758	297.52	288.92	1549.246	0.580	0.0949102	754.758	297.52	288.92	1549.306	0.544	0.0974502	754.758	297.52	288.92	1549.228	0.610	0.0544462	754.758	297.52	288.92	1514.813	0.169	0.000163692	
764.758	297.52	288.93	1549.246	0.578	0.094276	764.758	297.52	288.93	1549.307	0.542	0.0967636	764.758	297.52	288.93	1549.229	0.609	0.0540966	764.758	297.52	288.93	1514.812	0.174	0.000166201	
774.759	297.51	288.89	1549.246	0.577	0.0942922	774.759	297.51	288.89	1549.306	0.542	0.0968428	774.759	297.51	288.89	1549.229	0.608	0.054069	774.759	297.51	288.89	1514.813	0.172	0.000165062	
784.76	297.51	288.91	1549.247	0.578	0.0942575	784.76	297.51	288.91	1549.307	0.543	0.0969088	784.76	297.51	288.91	1549.229	0.609	0.0540644	784.76	297.51	288.91	1514.813	0.173	0.000165754	
794.761	297.52	288.90	1549.244	0.577	0.0942968	794.761	297.52	288.90	1549.304	0.541	0.0967573	794.761	297.52	288.90	1549.227	0.607	0.0540802	794.761	297.52	288.90	1514.813	0.174	0.000166536	
804.762	297.54	288.90	1549.245	0.579	0.0943544	804.762	297.54	288.90	1549.306	0.543	0.0968058	804.762	297.54	288.90	1549.228	0.609	0.0541193	804.762	297.54	288.90	1514.813	0.174	0.000165104	
814.763	297.53	288.90	1549.247	0.577	0.0942055	814.763	297.53	288.90	1549.307	0.542	0.096778	814.763	297.53	288.90	1549.229	0.608	0.0540068	814.763	297.53	288.90	1514.813	0.173	0.000166041	
824.763	297.55	288.91	1549.245	0.581	0.0947637	824.763	297.55	288.91	1549.306	0.545	0.0973428	824.763	297.55	288.91	1549.228	0.610	0.0543391	824.763	297.55	288.91	1514.813	0.172	0.000165199	
834.764	297.52	288.90	1549.246	0.580	0.0944535	834.764	297.52	288.90	1549.306	0.544	0.0970805	834.764	297.52	288.90	1549.228	0.610	0.0541843	834.764	297.52	288.90	1514.813	0.172	0.000166544	
844.765	297.52	288.90	1549.246	0.578	0.0944246	844.765	297.52	288.90	1549.306	0.542	0.0970418	844.765	297.52	288.90	1549.228	0.608	0.0541731	844.765	297.52	288.90	1514.814	0.173	0.000165953	
854.765	297.51	288.89	1549.245	0.577	0.0941523	854.765	297.51	288.89	1549.305	0.542	0.0966496	854.765	297.51	288.89	1549.228	0.607	0.0539957	854.765	297.51	288.89	1514.813	0.173	0.000163693	
864.766	297.49	288.88	1549.245	0.579	0.0945056	864.766	297.49	288.88	1549.305	0.544	0.0970689	864.766	297.49	288.88	1549.227	0.609	0.0541987	864.766	297.49	288.88	1514.813	0.173	0.000165549	
874.767	297.52	288.90	1549.246	0.577	0.0942036	874.767	297.52	288.90	1549.306	0.542	0.0967389	874.767	297.52	288.90	1549.228	0.607	0.0540127	874.767	297.52	288.90	1514.813	0.171	0.000165213	
884.768	297.54	288.92	1549.245	0.578	0.0942518	884.768	297.54	288.92	1549.306	0.543	0.0968211	884.768	297.54	288.92	1549.228	0.608	0.0540253	884.768	297.54	288.92	1514.814	0.173	0.00016444	
894.759	297.56	288.92	1549.244	0.578	0.0942632	894.759	297.56	288.92	1549.305	0.543	0.0966978	894.759	297.56	288.92	1549.227	0.608	0.0540282	894.759	297.56	288.92	1514.814	0.171	0.000165733	
904.76	297.58	288.94	1549.246	0.578	0.094351	904.76	297.58	288.94	1549.307	0.543	0.096994	904.76	297.58	288.94	1549.229	0.608	0.0540872	904.76	297.58	288.94	1514.813	0.173	0.000166817	
914.76	297.56	288.95	1549.244	0.577	0.0939982	914.76	297.56	288.95	1549.305	0.541	0.0963826	914.76	297.56	288.95	1549.227	0.607	0.0538939	914.76	297.56	288.95	1514.814	0.174	0.000164662	
924.761	297.56	288.93	1549.246	0.577	0.0943752	924.761	297.56	288.93	1549.306	0.542	0.0969416	924.761	297.56	288.93	1549.229	0.607	0.0540868	924.761	297.56	288.93	1514.813	0.173	0.000165349	
934.762	297.53	288.92	1549.247	0.576	0.0937905	934.762	297.53	288.92	1549.307	0.540	0.0964279	934.762	297.53	288.92	1549.230	0.606	0.0538007	934.762	297.53	288.92	1514.814	0.173	0.000164121	
944.762	297.54	288.93	1549.245	0.576	0.0938258	944.762	297.54	288.93	1549.305	0.541	0.0963221	944.762	297.54	288.93	1549.227	0.606	0.0538298	944.762	297.54	288.93	1514.814	0.173	0.000165779	
954.763	297.56	288.93	1549.247	0.576	0.0940353	954.763	297.56	288.93	1549.307	0.541	0.0965891	954.763	297.56	288.93	1549.230	0.606	0.0539043	954.763	297.56	288.93	1514.814	0.172	0.000165266	
964.764	297.55	288.93	1549.247	0.577	0.0940884	964.764	297.55	288.93	1549.307	0.541	0.0967079	964.764	297.55	288.93	1549.229	0.607	0.0540197	964.764	297.55	288.93	1514.813	0.171	0.000164536	
974.764	297.55	288.91	1549.247	0.579	0.0944092	974.764	297.55	288.91	1549.307	0.544	0.0971069	974.764	297.55	288.91	1549.229	0.609	0.054132	974.764	297.55	288.91	1514.813	0.176	0.000166558	
984.765	297.55	288.92	1549.247	0.581	0.0946999	984.765	297.55	288.92	1549.307	0.546	0.0972964	984.765	297.55	288.92	1549.229	0.611	0.0542503	984.765	297.55	288.92	1514.814	0.174	0.000166115	
994.766	297.53	288.90	1549.248	0.578	0.0947058	994.766	297.53	288.90	1549.307	0.543	0.0973266	994.766	297.53	288.90	1549.230	0.608	0.0542343	994.766	297.53	288.90	1514.814	0.172	0.000163879	
1004.77	297.54	288.90	1549.245	0.578	0.0941774	1004.77	297.54	288.90	1549.305	0.542	0.0967166	1004.77	297.54	288.90	1549.227	0.608	0.0539828	1004.77	297.54	288.90	1514.814	0.172	0.000167096	
1014.77	297.56	288.93	1549.245	0.575	0.0937434	1014.77	297.56	288.93	1549.306	0.539	0.0962554	1014.77	297.56	288.93	1549.228	0.606	0.0537608	1014.77	297.56	288.93	1514.813	0.173	0.000165804	
1024.77	297.57	288.93	1549.247	0.579	0.0945611	1024.77	297.57	288.93	1549.307	0.544	0.0971442	1024.77	297.57	288.93	1549.229	0.610	0.0541773	1024.77	297.57	288.93	1514.812	0.173	0.000168388	
1034.77	297.55	288.91	1549.246	0.580	0.0945688	1034.77	297.55	288.91	1549.307	0.545	0.0970945	1034.77	297.55	288.91	1549.228	0.610	0.0541944	1034.77	297.55	288.91	1514.814	0.171	0.000162944	
1044.77	297.55	288.92	1549.246	0.580	0.0946005	1044.77	297.55	288.92	1549.307	0.545	0.0971731	1044.77	297.55	288.92	1549.228	0.610	0.0541946	1044.77	297.55	288.92	1514.814	0.172	0.000163186	
1054.77	297.53	288.90	1549.246	0.578	0.0942528	1054.77	297.53	288.90	1549.306	0.543	0.0968074	1054.77	297.53	288.90	1549.228	0.609	0.0540131	1054.77	297.53	288.90	1514.814	0.173	0.000163611	
1064.76	297.50	288.88	1549.246	0.576	0.0939238	1064.76	297.50	288.88	1549.307	0.539	0.0963629	1064.76	297.50	288.88	1549.229	0.607	0.0538354	1064.76	297.50	288.88	1514.813	0.174	0.000166203	
1074.76	297.51	288.88	1549.245	0.578	0.0943355	1074.76	297.51	288.88	1549.305	0.542	0.0968405	1074.76	297.51	288.88	1549.228	0.608	0.0540845	1074.76	297.51	288.88	1514.813	0.171	0.000164704	
1084.76	297.51	288.87	1549.246	0.577	0.0941897	1084.76	297.51	288.87	1549.306	0.541	0.0967047	1084.76	297.51	288.87	1549.228	0.607	0.0539614	1084.76	297.51	288.87	1514.813	0.171	0.000167268	
1094.76	297.50	288.88	1549.246	0.579	0.0943652	1094.76	297.50	288.88	1549.307	0.543	0.0968735	1094.76	297.50	288.88	1549.229	0.609	0.0540802	1094.76	297.50	288.88	1514.813	0.172	0.000163814	
1104.76	297.52	288.90	1549.246	0.577	0.0941102	1104.76	297.52	288.90	1549.306	0.542	0.0965932	1104.76	297.52	288.90	1549.228	0.608	0.05394	1104.76	297.52	288.90	1514.813	0.170	0.000164555	
1114.77	297.57	288.93	1549.245	0.577	0.0942189	1114.77	297.57	288.93	1549.306	0.542	0.0967467	1114.77	297.57	288.93	1549.228	0.607	0.0539844	1114.77	297.57	288.93	1514.813	0.173	0.000166774	
1124.77	297.55	288.93	1549.246	0.579	0.0944788	1124.77	297.55	288.93	1549.307	0.544	0.097157	1124.77	297.55	288.93	1549.229	0.610	0.0541348	1124.77	297.55	288.93	1514.813	0.173	0.000166162	
1134.77	297.53	288.91	1549.246	0.576	0.0940029	1134.77	297.53	288.91	1549.306	0.541	0.0965629	1134.77	297.53	288.91	1549.228	0.607	0.0539102	1134.77	297.53	288.91	1514.813	0.174	0.000166575	
1144.77	297.52	288.88	1549.245	0.576	0.0939935	1144.77	297.52	288.88	1549.306	0.541	0.0965205	1144.77	297.52	288.88	1549.228	0.606	0.0538555	1144.77	297.52	288.88	1514.813	0.174	0.000166234	
1154.77	297.50	288.88	1549.246	0.577	0.0939757	1154.77	297.50	288.88	1549.306	0.541	0.0965989	1154.77	297.50	288.88	1549.228	0.607	0.0538799	1154.77	297.50	288.88	1514.814	0.172	0.000164625	
1164.77	297.52	288.89	1549.246	0.578	0.0943574	1164.77	297.52	288.89	1549.306	0.542	0.0967884	1164.77	297.52	288.89	1549.228	0.609	0.0540633	1164.77	297.52	288.89	1514.813	0.171	0.000164226	
1174.77	297.50	288.89	1549.244	0.578	0.0942815	1174.77	297.50	288.89	1549.305	0.542	0.0966185	1174.77	297.50	288.89	1549.227	0.608	0.0540326	1174.77	297.50	288.89	1514.813	0.175	0.000165099	
1184.77	297.51	288.88	1549.246	0.576	0.094111	1184.77	297.51	288.88	1549.305	0.540	0.0965922	1184.77	297.51	288.88	1549.228	0.607	0.0539657	1184.77	297.51	288.88	1514.814	0.172	0.000166131	
1194.77	297.53	288.90	1549.246	0.578	0.0942759	1194.77	297.53	288.90	1549.307	0.543	0.0969262	1194.77	297.53	288.90	1549.229	0.609	0.054033	1194.77	297.53	288.90	1514.813	0.172	0.000165097	
1204.77	297.54	288.90	1549.246	0.579	0.0944386	1204.77	297.54	288.90	1549.307	0.543	0.0969489	1204.77	297.54	288.90	1549.229	0.609	0.0541208	1204.77	297.54	288.90	1514.812	0.173	0.000165306	
1214.77	297.57	288.94	1549.245	0.579	0.0944625	1214.77	297.57	288.94	1549.306	0.544	0.097092	1214.77	297.57	288.94	1549.228	0.609	0.0541237	1214.77	297.57	288.94	1514.812	0.171	0.000167549	
1224.77	297.54	288.91	1549.246	0.577	0.094167	1224.77	297.54	288.91	1549.307	0.542	0.0967276	1224.77	297.54	288.91	1549.229	0.608	0.0540005	1224.77	297.54	288.91	1514.813	0.174	0.000166091	
1234.77	297.52	288.91	1549.245	0.577	0.0941162	1234.77	297.52	288.91	1549.306	0.542	0.0966213	1234.77	297.52	288.91	1549.228	0.608	0.0539706	1234.77	297.52	288.91	1514.813	0.175	0.000166103	
1244.76	297.52	288.89	1549.247	0.577	0.094113	1244.76	297.52	288.89	1549.307	0.542	0.0967408	1244.76	297.52	288.89	1549.229	0.608	0.053996	1244.76	297.52	288.89	1514.813	0.172	0.000164818	
1254.77	297.52	288.86	1549.247	0.579	0.0946315	1254.77	297.52	288.86	1549.307	0.543	0.0972198	1254.77	297.52	288.86	1549.229	0.610	0.0542513	1254.77	297.52	288.86	1514.812	0.172	0.000166401	
1264.77	297.52	288.87	1549.245	0.580	0.0943897	1264.77	297.52	288.87	1549.306	0.543	0.0968188	1264.77	297.52	288.87	1549.227	0.610	0.0541188	1264.77	297.52	288.87	1514.813	0.172	0.000164613	
1274.77	297.53	288.89	1549.245	0.576	0.093865	1274.77	297.53	288.89	1549.305	0.541	0.0963849	1274.77	297.53	288.89	1549.227	0.607	0.0538251	1274.77	297.53	288.89	1514.813	0.174	0.000163375	
1284.77	297.54	288.91	1549.245	0.576	0.0939564	1284.77	297.54	288.91	1549.305	0.541	0.0965658	1284.77	297.54	288.91	1549.228	0.606	0.0538629	1284.77	297.54	288.91	1514.813	0.170	0.000163388	
1294.77	297.56	288.91	1549.245	0.576	0.0939445	1294.77	297.56	288.91	1549.305	0.541	0.0963538	1294.77	297.56	288.91	1549.227	0.607	0.0538149	1294.77	297.56	288.91	1514.811	0.177	0.000168764	
1304.77	297.54	288.90	1549.247	0.580	0.0947464	1304.77	297.54	288.90	1549.307	0.545	0.0974321	1304.77	297.54	288.90	1549.229	0.610	0.0542795	1304.77	297.54	288.90	1514.813	0.173	0.000165632	
1314.77	297.56	288.91	1549.245	0.578	0.0944333	1314.77	297.56	288.91	1549.306	0.543	0.0969421	1314.77	297.56	288.91	1549.228	0.609	0.054121	1314.77	297.56	288.91	1514.814	0.174	0.000163365	
1324.77	297.55	288.90	1549.246	0.579	0.0942912	1324.77	297.55	288.90	1549.307	0.543	0.0967167	1324.77	297.55	288.90	1549.229	0.609	0.0540146	1324.77	297.55	288.90	1514.812	0.172	0.00016585	
1334.77	297.53	288.91	1549.245	0.578	0.0942207	1334.77	297.53	288.91	1549.305	0.542	0.0966594	1334.77	297.53	288.91	1549.227	0.608	0.0539823	1334.77	297.53	288.91	1514.813	0.171	0.000165864	
1344.77	297.52	288.88	1549.245	0.577	0.0943432	1344.77	297.52	288.88	1549.305	0.542	0.0968365	1344.77	297.52	288.88	1549.227	0.608	0.0540807	1344.77	297.52	288.88	1514.813	0.172	0.000163954	
1354.77	297.50	288.86	1549.246	0.577	0.093984	1354.77	297.50	288.86	1549.306	0.542	0.0966365	1354.77	297.50	288.86	1549.228	0.607	0.0538748	1354.77	297.50	288.86	1514.813	0.173	0.00016589	
1364.77	297.49	288.85	1549.245	0.579	0.0943837	1364.77	297.49	288.85	1549.306	0.544	0.0968318	1364.77	297.49	288.85	1549.227	0.610	0.0540635	1364.77	297.49	288.85	1514.812	0.173	0.000164913	
1374.77	297.49	288.85	1549.246	0.577	0.0940681	1374.77	297.49	288.85	1549.307	0.542	0.0966461	1374.77	297.49	288.85	1549.229	0.607	0.0538974	1374.77	297.49	288.85	1514.811	0.172	0.000164978	
1384.78	297.53	288.88	1549.245	0.577	0.0942294	1384.78	297.53	288.88	1549.305	0.542	0.0966917	1384.78	297.53	288.88	1549.227	0.608	0.0539991	1384.78	297.53	288.88	1514.813	0.171	0.000163278	
1394.78	297.54	288.90	1549.246	0.577	0.0941021	1394.78	297.54	288.90	1549.307	0.542	0.0966698	1394.78	297.54	288.90	1549.229	0.608	0.0539511	1394.78	297.54	288.90	1514.813	0.173	0.000164817	
1404.78	297.53	288.91	1549.247	0.575	0.0938107	1404.78	297.53	288.91	1549.307	0.539	0.0963178	1404.78	297.53	288.91	1549.229	0.606	0.0537829	1404.78	297.53	288.91	1514.813	0.174	0.000166665	
1414.78	297.52	288.89	1549.246	0.578	0.0941247	1414.78	297.52	288.89	1549.307	0.542	0.0966727	1414.78	297.52	288.89	1549.229	0.608	0.0539768	1414.78	297.52	288.89	1514.814	0.173	0.00016362	
1424.77	297.51	288.89	1549.245	0.579	0.0946565	1424.77	297.51	288.89	1549.305	0.544	0.0972189	1424.77	297.51	288.89	1549.228	0.609	0.0542491	1424.77	297.51	288.89	1514.813	0.172	0.000164334	
1434.77	297.50	288.88	1549.247	0.575	0.0938055	1434.77	297.50	288.88	1549.307	0.540	0.0963281	1434.77	297.50	288.88	1549.229	0.606	0.0537548	1434.77	297.50	288.88	1514.813	0.173	0.000166835	
1444.77	297.50	288.87	1549.245	0.577	0.094105	1444.77	297.50	288.87	1549.306	0.541	0.0965619	1444.77	297.50	288.87	1549.228	0.608	0.0539612	1444.77	297.50	288.87	1514.812	0.171	0.000164402	
1454.77	297.49	288.87	1549.244	0.578	0.0942705	1454.77	297.49	288.87	1549.305	0.543	0.0967304	1454.77	297.49	288.87	1549.227	0.609	0.0540213	1454.77	297.49	288.87	1514.813	0.173	0.000164574	
1464.77	297.48	288.85	1549.245	0.579	0.0944365	1464.77	297.48	288.85	1549.305	0.543	0.096961	1464.77	297.48	288.85	1549.227	0.610	0.0541082	1464.77	297.48	288.85	1514.813	0.172	0.000164223	
1474.77	297.50	288.88	1549.245	0.577	0.0940572	1474.77	297.50	288.88	1549.306	0.541	0.0964316	1474.77	297.50	288.88	1549.228	0.608	0.0538779	1474.77	297.50	288.88	1514.812	0.172	0.00016582	
1484.77	297.51	288.89	1549.245	0.578	0.0940337	1484.77	297.51	288.89	1549.306	0.542	0.0965786	1484.77	297.51	288.89	1549.227	0.608	0.0538862	1484.77	297.51	288.89	1514.812	0.173	0.000163431	
1494.77	297.52	288.90	1549.246	0.577	0.0941399	1494.77	297.52	288.90	1549.306	0.541	0.0966818	1494.77	297.52	288.90	1549.228	0.607	0.0539416	1494.77	297.52	288.90	1514.813	0.171	0.000163944	
1504.77	297.52	288.91	1549.246	0.578	0.0942174	1504.77	297.52	288.91	1549.306	0.542	0.0967176	1504.77	297.52	288.91	1549.228	0.608	0.0539821	1504.77	297.52	288.91	1514.811	0.175	0.000168946	
1514.77	297.53	288.91	1549.246	0.576	0.0940355	1514.77	297.53	288.91	1549.306	0.540	0.0965977	1514.77	297.53	288.91	1549.229	0.606	0.0538679	1514.77	297.53	288.91	1514.814	0.171	0.000163526	
1524.78	297.51	288.89	1549.246	0.579	0.0943525	1524.78	297.51	288.89	1549.306	0.543	0.0969378	1524.78	297.51	288.89	1549.228	0.609	0.0541001	1524.78	297.51	288.89	1514.813	0.173	0.000163806	
1534.78	297.47	288.86	1549.245	0.577	0.094192	1534.78	297.47	288.86	1549.305	0.542	0.0967808	1534.78	297.47	288.86	1549.228	0.607	0.0539648	1534.78	297.47	288.86	1514.812	0.174	0.00016585	
1544.78	297.45	288.85	1549.246	0.579	0.0941564	1544.78	297.45	288.85	1549.307	0.542	0.0967339	1544.78	297.45	288.85	1549.229	0.609	0.053977	1544.78	297.45	288.85	1514.812	0.172	0.000165237	
1554.78	297.47	288.84	1549.245	0.579	0.094338	1554.78	297.47	288.84	1549.305	0.543	0.0968843	1554.78	297.47	288.84	1549.227	0.609	0.0540535	1554.78	297.47	288.84	1514.813	0.175	0.000165173	
1564.78	297.46	288.85	1549.246	0.578	0.0942262	1564.78	297.46	288.85	1549.306	0.542	0.0968183	1564.78	297.46	288.85	1549.228	0.609	0.0540042	1564.78	297.46	288.85	1514.811	0.173	0.000164605	
1574.78	297.47	288.87	1549.245	0.580	0.0947473	1574.78	297.47	288.87	1549.306	0.544	0.0972561	1574.78	297.47	288.87	1549.228	0.610	0.0542545	1574.78	297.47	288.87	1514.813	0.174	0.000166502	
1584.78	297.45	288.85	1549.245	0.579	0.0944776	1584.78	297.45	288.85	1549.306	0.543	0.0970441	1584.78	297.45	288.85	1549.228	0.610	0.0541598	1584.78	297.45	288.85	1514.812	0.173	0.000165063	
1594.77	297.43	288.85	1549.246	0.576	0.0939157	1594.77	297.43	288.85	1549.306	0.541	0.0966031	1594.77	297.43	288.85	1549.228	0.606	0.0538613	1594.77	297.43	288.85	1514.813	0.175	0.000165317	
1604.77	297.42	288.81	1549.245	0.577	0.0941554	1604.77	297.42	288.81	1549.304	0.542	0.0968721	1604.77	297.42	288.81	1549.227	0.607	0.0539864	1604.77	297.42	288.81	1514.812	0.173	0.000165867	
1614.77	297.42	288.81	1549.245	0.576	0.0938239	1614.77	297.42	288.81	1549.305	0.540	0.0963268	1614.77	297.42	288.81	1549.227	0.606	0.053775	1614.77	297.42	288.81	1514.812	0.175	0.000167177	
1624.77	297.40	288.81	1549.245	0.577	0.0940527	1624.77	297.40	288.81	1549.305	0.542	0.0967161	1624.77	297.40	288.81	1549.228	0.607	0.0539586	1624.77	297.40	288.81	1514.812	0.172	0.00016424	
1634.77	297.37	288.79	1549.246	0.578	0.0941489	1634.77	297.37	288.79	1549.307	0.543	0.0968278	1634.77	297.37	288.79	1549.229	0.608	0.0539658	1634.77	297.37	288.79	1514.812	0.172	0.000166512	
1644.78	297.40	288.81	1549.245	0.576	0.0940921	1644.78	297.40	288.81	1549.305	0.541	0.0966925	1644.78	297.40	288.81	1549.228	0.606	0.0539441	1644.78	297.40	288.81	1514.812	0.175	0.00016676	
1654.78	297.40	288.80	1549.246	0.578	0.0943387	1654.78	297.40	288.80	1549.307	0.544	0.097092	1654.78	297.40	288.80	1549.229	0.609	0.0541225	1654.78	297.40	288.80	1514.812	0.173	0.000163624	
1664.78	297.41	288.82	1549.246	0.580	0.0945015	1664.78	297.41	288.82	1549.307	0.545	0.0973021	1664.78	297.41	288.82	1549.229	0.610	0.0542093	1664.78	297.41	288.82	1514.812	0.173	0.000165736	
1674.78	297.40	288.81	1549.245	0.579	0.0944635	1674.78	297.40	288.81	1549.305	0.543	0.097039	1674.78	297.40	288.81	1549.228	0.609	0.0541557	1674.78	297.40	288.81	1514.812	0.173	0.000166162	
1684.78	297.39	288.81	1549.245	0.575	0.0937182	1684.78	297.39	288.81	1549.306	0.540	0.0963682	1684.78	297.39	288.81	1549.228	0.605	0.0537541	1684.78	297.39	288.81	1514.814	0.170	0.000163398	
1694.78	297.40	288.82	1549.246	0.578	0.0943261	1694.78	297.40	288.82	1549.306	0.543	0.0969385	1694.78	297.40	288.82	1549.228	0.608	0.054051	1694.78	297.40	288.82	1514.812	0.169	0.000164212	
1704.78	297.39	288.80	1549.246	0.578	0.0945051	1704.78	297.39	288.80	1549.306	0.544	0.0972028	1704.78	297.39	288.80	1549.229	0.608	0.054162	1704.78	297.39	288.80	1514.812	0.172	0.000165987	
1714.78	297.35	288.77	1549.246	0.579	0.0944599	1714.78	297.35	288.77	1549.306	0.543	0.0970361	1714.78	297.35	288.77	1549.228	0.609	0.0541747	1714.78	297.35	288.77	1514.812	0.174	0.000166103	
1724.78	297.33	288.76	1549.245	0.576	0.0939703	1724.78	297.33	288.76	1549.305	0.541	0.0966469	1724.78	297.33	288.76	1549.228	0.606	0.0538917	1724.78	297.33	288.76	1514.812	0.171	0.000164632	
1734.78	297.34	288.76	1549.246	0.578	0.0942093	1734.78	297.34	288.76	1549.306	0.542	0.0968198	1734.78	297.34	288.76	1549.228	0.608	0.0540542	1734.78	297.34	288.76	1514.812	0.171	0.000164411	
1744.78	297.35	288.77	1549.244	0.577	0.0940788	1744.78	297.35	288.77	1549.305	0.542	0.0966738	1744.78	297.35	288.77	1549.227	0.607	0.0539637	1744.78	297.35	288.77	1514.813	0.173	0.000164407	
1754.78	297.36	288.78	1549.246	0.579	0.0945998	1754.78	297.36	288.78	1549.306	0.543	0.097252	1754.78	297.36	288.78	1549.228	0.609	0.0542735	1754.78	297.36	288.78	1514.811	0.174	0.000168704	
1764.78	297.35	288.79	1549.246	0.579	0.0945266	1764.78	297.35	288.79	1549.306	0.544	0.0972183	1764.78	297.35	288.79	1549.228	0.609	0.0542093	1764.78	297.35	288.79	1514.812	0.173	0.000164624	
1774.77	297.37	288.80	1549.246	0.576	0.0941155	1774.77	297.37	288.80	1549.306	0.542	0.0967796	1774.77	297.37	288.80	1549.228	0.606	0.0539367	1774.77	297.37	288.80	1514.814	0.174	0.000163606	
1784.77	297.35	288.80	1549.247	0.578	0.0943091	1784.77	297.35	288.80	1549.307	0.543	0.0970411	1784.77	297.35	288.80	1549.229	0.609	0.0540878	1784.77	297.35	288.80	1514.813	0.172	0.000165578	
1794.78	297.35	288.77	1549.245	0.579	0.094348	1794.78	297.35	288.77	1549.306	0.543	0.0967836	1794.78	297.35	288.77	1549.228	0.610	0.0540918	1794.78	297.35	288.77	1514.813	0.172	0.000163582	
1804.78	297.33	288.77	1549.245	0.579	0.0943809	1804.78	297.33	288.77	1549.306	0.543	0.0969713	1804.78	297.33	288.77	1549.228	0.609	0.0541456	1804.78	297.33	288.77	1514.812	0.172	0.000164298	
1814.78	297.32	288.75	1549.245	0.578	0.0942544	1814.78	297.32	288.75	1549.306	0.543	0.0968618	1814.78	297.32	288.75	1549.228	0.609	0.0541138	1814.78	297.32	288.75	1514.813	0.171	0.000163629	
1824.78	297.30	288.75	1549.245	0.576	0.0939159	1824.78	297.30	288.75	1549.306	0.540	0.0964548	1824.78	297.30	288.75	1549.228	0.607	0.0539076	1824.78	297.30	288.75	1514.812	0.176	0.000166247	
1834.78	297.27	288.73	1549.246	0.579	0.0946225	1834.78	297.27	288.73	1549.306	0.543	0.0972661	1834.78	297.27	288.73	1549.228	0.609	0.0542838	1834.78	297.27	288.73	1514.812	0.173	0.000165496	
1844.78	297.28	288.73	1549.245	0.579	0.0946551	1844.78	297.28	288.73	1549.305	0.545	0.0974465	1844.78	297.28	288.73	1549.228	0.610	0.0542984	1844.78	297.28	288.73	1514.811	0.174	0.000167254	
1854.78	297.28	288.74	1549.245	0.576	0.0940034	1854.78	297.28	288.74	1549.305	0.541	0.0966089	1854.78	297.28	288.74	1549.228	0.607	0.0539534	1854.78	297.28	288.74	1514.812	0.172	0.000164527	
1864.78	297.29	288.72	1549.246	0.576	0.0939381	1864.78	297.29	288.72	1549.306	0.541	0.0965712	1864.78	297.29	288.72	1549.228	0.607	0.0539017	1864.78	297.29	288.72	1514.812	0.174	0.000167723	
1874.78	297.27	288.71	1549.245	0.578	0.0941504	1874.78	297.27	288.71	1549.306	0.543	0.0968251	1874.78	297.27	288.71	1549.228	0.608	0.0540081	1874.78	297.27	288.71	1514.813	0.173	0.000165171	
1884.78	297.26	288.71	1549.244	0.579	0.0944197	1884.78	297.26	288.71	1549.304	0.543	0.0969745	1884.78	297.26	288.71	1549.227	0.610	0.0542027	1884.78	297.26	288.71	1514.812	0.172	0.000163111	
1894.78	297.25	288.71	1549.246	0.577	0.0941767	1894.78	297.25	288.71	1549.306	0.542	0.09699	1894.78	297.25	288.71	1549.229	0.607	0.0540492	1894.78	297.25	288.71	1514.811	0.172	0.000167217	
1904.78	297.29	288.73	1549.246	0.577	0.0941831	1904.78	297.29	288.73	1549.306	0.542	0.0968341	1904.78	297.29	288.73	1549.229	0.608	0.0540389	1904.78	297.29	288.73	1514.812	0.173	0.000165563	
1914.79	297.27	288.71	1549.245	0.578	0.0942981	1914.79	297.27	288.71	1549.306	0.542	0.0968164	1914.79	297.27	288.71	1549.228	0.609	0.0541251	1914.79	297.27	288.71	1514.813	0.172	0.000161615	
1924.79	297.26	288.73	1549.245	0.580	0.0945627	1924.79	297.26	288.73	1549.305	0.544	0.0972182	1924.79	297.26	288.73	1549.227	0.610	0.0542827	1924.79	297.26	288.73	1514.813	0.174	0.000164938	
1934.79	297.23	288.73	1549.246	0.577	0.094046	1934.79	297.23	288.73	1549.306	0.542	0.0967319	1934.79	297.23	288.73	1549.229	0.607	0.0539987	1934.79	297.23	288.73	1514.812	0.172	0.000166852	
1944.78	297.26	288.73	1549.246	0.577	0.0940968	1944.78	297.26	288.73	1549.306	0.542	0.0967237	1944.78	297.26	288.73	1549.229	0.608	0.0540256	1944.78	297.26	288.73	1514.813	0.174	0.000165981	
1954.78	297.21	288.71	1549.247	0.577	0.0939417	1954.78	297.21	288.71	1549.307	0.542	0.0968047	1954.78	297.21	288.71	1549.230	0.607	0.0539356	1954.78	297.21	288.71	1514.813	0.175	0.000165957	
1964.78	297.23	288.69	1549.245	0.576	0.094112	1964.78	297.23	288.69	1549.305	0.541	0.0967149	1964.78	297.23	288.69	1549.228	0.607	0.0540427	1964.78	297.23	288.69	1514.811	0.175	0.000166972	
1974.78	297.23	288.69	1549.244	0.577	0.0941786	1974.78	297.23	288.69	1549.304	0.543	0.0968777	1974.78	297.23	288.69	1549.227	0.608	0.0540522	1974.78	297.23	288.69	1514.812	0.174	0.000164589	
1984.78	297.25	288.70	1549.245	0.576	0.0939112	1984.78	297.25	288.70	1549.305	0.541	0.0965725	1984.78	297.25	288.70	1549.228	0.607	0.0539488	1984.78	297.25	288.70	1514.812	0.173	0.000164375	
1994.78	297.27	288.72	1549.246	0.579	0.0945593	1994.78	297.27	288.72	1549.307	0.544	0.0972385	1994.78	297.27	288.72	1549.229	0.610	0.0542393	1994.78	297.27	288.72	1514.813	0.173	0.000165192	
2004.78	297.29	288.73	1549.246	0.578	0.0944171	2004.78	297.29	288.73	1549.306	0.543	0.0970192	2004.78	297.29	288.73	1549.229	0.608	0.0541601	2004.78	297.29	288.73	1514.812	0.173	0.000166466	
2014.78	297.28	288.73	1549.246	0.579	0.0945055	2014.78	297.28	288.73	1549.306	0.544	0.0973428	2014.78	297.28	288.73	1549.228	0.608	0.0542338	2014.78	297.28	288.73	1514.813	0.173	0.000165008	
2024.78	297.26	288.72	1549.247	0.579	0.0945923	2024.78	297.26	288.72	1549.307	0.544	0.0972446	2024.78	297.26	288.72	1549.229	0.609	0.0542509	2024.78	297.26	288.72	1514.812	0.175	0.000167562	
2034.78	297.28	288.73	1549.246	0.578	0.0943927	2034.78	297.28	288.73	1549.306	0.543	0.0971256	2034.78	297.28	288.73	1549.229	0.608	0.0541764	2034.78	297.28	288.73	1514.813	0.173	0.00016493	
2044.79	297.25	288.72	1549.246	0.579	0.0945131	2044.79	297.25	288.72	1549.307	0.544	0.0971588	2044.79	297.25	288.72	1549.229	0.609	0.0542646	2044.79	297.25	288.72	1514.812	0.171	0.000164123	
2054.78	297.27	288.71	1549.246	0.577	0.0941497	2054.78	297.27	288.71	1549.306	0.542	0.0967902	2054.78	297.27	288.71	1549.229	0.607	0.0540602	2054.78	297.27	288.71	1514.811	0.172	0.000166431	
2064.79	297.23	288.69	1549.246	0.578	0.0944133	2064.79	297.23	288.69	1549.307	0.543	0.0969153	2064.79	297.23	288.69	1549.229	0.609	0.0541321	2064.79	297.23	288.69	1514.812	0.172	0.000166861	
2074.79	297.23	288.69	1549.245	0.579	0.0944568	2074.79	297.23	288.69	1549.305	0.544	0.0970305	2074.79	297.23	288.69	1549.228	0.608	0.0541221	2074.79	297.23	288.69	1514.813	0.171	0.000163436	
2084.79	297.24	288.69	1549.246	0.578	0.0944734	2084.79	297.24	288.69	1549.306	0.543	0.0971156	2084.79	297.24	288.69	1549.228	0.608	0.0541048	2084.79	297.24	288.69	1514.812	0.172	0.000164302	
2094.79	297.26	288.71	1549.245	0.577	0.0942874	2094.79	297.26	288.71	1549.306	0.541	0.0967578	2094.79	297.26	288.71	1549.228	0.607	0.0540246	2094.79	297.26	288.71	1514.812	0.174	0.000165316	
2104.79	297.27	288.75	1549.246	0.578	0.0942283	2104.79	297.27	288.75	1549.307	0.541	0.0966025	2104.79	297.27	288.75	1549.229	0.608	0.0540623	2104.79	297.27	288.75	1514.814	0.176	0.000164217	
2114.78	297.27	288.74	1549.246	0.579	0.0944587	2114.78	297.27	288.74	1549.306	0.543	0.0969324	2114.78	297.27	288.74	1549.229	0.610	0.0542122	2114.78	297.27	288.74	1514.814	0.172	0.000164174	
2124.78	297.27	288.74	1549.247	0.576	0.0941434	2124.78	297.27	288.74	1549.307	0.541	0.0967708	2124.78	297.27	288.74	1549.230	0.608	0.05402	2124.78	297.27	288.74	1514.814	0.173	0.000164398	
2134.78	297.26	288.73	1549.247	0.577	0.0940983	2134.78	297.26	288.73	1549.308	0.542	0.0966585	2134.78	297.26	288.73	1549.230	0.609	0.0540321	2134.78	297.26	288.73	1514.812	0.172	0.000165455	
2144.78	297.23	288.71	1549.246	0.577	0.0943412	2144.78	297.23	288.71	1549.306	0.542	0.0969206	2144.78	297.23	288.71	1549.229	0.609	0.054164	2144.78	297.23	288.71	1514.813	0.171	0.000163644	
2154.78	297.23	288.70	1549.247	0.577	0.0940218	2154.78	297.23	288.70	1549.307	0.541	0.0966786	2154.78	297.23	288.70	1549.229	0.607	0.0539456	2154.78	297.23	288.70	1514.813	0.174	0.000164003	
2164.78	297.20	288.67	1549.245	0.579	0.0944594	2164.78	297.20	288.67	1549.305	0.543	0.0970693	2164.78	297.20	288.67	1549.228	0.610	0.0542477	2164.78	297.20	288.67	1514.812	0.175	0.000167111	
2174.78	297.17	288.66	1549.246	0.577	0.0943282	2174.78	297.17	288.66	1549.306	0.542	0.0969018	2174.78	297.17	288.66	1549.228	0.608	0.0541261	2174.78	297.17	288.66	1514.813	0.174	0.000164805	
2184.78	297.16	288.64	1549.246	0.578	0.0946292	2184.78	297.16	288.64	1549.306	0.544	0.0973453	2184.78	297.16	288.64	1549.229	0.610	0.0543335	2184.78	297.16	288.64	1514.812	0.171	0.00016448	
2194.79	297.14	288.63	1549.245	0.575	0.0939809	2194.79	297.14	288.63	1549.305	0.540	0.0964705	2194.79	297.14	288.63	1549.228	0.607	0.0539812	2194.79	297.14	288.63	1514.810	0.173	0.000166825	
2204.79	297.17	288.65	1549.246	0.579	0.0946477	2204.79	297.17	288.65	1549.306	0.544	0.0972499	2204.79	297.17	288.65	1549.229	0.611	0.0543433	2204.79	297.17	288.65	1514.813	0.173	0.000163246	
2214.79	297.15	288.65	1549.246	0.580	0.0946762	2214.79	297.15	288.65	1549.306	0.544	0.0972675	2214.79	297.15	288.65	1549.229	0.611	0.0542999	2214.79	297.15	288.65	1514.813	0.174	0.000165285	
2224.79	297.19	288.67	1549.245	0.578	0.0945374	2224.79	297.19	288.67	1549.305	0.543	0.09708	2224.79	297.19	288.67	1549.228	0.609	0.054217	2224.79	297.19	288.67	1514.812	0.172	0.000165439	
2234.79	297.23	288.69	1549.246	0.576	0.0939345	2234.79	297.23	288.69	1549.306	0.540	0.096363	2234.79	297.23	288.69	1549.229	0.607	0.0538628	2234.79	297.23	288.69	1514.812	0.176	0.000167008	
2244.79	297.25	288.72	1549.245	0.578	0.0943141	2244.79	297.25	288.72	1549.306	0.542	0.0968609	2244.79	297.25	288.72	1549.228	0.608	0.0540899	2244.79	297.25	288.72	1514.813	0.174	0.000164662	
2254.79	297.24	288.72	1549.247	0.576	0.0941706	2254.79	297.24	288.72	1549.307	0.540	0.0966525	2254.79	297.24	288.72	1549.229	0.607	0.0540104	2254.79	297.24	288.72	1514.814	0.173	0.000165372	
2264.79	297.21	288.71	1549.246	0.579	0.0945243	2264.79	297.21	288.71	1549.306	0.543	0.0971018	2264.79	297.21	288.71	1549.228	0.609	0.0542378	2264.79	297.21	288.71	1514.813	0.175	0.000167193	
2274.79	297.17	288.66	1549.247	0.577	0.0942645	2274.79	297.17	288.66	1549.307	0.542	0.0969265	2274.79	297.17	288.66	1549.229	0.607	0.0540402	2274.79	297.17	288.66	1514.812	0.174	0.000165522	
2284.78	297.18	288.63	1549.246	0.576	0.094343	2284.78	297.18	288.63	1549.305	0.541	0.0969152	2284.78	297.18	288.63	1549.229	0.607	0.0541494	2284.78	297.18	288.63	1514.813	0.174	0.000166673	
2294.78	297.19	288.66	1549.245	0.579	0.0944112	2294.78	297.19	288.66	1549.305	0.543	0.0969292	2294.78	297.19	288.66	1549.228	0.610	0.0541896	2294.78	297.19	288.66	1514.812	0.174	0.000165919	
2304.78	297.23	288.69	1549.246	0.576	0.0942308	2304.78	297.23	288.69	1549.305	0.541	0.0967385	2304.78	297.23	288.69	1549.228	0.608	0.0540898	2304.78	297.23	288.69	1514.812	0.172	0.000164872	
2314.78	297.24	288.70	1549.248	0.579	0.094518	2314.78	297.24	288.70	1549.308	0.544	0.0971479	2314.78	297.24	288.70	1549.230	0.610	0.0541993	2314.78	297.24	288.70	1514.813	0.174	0.000164462	
2324.78	297.25	288.71	1549.245	0.576	0.094065	2324.78	297.25	288.71	1549.306	0.541	0.0965102	2324.78	297.25	288.71	1549.228	0.607	0.053967	2324.78	297.25	288.71	1514.814	0.175	0.000166065	
2334.79	297.25	288.70	1549.247	0.577	0.0943188	2334.79	297.25	288.70	1549.307	0.542	0.096917	2334.79	297.25	288.70	1549.229	0.609	0.0541265	2334.79	297.25	288.70	1514.812	0.174	0.000165937	
2344.79	297.24	288.73	1549.246	0.579	0.0946888	2344.79	297.24	288.73	1549.307	0.545	0.0973293	2344.79	297.24	288.73	1549.229	0.610	0.0542841	2344.79	297.24	288.73	1514.812	0.172	0.00016478	
2354.79	297.25	288.71	1549.247	0.576	0.0940369	2354.79	297.25	288.71	1549.307	0.540	0.0966305	2354.79	297.25	288.71	1549.229	0.607	0.0539588	2354.79	297.25	288.71	1514.812	0.173	0.000167839	
2364.79	297.23	288.69	1549.245	0.576	0.0939292	2364.79	297.23	288.69	1549.305	0.540	0.096368	2364.79	297.23	288.69	1549.228	0.606	0.0538773	2364.79	297.23	288.69	1514.812	0.173	0.000168943	
2374.79	297.23	288.68	1549.246	0.577	0.094327	2374.79	297.23	288.68	1549.306	0.542	0.096957	2374.79	297.23	288.68	1549.229	0.608	0.0541177	2374.79	297.23	288.68	1514.813	0.172	0.000165626	
2384.79	297.28	288.66	1549.247	0.580	0.0948554	2384.79	297.28	288.66	1549.307	0.544	0.0974334	2384.79	297.28	288.66	1549.229	0.610	0.0543728	2384.79	297.28	288.66	1514.812	0.172	0.000164552	
2394.79	297.21	288.66	1549.247	0.579	0.0944544	2394.79	297.21	288.66	1549.307	0.543	0.0971467	2394.79	297.21	288.66	1549.229	0.610	0.0542439	2394.79	297.21	288.66	1514.813	0.174	0.000166509	
2404.79	297.19	288.66	1549.247	0.578	0.0944324	2404.79	297.19	288.66	1549.307	0.543	0.0970028	2404.79	297.19	288.66	1549.229	0.609	0.0541793	2404.79	297.19	288.66	1514.812	0.171	0.000166574	
2414.79	297.19	288.67	1549.245	0.576	0.0941589	2414.79	297.19	288.67	1549.304	0.541	0.0967628	2414.79	297.19	288.67	1549.228	0.606	0.0539824	2414.79	297.19	288.67	1514.812	0.172	0.0001656	
2424.79	297.20	288.66	1549.245	0.577	0.0942626	2424.79	297.20	288.66	1549.305	0.541	0.0967864	2424.79	297.20	288.66	1549.228	0.608	0.0541045	2424.79	297.20	288.66	1514.813	0.170	0.000164632	
2434.79	297.21	288.65	1549.247	0.579	0.0943472	2434.79	297.21	288.65	1549.307	0.544	0.0970114	2434.79	297.21	288.65	1549.229	0.609	0.0541159	2434.79	297.21	288.65	1514.812	0.173	0.000163382	
2444.79	297.24	288.68	1549.245	0.579	0.0946913	2444.79	297.24	288.68	1549.306	0.544	0.097303	2444.79	297.24	288.68	1549.228	0.610	0.0542542	2444.79	297.24	288.68	1514.812	0.171	0.000165893	
2454.79	297.26	288.70	1549.245	0.577	0.0944118	2454.79	297.26	288.70	1549.305	0.542	0.0970613	2454.79	297.26	288.70	1549.228	0.607	0.0541063	2454.79	297.26	288.70	1514.812	0.174	0.000166481	
2464.79	297.30	288.73	1549.245	0.578	0.0943724	2464.79	297.30	288.73	1549.305	0.543	0.0967924	2464.79	297.30	288.73	1549.227	0.609	0.0541385	2464.79	297.30	288.73	1514.813	0.175	0.000165242	
2474.79	297.28	288.73	1549.246	0.576	0.0942207	2474.79	297.28	288.73	1549.306	0.540	0.096714	2474.79	297.28	288.73	1549.229	0.607	0.0540747	2474.79	297.28	288.73	1514.813	0.175	0.000165604	
2484.79	297.28	288.73	1549.246	0.576	0.0939086	2484.79	297.28	288.73	1549.306	0.540	0.0963925	2484.79	297.28	288.73	1549.229	0.607	0.0538965	2484.79	297.28	288.73	1514.812	0.174	0.000166573	
2494.79	297.28	288.72	1549.246	0.574	0.0937904	2494.79	297.28	288.72	1549.306	0.540	0.0964039	2494.79	297.28	288.72	1549.229	0.606	0.0538348	2494.79	297.28	288.72	1514.813	0.170	0.000163883	
2504.79	297.28	288.71	1549.247	0.577	0.0941318	2504.79	297.28	288.71	1549.307	0.542	0.0968092	2504.79	297.28	288.71	1549.230	0.608	0.0540078	2504.79	297.28	288.71	1514.814	0.171	0.000162629	
2514.79	297.27	288.71	1549.246	0.577	0.0941245	2514.79	297.27	288.71	1549.307	0.541	0.0965802	2514.79	297.27	288.71	1549.229	0.608	0.0540166	2514.79	297.27	288.71	1514.812	0.172	0.000165081	
2524.79	297.28	288.70	1549.245	0.578	0.09448	2524.79	297.28	288.70	1549.305	0.543	0.0969751	2524.79	297.28	288.70	1549.228	0.609	0.0542071	2524.79	297.28	288.70	1514.812	0.174	0.000167501	
2534.79	297.25	288.69	1549.246	0.576	0.0939707	2534.79	297.25	288.69	1549.306	0.540	0.0964493	2534.79	297.25	288.69	1549.229	0.607	0.0539608	2534.79	297.25	288.69	1514.813	0.172	0.000162482	
2544.79	297.24	288.68	1549.246	0.578	0.0943566	2544.79	297.24	288.68	1549.306	0.542	0.0969214	2544.79	297.24	288.68	1549.229	0.610	0.0541603	2544.79	297.24	288.68	1514.813	0.173	0.000166079	
2554.79	297.23	288.68	1549.246	0.579	0.094694	2554.79	297.23	288.68	1549.306	0.542	0.0971199	2554.79	297.23	288.68	1549.229	0.610	0.0543424	2554.79	297.23	288.68	1514.813	0.171	0.00016351	
2564.79	297.26	288.68	1549.245	0.578	0.0941452	2564.79	297.26	288.68	1549.306	0.542	0.0967091	2564.79	297.26	288.68	1549.228	0.609	0.0540006	2564.79	297.26	288.68	1514.813	0.171	0.000163924	
2574.79	297.29	288.71	1549.245	0.577	0.0941309	2574.79	297.29	288.71	1549.305	0.541	0.0965813	2574.79	297.29	288.71	1549.228	0.608	0.054023	2574.79	297.29	288.71	1514.814	0.174	0.000166244	
2584.79	297.31	288.74	1549.246	0.578	0.0944758	2584.79	297.31	288.74	1549.306	0.543	0.0970266	2584.79	297.31	288.74	1549.229	0.609	0.0541995	2584.79	297.31	288.74	1514.814	0.170	0.000164312	
2594.8	297.31	288.74	1549.246	0.578	0.0943455	2594.8	297.31	288.74	1549.306	0.543	0.0969019	2594.8	297.31	288.74	1549.229	0.609	0.0541268	2594.8	297.31	288.74	1514.814	0.175	0.000165387	
2604.8	297.32	288.75	1549.247	0.578	0.0945354	2604.8	297.32	288.75	1549.307	0.543	0.0971441	2604.8	297.32	288.75	1549.230	0.609	0.0542105	2604.8	297.32	288.75	1514.815	0.173	0.000163545	
2614.8	297.30	288.75	1549.246	0.579	0.0943915	2614.8	297.30	288.75	1549.307	0.543	0.0969993	2614.8	297.30	288.75	1549.229	0.609	0.0541381	2614.8	297.30	288.75	1514.815	0.171	0.000163676	
2624.79	297.32	288.74	1549.246	0.578	0.0942992	2624.79	297.32	288.74	1549.307	0.543	0.0968589	2624.79	297.32	288.74	1549.229	0.609	0.0541005	2624.79	297.32	288.74	1514.813	0.173	0.000163924	
2634.79	297.29	288.72	1549.246	0.575	0.0940671	2634.79	297.29	288.72	1549.305	0.539	0.0965169	2634.79	297.29	288.72	1549.228	0.607	0.0540044	2634.79	297.29	288.72	1514.813	0.172	0.000166147	
2644.79	297.29	288.72	1549.246	0.578	0.0944264	2644.79	297.29	288.72	1549.306	0.542	0.0969345	2644.79	297.29	288.72	1549.229	0.609	0.0541691	2644.79	297.29	288.72	1514.813	0.176	0.000165322	
2654.79	297.27	288.70	1549.245	0.579	0.0944341	2654.79	297.27	288.70	1549.306	0.543	0.0970368	2654.79	297.27	288.70	1549.228	0.610	0.0542044	2654.79	297.27	288.70	1514.812	0.173	0.000166896	
2664.79	297.25	288.68	1549.245	0.577	0.0942834	2664.79	297.25	288.68	1549.305	0.542	0.0968573	2664.79	297.25	288.68	1549.228	0.608	0.0541098	2664.79	297.25	288.68	1514.813	0.173	0.000163886	
2674.79	297.29	288.71	1549.245	0.577	0.0943625	2674.79	297.29	288.71	1549.305	0.542	0.0969034	2674.79	297.29	288.71	1549.228	0.608	0.0541476	2674.79	297.29	288.71	1514.813	0.174	0.000163098	
2684.79	297.28	288.71	1549.247	0.578	0.0945747	2684.79	297.28	288.71	1549.306	0.542	0.0970901	2684.79	297.28	288.71	1549.229	0.610	0.0542522	2684.79	297.28	288.71	1514.813	0.173	0.000165024	
2694.79	297.28	288.71	1549.247	0.578	0.0945485	2694.79	297.28	288.71	1549.307	0.544	0.0972878	2694.79	297.28	288.71	1549.230	0.609	0.05422	2694.79	297.28	288.71	1514.813	0.174	0.000166011	
2704.79	297.28	288.73	1549.246	0.578	0.0943894	2704.79	297.28	288.73	1549.306	0.542	0.0968621	2704.79	297.28	288.73	1549.228	0.609	0.0541212	2704.79	297.28	288.73	1514.813	0.174	0.000165449	
2714.79	297.25	288.69	1549.245	0.576	0.0940935	2714.79	297.25	288.69	1549.305	0.541	0.0966611	2714.79	297.25	288.69	1549.228	0.606	0.0539334	2714.79	297.25	288.69	1514.813	0.172	0.000164503	
2724.8	297.25	288.70	1549.244	0.577	0.0943545	2724.8	297.25	288.70	1549.304	0.542	0.096799	2724.8	297.25	288.70	1549.227	0.607	0.0540386	2724.8	297.25	288.70	1514.813	0.173	0.000165618	
2734.8	297.29	288.73	1549.245	0.576	0.0940928	2734.8	297.29	288.73	1549.305	0.541	0.0965151	2734.8	297.29	288.73	1549.227	0.606	0.0539261	2734.8	297.29	288.73	1514.814	0.174	0.000165215	
2744.8	297.31	288.75	1549.245	0.577	0.0940733	2744.8	297.31	288.75	1549.306	0.542	0.0965242	2744.8	297.31	288.75	1549.228	0.608	0.0539546	2744.8	297.31	288.75	1514.813	0.177	0.000168723	
2754.8	297.34	288.77	1549.247	0.577	0.0942815	2754.8	297.34	288.77	1549.307	0.542	0.0968329	2754.8	297.34	288.77	1549.230	0.609	0.0540821	2754.8	297.34	288.77	1514.813	0.171	0.000165876	
2764.8	297.29	288.76	1549.246	0.577	0.0942646	2764.8	297.29	288.76	1549.307	0.543	0.0968748	2764.8	297.29	288.76	1549.229	0.608	0.05405	2764.8	297.29	288.76	1514.814	0.174	0.000164388	
2774.8	297.31	288.75	1549.246	0.581	0.0948801	2774.8	297.31	288.75	1549.307	0.545	0.097436	2774.8	297.31	288.75	1549.229	0.612	0.0544569	2774.8	297.31	288.75	1514.814	0.172	0.000163859	
2784.8	297.29	288.74	1549.248	0.579	0.0945828	2784.8	297.29	288.74	1549.308	0.543	0.0972503	2784.8	297.29	288.74	1549.230	0.611	0.0543053	2784.8	297.29	288.74	1514.814	0.172	0.000163976	
2794.8	297.27	288.72	1549.246	0.578	0.094434	2794.8	297.27	288.72	1549.306	0.543	0.096987	2794.8	297.27	288.72	1549.228	0.609	0.0541706	2794.8	297.27	288.72	1514.814	0.177	0.00016603	
2804.8	297.28	288.73	1549.244	0.580	0.094542	2804.8	297.28	288.73	1549.305	0.544	0.0970217	2804.8	297.28	288.73	1549.227	0.611	0.0542656	2804.8	297.28	288.73	1514.814	0.174	0.000163905	
2814.8	297.29	288.73	1549.245	0.577	0.0943947	2814.8	297.29	288.73	1549.305	0.542	0.0969389	2814.8	297.29	288.73	1549.228	0.608	0.054166	2814.8	297.29	288.73	1514.812	0.173	0.000163418	
2824.8	297.28	288.73	1549.246	0.577	0.0941944	2824.8	297.28	288.73	1549.306	0.542	0.0967875	2824.8	297.28	288.73	1549.229	0.608	0.0540764	2824.8	297.28	288.73	1514.813	0.170	0.000162169	
2834.8	297.27	288.72	1549.246	0.579	0.0944496	2834.8	297.27	288.72	1549.306	0.544	0.0971055	2834.8	297.27	288.72	1549.229	0.610	0.054195	2834.8	297.27	288.72	1514.812	0.172	0.000166751	
2844.79	297.26	288.71	1549.247	0.579	0.094426	2844.79	297.26	288.71	1549.307	0.543	0.0970498	2844.79	297.26	288.71	1549.229	0.610	0.0541777	2844.79	297.26	288.71	1514.814	0.173	0.00016439	
2854.79	297.30	288.74	1549.245	0.576	0.094174	2854.79	297.30	288.74	1549.305	0.541	0.0966877	2854.79	297.30	288.74	1549.228	0.608	0.0540814	2854.79	297.30	288.74	1514.813	0.173	0.000165663	
2864.8	297.31	288.77	1549.248	0.579	0.0946046	2864.8	297.31	288.77	1549.308	0.544	0.0974043	2864.8	297.31	288.77	1549.231	0.610	0.0543271	2864.8	297.31	288.77	1514.814	0.173	0.000163274	
2874.8	297.31	288.76	1549.247	0.577	0.0943988	2874.8	297.31	288.76	1549.307	0.542	0.0971199	2874.8	297.31	288.76	1549.230	0.608	0.0541816	2874.8	297.31	288.76	1514.813	0.175	0.000165742	
2884.8	297.30	288.77	1549.246	0.576	0.0940477	2884.8	297.30	288.77	1549.306	0.541	0.0966707	2884.8	297.30	288.77	1549.229	0.607	0.0539539	2884.8	297.30	288.77	1514.814	0.173	0.000164882	
2894.8	297.31	288.76	1549.247	0.578	0.0942892	2894.8	297.31	288.76	1549.307	0.543	0.0969532	2894.8	297.31	288.76	1549.230	0.608	0.0540815	2894.8	297.31	288.76	1514.814	0.174	0.00016521	
2904.8	297.28	288.74	1549.246	0.578	0.0945301	2904.8	297.28	288.74	1549.306	0.543	0.0971218	2904.8	297.28	288.74	1549.228	0.609	0.0542081	2904.8	297.28	288.74	1514.814	0.173	0.000163931	
2914.8	297.27	288.72	1549.246	0.578	0.0941989	2914.8	297.27	288.72	1549.307	0.543	0.0969221	2914.8	297.27	288.72	1549.229	0.608	0.0540477	2914.8	297.27	288.72	1514.813	0.173	0.000165245	
2924.8	297.27	288.73	1549.247	0.577	0.094098	2924.8	297.27	288.73	1549.307	0.542	0.0968947	2924.8	297.27	288.73	1549.230	0.607	0.0540239	2924.8	297.27	288.73	1514.813	0.171	0.000166381	
2934.8	297.30	288.73	1549.246	0.578	0.0945295	2934.8	297.30	288.73	1549.306	0.543	0.0971584	2934.8	297.30	288.73	1549.229	0.610	0.0542596	2934.8	297.30	288.73	1514.813	0.173	0.000165137	
2944.8	297.31	288.74	1549.246	0.578	0.0943181	2944.8	297.31	288.74	1549.306	0.543	0.0968415	2944.8	297.31	288.74	1549.228	0.610	0.0541589	2944.8	297.31	288.74	1514.814	0.174	0.000163787	
2954.8	297.30	288.74	1549.246	0.579	0.0944056	2954.8	297.30	288.74	1549.307	0.543	0.0969897	2954.8	297.30	288.74	1549.229	0.610	0.0541974	2954.8	297.30	288.74	1514.813	0.175	0.000164854	
2964.8	297.27	288.73	1549.247	0.578	0.0944862	2964.8	297.27	288.73	1549.307	0.543	0.0971709	2964.8	297.27	288.73	1549.229	0.610	0.0542653	2964.8	297.27	288.73	1514.814	0.173	0.000166207	
2974.8	297.27	288.73	1549.245	0.575	0.0938124	2974.8	297.27	288.73	1549.305	0.539	0.096385	2974.8	297.27	288.73	1549.228	0.607	0.0539371	2974.8	297.27	288.73	1514.814	0.173	0.000164887	
2984.8	297.26	288.71	1549.246	0.579	0.0944587	2984.8	297.26	288.71	1549.306	0.544	0.097226	2984.8	297.26	288.71	1549.229	0.611	0.0542746	2984.8	297.26	288.71	1514.813	0.173	0.000165479	
2994.81	297.28	288.71	1549.246	0.580	0.0946311	2994.81	297.28	288.71	1549.306	0.545	0.0972974	2994.81	297.28	288.71	1549.228	0.612	0.054363	2994.81	297.28	288.71	1514.812	0.174	0.000165932	
3004.81	297.31	288.74	1549.246	0.576	0.0941398	3004.81	297.31	288.74	1549.306	0.541	0.0967254	3004.81	297.31	288.74	1549.229	0.608	0.0540265	3004.81	297.31	288.74	1514.814	0.173	0.000163391	
3014.8	297.31	288.75	1549.246	0.578	0.0942685	3014.8	297.31	288.75	1549.306	0.542	0.0967254	3014.8	297.31	288.75	1549.229	0.609	0.0541556	3014.8	297.31	288.75	1514.814	0.172	0.000164307	
3024.8	297.32	288.76	1549.248	0.577	0.0940778	3024.8	297.32	288.76	1549.308	0.541	0.0967496	3024.8	297.32	288.76	1549.230	0.608	0.0540188	3024.8	297.32	288.76	1514.815	0.174	0.0001646	
3034.8	297.33	288.75	1549.247	0.580	0.0949011	3034.8	297.33	288.75	1549.307	0.545	0.0975647	3034.8	297.33	288.75	1549.230	0.611	0.0544569	3034.8	297.33	288.75	1514.814	0.173	0.000165522	
3044.8	297.32	288.76	1549.247	0.578	0.094422	3044.8	297.32	288.76	1549.307	0.544	0.0971788	3044.8	297.32	288.76	1549.230	0.610	0.0542223	3044.8	297.32	288.76	1514.813	0.175	0.000166201	
3054.8	297.31	288.74	1549.246	0.576	0.0940232	3054.8	297.31	288.74	1549.306	0.541	0.0967045	3054.8	297.31	288.74	1549.229	0.608	0.0540547	3054.8	297.31	288.74	1514.814	0.173	0.000162751	
3064.8	297.31	288.75	1549.246	0.577	0.0942516	3064.8	297.31	288.75	1549.306	0.541	0.0967167	3064.8	297.31	288.75	1549.229	0.609	0.0541602	3064.8	297.31	288.75	1514.813	0.173	0.00016678	
3074.8	297.31	288.74	1549.247	0.578	0.0944088	3074.8	297.31	288.74	1549.307	0.543	0.0970159	3074.8	297.31	288.74	1549.230	0.610	0.0542059	3074.8	297.31	288.74	1514.813	0.170	0.000165095	
3084.8	297.32	288.75	1549.247	0.578	0.0944804	3084.8	297.32	288.75	1549.307	0.543	0.0972019	3084.8	297.32	288.75	1549.229	0.610	0.0543147	3084.8	297.32	288.75	1514.815	0.170	0.00016362	
3094.8	297.30	288.73	1549.247	0.577	0.0941253	3094.8	297.30	288.73	1549.307	0.542	0.0968814	3094.8	297.30	288.73	1549.230	0.609	0.0540913	3094.8	297.30	288.73	1514.814	0.173	0.000165524	
3104.8	297.28	288.71	1549.247	0.579	0.0945596	3104.8	297.28	288.71	1549.307	0.544	0.0973303	3104.8	297.28	288.71	1549.230	0.611	0.0543348	3104.8	297.28	288.71	1514.813	0.174	0.000163371	
3114.81	297.28	288.71	1549.246	0.579	0.0944364	3114.81	297.28	288.71	1549.306	0.543	0.0970911	3114.81	297.28	288.71	1549.229	0.610	0.0542833	3114.81	297.28	288.71	1514.813	0.172	0.000163684	
3124.81	297.24	288.70	1549.246	0.578	0.0942828	3124.81	297.24	288.70	1549.306	0.542	0.0968558	3124.81	297.24	288.70	1549.229	0.609	0.0541694	3124.81	297.24	288.70	1514.814	0.173	0.000164724	
3134.81	297.26	288.70	1549.247	0.577	0.094128	3134.81	297.26	288.70	1549.307	0.542	0.096897	3134.81	297.26	288.70	1549.230	0.608	0.0540549	3134.81	297.26	288.70	1514.813	0.173	0.000166275	
3144.81	297.28	288.70	1549.247	0.581	0.0948508	3144.81	297.28	288.70	1549.307	0.546	0.0976493	3144.81	297.28	288.70	1549.230	0.613	0.0544734	3144.81	297.28	288.70	1514.814	0.173	0.000164098	
3154.81	297.33	288.74	1549.247	0.579	0.0944311	3154.81	297.33	288.74	1549.307	0.544	0.097161	3154.81	297.33	288.74	1549.230	0.611	0.0542719	3154.81	297.33	288.74	1514.813	0.174	0.000167578	
3164.81	297.36	288.77	1549.248	0.578	0.0944994	3164.81	297.36	288.77	1549.308	0.542	0.0971146	3164.81	297.36	288.77	1549.230	0.610	0.0543154	3164.81	297.36	288.77	1514.815	0.170	0.000163088	
3174.8	297.34	288.77	1549.247	0.578	0.0943203	3174.8	297.34	288.77	1549.307	0.543	0.0969829	3174.8	297.34	288.77	1549.230	0.609	0.0541723	3174.8	297.34	288.77	1514.815	0.171	0.000164743	
3184.8	297.33	288.76	1549.247	0.577	0.0942528	3184.8	297.33	288.76	1549.307	0.542	0.0969062	3184.8	297.33	288.76	1549.230	0.609	0.0541888	3184.8	297.33	288.76	1514.813	0.172	0.000165813	
3194.8	297.31	288.75	1549.248	0.579	0.0944569	3194.8	297.31	288.75	1549.308	0.543	0.097217	3194.8	297.31	288.75	1549.231	0.610	0.0542854	3194.8	297.31	288.75	1514.813	0.173	0.000166356	
3204.8	297.30	288.72	1549.247	0.575	0.0938682	3204.8	297.30	288.72	1549.307	0.540	0.0965073	3204.8	297.30	288.72	1549.230	0.607	0.0539334	3204.8	297.30	288.72	1514.814	0.172	0.000166152	
3214.8	297.31	288.73	1549.245	0.578	0.0943868	3214.8	297.31	288.73	1549.305	0.543	0.0969729	3214.8	297.31	288.73	1549.228	0.609	0.0541749	3214.8	297.31	288.73	1514.814	0.173	0.000163021	
3224.8	297.31	288.73	1549.247	0.577	0.094276	3224.8	297.31	288.73	1549.306	0.542	0.0968903	3224.8	297.31	288.73	1549.229	0.608	0.0541303	3224.8	297.31	288.73	1514.812	0.173	0.000166786	
3234.8	297.32	288.74	1549.247	0.579	0.0945767	3234.8	297.32	288.74	1549.307	0.543	0.0972233	3234.8	297.32	288.74	1549.230	0.611	0.0543131	3234.8	297.32	288.74	1514.813	0.173	0.00016399	
3244.8	297.34	288.74	1549.248	0.578	0.0944647	3244.8	297.34	288.74	1549.308	0.543	0.097246	3244.8	297.34	288.74	1549.231	0.609	0.054275	3244.8	297.34	288.74	1514.814	0.173	0.000165405	
3254.81	297.33	288.76	1549.247	0.579	0.0945718	3254.81	297.33	288.76	1549.307	0.543	0.0972237	3254.81	297.33	288.76	1549.230	0.611	0.0543219	3254.81	297.33	288.76	1514.814	0.176	0.000168316	
3264.81	297.32	288.74	1549.247	0.578	0.0945504	3264.81	297.32	288.74	1549.307	0.543	0.097148	3264.81	297.32	288.74	1549.230	0.609	0.0542815	3264.81	297.32	288.74	1514.814	0.175	0.000165571	
3274.81	297.29	288.72	1549.246	0.576	0.0940044	3274.81	297.29	288.72	1549.306	0.540	0.0965111	3274.81	297.29	288.72	1549.229	0.607	0.0539446	3274.81	297.29	288.72	1514.814	0.171	0.000164818	
3284.81	297.27	288.70	1549.247	0.577	0.0940402	3284.81	297.27	288.70	1549.307	0.541	0.0966341	3284.81	297.27	288.70	1549.229	0.608	0.053997	3284.81	297.27	288.70	1514.813	0.172	0.000165241	
3294.81	297.30	288.72	1549.246	0.580	0.0948061	3294.81	297.30	288.72	1549.306	0.545	0.0974947	3294.81	297.30	288.72	1549.229	0.612	0.0544368	3294.81	297.30	288.72	1514.812	0.175	0.000165172	
3304.81	297.34	288.74	1549.246	0.577	0.0942096	3304.81	297.34	288.74	1549.306	0.542	0.0967793	3304.81	297.34	288.74	1549.229	0.609	0.0541155	3304.81	297.34	288.74	1514.813	0.173	0.000166009	
3314.81	297.33	288.75	1549.246	0.577	0.0942406	3314.81	297.33	288.75	1549.306	0.542	0.0968748	3314.81	297.33	288.75	1549.229	0.609	0.0541177	3314.81	297.33	288.75	1514.815	0.171	0.00016482	
3324.81	297.35	288.76	1549.247	0.577	0.0943982	3324.81	297.35	288.76	1549.307	0.542	0.0970684	3324.81	297.35	288.76	1549.230	0.609	0.0542216	3324.81	297.35	288.76	1514.814	0.172	0.000163053	
3334.81	297.34	288.75	1549.248	0.577	0.0939629	3334.81	297.34	288.75	1549.308	0.541	0.0966742	3334.81	297.34	288.75	1549.231	0.609	0.0540193	3334.81	297.34	288.75	1514.814	0.174	0.000165817	
3344.81	297.32	288.74	1549.247	0.576	0.0942326	3344.81	297.32	288.74	1549.307	0.541	0.0968595	3344.81	297.32	288.74	1549.230	0.608	0.0541637	3344.81	297.32	288.74	1514.814	0.174	0.000165987	
3354.8	297.32	288.75	1549.246	0.577	0.0941939	3354.8	297.32	288.75	1549.306	0.542	0.0968319	3354.8	297.32	288.75	1549.229	0.609	0.0540928	3354.8	297.32	288.75	1514.814	0.170	0.000163831	
3364.8	297.32	288.74	1549.246	0.577	0.0941998	3364.8	297.32	288.74	1549.306	0.542	0.0968229	3364.8	297.32	288.74	1549.229	0.608	0.0540664	3364.8	297.32	288.74	1514.814	0.174	0.000164698	
3374.8	297.31	288.72	1549.247	0.579	0.0943635	3374.8	297.31	288.72	1549.308	0.543	0.0970479	3374.8	297.31	288.72	1549.230	0.610	0.0542099	3374.8	297.31	288.72	1514.814	0.172	0.000162908	
3384.8	297.31	288.72	1549.247	0.579	0.0944527	3384.8	297.31	288.72	1549.307	0.544	0.0972011	3384.8	297.31	288.72	1549.229	0.610	0.0542441	3384.8	297.31	288.72	1514.812	0.171	0.00016567	
3394.81	297.33	288.72	1549.246	0.578	0.0943879	3394.81	297.33	288.72	1549.306	0.542	0.0970621	3394.81	297.33	288.72	1549.229	0.609	0.0542302	3394.81	297.33	288.72	1514.813	0.171	0.000163481	
3404.81	297.35	288.74	1549.245	0.578	0.0944979	3404.81	297.35	288.74	1549.306	0.543	0.097112	3404.81	297.35	288.74	1549.228	0.609	0.0542455	3404.81	297.35	288.74	1514.813	0.173	0.000164741	
3414.81	297.35	288.77	1549.247	0.578	0.0942884	3414.81	297.35	288.77	1549.307	0.543	0.0969802	3414.81	297.35	288.77	1549.230	0.610	0.0541686	3414.81	297.35	288.77	1514.815	0.173	0.000164464	
3424.81	297.34	288.75	1549.249	0.580	0.0945529	3424.81	297.34	288.75	1549.309	0.544	0.0972686	3424.81	297.34	288.75	1549.231	0.612	0.0543585	3424.81	297.34	288.75	1514.814	0.175	0.000165126	
3434.81	297.35	288.77	1549.247	0.577	0.0943952	3434.81	297.35	288.77	1549.307	0.542	0.0971003	3434.81	297.35	288.77	1549.230	0.609	0.0541992	3434.81	297.35	288.77	1514.814	0.174	0.000167039	
3444.81	297.36	288.77	1549.248	0.578	0.0942883	3444.81	297.36	288.77	1549.308	0.542	0.097023	3444.81	297.36	288.77	1549.231	0.610	0.0541863	3444.81	297.36	288.77	1514.814	0.172	0.000166026	
3454.81	297.36	288.76	1549.248	0.577	0.094215	3454.81	297.36	288.76	1549.307	0.542	0.09695	3454.81	297.36	288.76	1549.230	0.610	0.0541688	3454.81	297.36	288.76	1514.814	0.173	0.000164035	
3464.81	297.34	288.75	1549.247	0.578	0.0945587	3464.81	297.34	288.75	1549.307	0.543	0.097291	3464.81	297.34	288.75	1549.230	0.610	0.0543211	3464.81	297.34	288.75	1514.814	0.174	0.000164893	
3474.81	297.35	288.75	1549.248	0.577	0.0941771	3474.81	297.35	288.75	1549.307	0.542	0.096912	3474.81	297.35	288.75	1549.231	0.608	0.0540712	3474.81	297.35	288.75	1514.813	0.175	0.000166392	
3484.81	297.33	288.75	1549.247	0.576	0.0939864	3484.81	297.33	288.75	1549.307	0.540	0.0967032	3484.81	297.33	288.75	1549.230	0.608	0.0540328	3484.81	297.33	288.75	1514.813	0.174	0.000165503	
3494.81	297.35	288.75	1549.246	0.579	0.0943192	3494.81	297.35	288.75	1549.306	0.543	0.0968428	3494.81	297.35	288.75	1549.228	0.611	0.0541999	3494.81	297.35	288.75	1514.814	0.173	0.000163459	
3504.81	297.32	288.73	1549.246	0.574	0.0936439	3504.81	297.32	288.73	1549.306	0.539	0.0962774	3504.81	297.32	288.73	1549.229	0.606	0.0538514	3504.81	297.32	288.73	1514.815	0.173	0.000163407	
3514.81	297.32	288.71	1549.246	0.577	0.0942033	3514.81	297.32	288.71	1549.306	0.542	0.0968849	3514.81	297.32	288.71	1549.229	0.609	0.0541599	3514.81	297.32	288.71	1514.814	0.175	0.000165725	
3524.81	297.29	288.71	1549.247	0.579	0.0944316	3524.81	297.29	288.71	1549.307	0.543	0.0971374	3524.81	297.29	288.71	1549.229	0.611	0.0542894	3524.81	297.29	288.71	1514.814	0.171	0.000162645	
3534.82	297.32	288.72	1549.247	0.578	0.0943253	3534.82	297.32	288.72	1549.307	0.542	0.0969782	3534.82	297.32	288.72	1549.230	0.610	0.0542266	3534.82	297.32	288.72	1514.814	0.173	0.000162951	
3544.81	297.33	288.74	1549.246	0.577	0.0941814	3544.81	297.33	288.74	1549.306	0.542	0.0968255	3544.81	297.33	288.74	1549.228	0.610	0.0541341	3544.81	297.33	288.74	1514.814	0.172	0.000163974	
3554.81	297.33	288.77	1549.247	0.577	0.0941576	3554.81	297.33	288.77	1549.307	0.542	0.0968954	3554.81	297.33	288.77	1549.230	0.609	0.0541234	3554.81	297.33	288.77	1514.815	0.174	0.000164668	
3564.81	297.36	288.77	1549.246	0.581	0.0947635	3564.81	297.36	288.77	1549.307	0.546	0.0973565	3564.81	297.36	288.77	1549.229	0.612	0.0544104	3564.81	297.36	288.77	1514.814	0.174	0.000164532	
3574.81	297.36	288.79	1549.247	0.576	0.0940301	3574.81	297.36	288.79	1549.307	0.541	0.0968319	3574.81	297.36	288.79	1549.230	0.608	0.0540534	3574.81	297.36	288.79	1514.814	0.173	0.000166282	
3584.81	297.37	288.77	1549.247	0.577	0.0939957	3584.81	297.37	288.77	1549.307	0.541	0.0965694	3584.81	297.37	288.77	1549.230	0.608	0.0539826	3584.81	297.37	288.77	1514.815	0.174	0.000164689	
3594.81	297.37	288.78	1549.248	0.577	0.0940688	3594.81	297.37	288.78	1549.308	0.541	0.0967886	3594.81	297.37	288.78	1549.231	0.608	0.0540555	3594.81	297.37	288.78	1514.815	0.174	0.000163067	
3604.82	297.32	288.75	1549.247	0.580	0.0946987	3604.82	297.32	288.75	1549.307	0.544	0.0973981	3604.82	297.32	288.75	1549.230	0.610	0.0543507	3604.82	297.32	288.75	1514.813	0.169	0.000165595	
3614.82	297.36	288.75	1549.248	0.578	0.094433	3614.82	297.36	288.75	1549.308	0.542	0.097131	3614.82	297.36	288.75	1549.231	0.609	0.0542166	3614.82	297.36	288.75	1514.814	0.174	0.000163671	
3624.82	297.37	288.77	1549.246	0.577	0.0941728	3624.82	297.37	288.77	1549.306	0.542	0.0969187	3624.82	297.37	288.77	1549.229	0.607	0.0540905	3624.82	297.37	288.77	1514.815	0.173	0.000166032	
3634.82	297.39	288.79	1549.248	0.577	0.0942295	3634.82	297.39	288.79	1549.308	0.543	0.0970346	3634.82	297.39	288.79	1549.230	0.608	0.0540751	3634.82	297.39	288.79	1514.814	0.172	0.00016315	
3644.81	297.41	288.81	1549.248	0.579	0.0945214	3644.81	297.41	288.81	1549.308	0.544	0.0973472	3644.81	297.41	288.81	1549.231	0.610	0.0542687	3644.81	297.41	288.81	1514.814	0.173	0.000164345	
